<?xml version="1.0" encoding="UTF-8"?>
<!-- Generated by org.testng.reporters.JUnitXMLReporter -->
<testsuite hostname="DESKTOP-CSC3PTP" ignored="0" name="Test" tests="1" failures="0" timestamp="2023-05-16T22:00:59 IST" time="21.43" errors="0">
  <testcase name="@BeforeMethod preCondition" time="18.921" classname="com.framework.testng.api.base.ProjectSpecificMethods">
    <failure type="java.lang.StackOverflowError">
      <![CDATA[java.lang.StackOverflowError
at com.framework.selenium.api.base.SeleniumBase.takeSnap(SeleniumBase.java:840)
at com.framework.utils.Reporter.reportStep(Reporter.java:87)
at com.framework.utils.Reporter.reportStep(Reporter.java:110)
at com.framework.selenium.api.base.SeleniumBase.takeSnap(SeleniumBase.java:848)
at com.framework.utils.Reporter.reportStep(Reporter.java:87)
at com.framework.utils.Reporter.reportStep(Reporter.java:110)
at com.framework.selenium.api.base.SeleniumBase.takeSnap(SeleniumBase.java:848)
at com.framework.utils.Reporter.reportStep(Reporter.java:87)
at com.framework.utils.Reporter.reportStep(Reporter.java:110)
at com.framework.selenium.api.base.SeleniumBase.takeSnap(SeleniumBase.java:848)
at com.framework.utils.Reporter.reportStep(Reporter.java:87)
at com.framework.utils.Reporter.reportStep(Reporter.java:110)
at com.framework.selenium.api.base.SeleniumBase.takeSnap(SeleniumBase.java:848)
at com.framework.utils.Reporter.reportStep(Reporter.java:87)
at com.framework.utils.Reporter.reportStep(Reporter.java:110)
at com.framework.selenium.api.base.SeleniumBase.takeSnap(SeleniumBase.java:848)
at com.framework.utils.Reporter.reportStep(Reporter.java:87)
at com.framework.utils.Reporter.reportStep(Reporter.java:110)
at com.framework.selenium.api.base.SeleniumBase.takeSnap(SeleniumBase.java:848)
at com.framework.utils.Reporter.reportStep(Reporter.java:87)
at com.framework.utils.Reporter.reportStep(Reporter.java:110)
at com.framework.selenium.api.base.SeleniumBase.takeSnap(SeleniumBase.java:848)
at com.framework.utils.Reporter.reportStep(Reporter.java:87)
at com.framework.utils.Reporter.reportStep(Reporter.java:110)
at com.framework.selenium.api.base.SeleniumBase.takeSnap(SeleniumBase.java:848)
at com.framework.utils.Reporter.reportStep(Reporter.java:87)
at com.framework.utils.Reporter.reportStep(Reporter.java:110)
at com.framework.selenium.api.base.SeleniumBase.takeSnap(SeleniumBase.java:848)
at com.framework.utils.Reporter.reportStep(Reporter.java:87)
at com.framework.utils.Reporter.reportStep(Reporter.java:110)
at com.framework.selenium.api.base.SeleniumBase.takeSnap(SeleniumBase.java:848)
at com.framework.utils.Reporter.reportStep(Reporter.java:87)
at com.framework.utils.Reporter.reportStep(Reporter.java:110)
at com.framework.selenium.api.base.SeleniumBase.takeSnap(SeleniumBase.java:848)
at com.framework.utils.Reporter.reportStep(Reporter.java:87)
at com.framework.utils.Reporter.reportStep(Reporter.java:110)
at com.framework.selenium.api.base.SeleniumBase.takeSnap(SeleniumBase.java:848)
at com.framework.utils.Reporter.reportStep(Reporter.java:87)
at com.framework.utils.Reporter.reportStep(Reporter.java:110)
at com.framework.selenium.api.base.SeleniumBase.takeSnap(SeleniumBase.java:848)
at com.framework.utils.Reporter.reportStep(Reporter.java:87)
at com.framework.utils.Reporter.reportStep(Reporter.java:110)
at com.framework.selenium.api.base.SeleniumBase.takeSnap(SeleniumBase.java:848)
at com.framework.utils.Reporter.reportStep(Reporter.java:87)
at com.framework.utils.Reporter.reportStep(Reporter.java:110)
at com.framework.selenium.api.base.SeleniumBase.takeSnap(SeleniumBase.java:848)
at com.framework.utils.Reporter.reportStep(Reporter.java:87)
at com.framework.utils.Reporter.reportStep(Reporter.java:110)
at com.framework.selenium.api.base.SeleniumBase.takeSnap(SeleniumBase.java:848)
at com.framework.utils.Reporter.reportStep(Reporter.java:87)
at com.framework.utils.Reporter.reportStep(Reporter.java:110)
at com.framework.selenium.api.base.SeleniumBase.takeSnap(SeleniumBase.java:848)
at com.framework.utils.Reporter.reportStep(Reporter.java:87)
at com.framework.utils.Reporter.reportStep(Reporter.java:110)
at com.framework.selenium.api.base.SeleniumBase.takeSnap(SeleniumBase.java:848)
at com.framework.utils.Reporter.reportStep(Reporter.java:87)
at com.framework.utils.Reporter.reportStep(Reporter.java:110)
at com.framework.selenium.api.base.SeleniumBase.takeSnap(SeleniumBase.java:848)
at com.framework.utils.Reporter.reportStep(Reporter.java:87)
at com.framework.utils.Reporter.reportStep(Reporter.java:110)
at com.framework.selenium.api.base.SeleniumBase.takeSnap(SeleniumBase.java:848)
at com.framework.utils.Reporter.reportStep(Reporter.java:87)
at com.framework.utils.Reporter.reportStep(Reporter.java:110)
at com.framework.selenium.api.base.SeleniumBase.takeSnap(SeleniumBase.java:848)
at com.framework.utils.Reporter.reportStep(Reporter.java:87)
at com.framework.utils.Reporter.reportStep(Reporter.java:110)
at com.framework.selenium.api.base.SeleniumBase.takeSnap(SeleniumBase.java:848)
at com.framework.utils.Reporter.reportStep(Reporter.java:87)
at com.framework.utils.Reporter.reportStep(Reporter.java:110)
at com.framework.selenium.api.base.SeleniumBase.takeSnap(SeleniumBase.java:848)
at com.framework.utils.Reporter.reportStep(Reporter.java:87)
at com.framework.utils.Reporter.reportStep(Reporter.java:110)
at com.framework.selenium.api.base.SeleniumBase.takeSnap(SeleniumBase.java:848)
at com.framework.utils.Reporter.reportStep(Reporter.java:87)
at com.framework.utils.Reporter.reportStep(Reporter.java:110)
at com.framework.selenium.api.base.SeleniumBase.takeSnap(SeleniumBase.java:848)
at com.framework.utils.Reporter.reportStep(Reporter.java:87)
at com.framework.utils.Reporter.reportStep(Reporter.java:110)
at com.framework.selenium.api.base.SeleniumBase.takeSnap(SeleniumBase.java:848)
at com.framework.utils.Reporter.reportStep(Reporter.java:87)
at com.framework.utils.Reporter.reportStep(Reporter.java:110)
at com.framework.selenium.api.base.SeleniumBase.takeSnap(SeleniumBase.java:848)
at com.framework.utils.Reporter.reportStep(Reporter.java:87)
at com.framework.utils.Reporter.reportStep(Reporter.java:110)
at com.framework.selenium.api.base.SeleniumBase.takeSnap(SeleniumBase.java:848)
at com.framework.utils.Reporter.reportStep(Reporter.java:87)
at com.framework.utils.Reporter.reportStep(Reporter.java:110)
at com.framework.selenium.api.base.SeleniumBase.takeSnap(SeleniumBase.java:848)
at com.framework.utils.Reporter.reportStep(Reporter.java:87)
at com.framework.utils.Reporter.reportStep(Reporter.java:110)
at com.framework.selenium.api.base.SeleniumBase.takeSnap(SeleniumBase.java:848)
at com.framework.utils.Reporter.reportStep(Reporter.java:87)
at com.framework.utils.Reporter.reportStep(Reporter.java:110)
at com.framework.selenium.api.base.SeleniumBase.takeSnap(SeleniumBase.java:848)
at com.framework.utils.Reporter.reportStep(Reporter.java:87)
at com.framework.utils.Reporter.reportStep(Reporter.java:110)
at com.framework.selenium.api.base.SeleniumBase.takeSnap(SeleniumBase.java:848)
at com.framework.utils.Reporter.reportStep(Reporter.java:87)
at com.framework.utils.Reporter.reportStep(Reporter.java:110)
at com.framework.selenium.api.base.SeleniumBase.takeSnap(SeleniumBase.java:848)
at com.framework.utils.Reporter.reportStep(Reporter.java:87)
at com.framework.utils.Reporter.reportStep(Reporter.java:110)
at com.framework.selenium.api.base.SeleniumBase.takeSnap(SeleniumBase.java:848)
at com.framework.utils.Reporter.reportStep(Reporter.java:87)
at com.framework.utils.Reporter.reportStep(Reporter.java:110)
at com.framework.selenium.api.base.SeleniumBase.takeSnap(SeleniumBase.java:848)
at com.framework.utils.Reporter.reportStep(Reporter.java:87)
at com.framework.utils.Reporter.reportStep(Reporter.java:110)
at com.framework.selenium.api.base.SeleniumBase.takeSnap(SeleniumBase.java:848)
at com.framework.utils.Reporter.reportStep(Reporter.java:87)
at com.framework.utils.Reporter.reportStep(Reporter.java:110)
at com.framework.selenium.api.base.SeleniumBase.takeSnap(SeleniumBase.java:848)
at com.framework.utils.Reporter.reportStep(Reporter.java:87)
at com.framework.utils.Reporter.reportStep(Reporter.java:110)
at com.framework.selenium.api.base.SeleniumBase.takeSnap(SeleniumBase.java:848)
at com.framework.utils.Reporter.reportStep(Reporter.java:87)
at com.framework.utils.Reporter.reportStep(Reporter.java:110)
at com.framework.selenium.api.base.SeleniumBase.takeSnap(SeleniumBase.java:848)
at com.framework.utils.Reporter.reportStep(Reporter.java:87)
at com.framework.utils.Reporter.reportStep(Reporter.java:110)
at com.framework.selenium.api.base.SeleniumBase.takeSnap(SeleniumBase.java:848)
at com.framework.utils.Reporter.reportStep(Reporter.java:87)
at com.framework.utils.Reporter.reportStep(Reporter.java:110)
at com.framework.selenium.api.base.SeleniumBase.takeSnap(SeleniumBase.java:848)
at com.framework.utils.Reporter.reportStep(Reporter.java:87)
at com.framework.utils.Reporter.reportStep(Reporter.java:110)
at com.framework.selenium.api.base.SeleniumBase.takeSnap(SeleniumBase.java:848)
at com.framework.utils.Reporter.reportStep(Reporter.java:87)
at com.framework.utils.Reporter.reportStep(Reporter.java:110)
at com.framework.selenium.api.base.SeleniumBase.takeSnap(SeleniumBase.java:848)
at com.framework.utils.Reporter.reportStep(Reporter.java:87)
at com.framework.utils.Reporter.reportStep(Reporter.java:110)
at com.framework.selenium.api.base.SeleniumBase.takeSnap(SeleniumBase.java:848)
at com.framework.utils.Reporter.reportStep(Reporter.java:87)
at com.framework.utils.Reporter.reportStep(Reporter.java:110)
at com.framework.selenium.api.base.SeleniumBase.takeSnap(SeleniumBase.java:848)
at com.framework.utils.Reporter.reportStep(Reporter.java:87)
at com.framework.utils.Reporter.reportStep(Reporter.java:110)
at com.framework.selenium.api.base.SeleniumBase.takeSnap(SeleniumBase.java:848)
at com.framework.utils.Reporter.reportStep(Reporter.java:87)
at com.framework.utils.Reporter.reportStep(Reporter.java:110)
at com.framework.selenium.api.base.SeleniumBase.takeSnap(SeleniumBase.java:848)
at com.framework.utils.Reporter.reportStep(Reporter.java:87)
at com.framework.utils.Reporter.reportStep(Reporter.java:110)
at com.framework.selenium.api.base.SeleniumBase.takeSnap(SeleniumBase.java:848)
at com.framework.utils.Reporter.reportStep(Reporter.java:87)
at com.framework.utils.Reporter.reportStep(Reporter.java:110)
at com.framework.selenium.api.base.SeleniumBase.takeSnap(SeleniumBase.java:848)
at com.framework.utils.Reporter.reportStep(Reporter.java:87)
at com.framework.utils.Reporter.reportStep(Reporter.java:110)
at com.framework.selenium.api.base.SeleniumBase.takeSnap(SeleniumBase.java:848)
at com.framework.utils.Reporter.reportStep(Reporter.java:87)
at com.framework.utils.Reporter.reportStep(Reporter.java:110)
at com.framework.selenium.api.base.SeleniumBase.takeSnap(SeleniumBase.java:848)
at com.framework.utils.Reporter.reportStep(Reporter.java:87)
at com.framework.utils.Reporter.reportStep(Reporter.java:110)
at com.framework.selenium.api.base.SeleniumBase.takeSnap(SeleniumBase.java:848)
at com.framework.utils.Reporter.reportStep(Reporter.java:87)
at com.framework.utils.Reporter.reportStep(Reporter.java:110)
at com.framework.selenium.api.base.SeleniumBase.takeSnap(SeleniumBase.java:848)
at com.framework.utils.Reporter.reportStep(Reporter.java:87)
at com.framework.utils.Reporter.reportStep(Reporter.java:110)
at com.framework.selenium.api.base.SeleniumBase.takeSnap(SeleniumBase.java:848)
at com.framework.utils.Reporter.reportStep(Reporter.java:87)
at com.framework.utils.Reporter.reportStep(Reporter.java:110)
at com.framework.selenium.api.base.SeleniumBase.takeSnap(SeleniumBase.java:848)
at com.framework.utils.Reporter.reportStep(Reporter.java:87)
at com.framework.utils.Reporter.reportStep(Reporter.java:110)
at com.framework.selenium.api.base.SeleniumBase.takeSnap(SeleniumBase.java:848)
at com.framework.utils.Reporter.reportStep(Reporter.java:87)
at com.framework.utils.Reporter.reportStep(Reporter.java:110)
at com.framework.selenium.api.base.SeleniumBase.takeSnap(SeleniumBase.java:848)
at com.framework.utils.Reporter.reportStep(Reporter.java:87)
at com.framework.utils.Reporter.reportStep(Reporter.java:110)
at com.framework.selenium.api.base.SeleniumBase.takeSnap(SeleniumBase.java:848)
at com.framework.utils.Reporter.reportStep(Reporter.java:87)
at com.framework.utils.Reporter.reportStep(Reporter.java:110)
at com.framework.selenium.api.base.SeleniumBase.takeSnap(SeleniumBase.java:848)
at com.framework.utils.Reporter.reportStep(Reporter.java:87)
at com.framework.utils.Reporter.reportStep(Reporter.java:110)
at com.framework.selenium.api.base.SeleniumBase.takeSnap(SeleniumBase.java:848)
at com.framework.utils.Reporter.reportStep(Reporter.java:87)
at com.framework.utils.Reporter.reportStep(Reporter.java:110)
at com.framework.selenium.api.base.SeleniumBase.takeSnap(SeleniumBase.java:848)
at com.framework.utils.Reporter.reportStep(Reporter.java:87)
at com.framework.utils.Reporter.reportStep(Reporter.java:110)
at com.framework.selenium.api.base.SeleniumBase.takeSnap(SeleniumBase.java:848)
at com.framework.utils.Reporter.reportStep(Reporter.java:87)
at com.framework.utils.Reporter.reportStep(Reporter.java:110)
at com.framework.selenium.api.base.SeleniumBase.takeSnap(SeleniumBase.java:848)
at com.framework.utils.Reporter.reportStep(Reporter.java:87)
at com.framework.utils.Reporter.reportStep(Reporter.java:110)
at com.framework.selenium.api.base.SeleniumBase.takeSnap(SeleniumBase.java:848)
at com.framework.utils.Reporter.reportStep(Reporter.java:87)
at com.framework.utils.Reporter.reportStep(Reporter.java:110)
at com.framework.selenium.api.base.SeleniumBase.takeSnap(SeleniumBase.java:848)
at com.framework.utils.Reporter.reportStep(Reporter.java:87)
at com.framework.utils.Reporter.reportStep(Reporter.java:110)
at com.framework.selenium.api.base.SeleniumBase.takeSnap(SeleniumBase.java:848)
at com.framework.utils.Reporter.reportStep(Reporter.java:87)
at com.framework.utils.Reporter.reportStep(Reporter.java:110)
at com.framework.selenium.api.base.SeleniumBase.takeSnap(SeleniumBase.java:848)
at com.framework.utils.Reporter.reportStep(Reporter.java:87)
at com.framework.utils.Reporter.reportStep(Reporter.java:110)
at com.framework.selenium.api.base.SeleniumBase.takeSnap(SeleniumBase.java:848)
at com.framework.utils.Reporter.reportStep(Reporter.java:87)
at com.framework.utils.Reporter.reportStep(Reporter.java:110)
at com.framework.selenium.api.base.SeleniumBase.takeSnap(SeleniumBase.java:848)
at com.framework.utils.Reporter.reportStep(Reporter.java:87)
at com.framework.utils.Reporter.reportStep(Reporter.java:110)
at com.framework.selenium.api.base.SeleniumBase.takeSnap(SeleniumBase.java:848)
at com.framework.utils.Reporter.reportStep(Reporter.java:87)
at com.framework.utils.Reporter.reportStep(Reporter.java:110)
at com.framework.selenium.api.base.SeleniumBase.takeSnap(SeleniumBase.java:848)
at com.framework.utils.Reporter.reportStep(Reporter.java:87)
at com.framework.utils.Reporter.reportStep(Reporter.java:110)
at com.framework.selenium.api.base.SeleniumBase.takeSnap(SeleniumBase.java:848)
at com.framework.utils.Reporter.reportStep(Reporter.java:87)
at com.framework.utils.Reporter.reportStep(Reporter.java:110)
at com.framework.selenium.api.base.SeleniumBase.takeSnap(SeleniumBase.java:848)
at com.framework.utils.Reporter.reportStep(Reporter.java:87)
at com.framework.utils.Reporter.reportStep(Reporter.java:110)
at com.framework.selenium.api.base.SeleniumBase.takeSnap(SeleniumBase.java:848)
at com.framework.utils.Reporter.reportStep(Reporter.java:87)
at com.framework.utils.Reporter.reportStep(Reporter.java:110)
at com.framework.selenium.api.base.SeleniumBase.takeSnap(SeleniumBase.java:848)
at com.framework.utils.Reporter.reportStep(Reporter.java:87)
at com.framework.utils.Reporter.reportStep(Reporter.java:110)
at com.framework.selenium.api.base.SeleniumBase.takeSnap(SeleniumBase.java:848)
at com.framework.utils.Reporter.reportStep(Reporter.java:87)
at com.framework.utils.Reporter.reportStep(Reporter.java:110)
at com.framework.selenium.api.base.SeleniumBase.takeSnap(SeleniumBase.java:848)
at com.framework.utils.Reporter.reportStep(Reporter.java:87)
at com.framework.utils.Reporter.reportStep(Reporter.java:110)
at com.framework.selenium.api.base.SeleniumBase.takeSnap(SeleniumBase.java:848)
at com.framework.utils.Reporter.reportStep(Reporter.java:87)
at com.framework.utils.Reporter.reportStep(Reporter.java:110)
at com.framework.selenium.api.base.SeleniumBase.takeSnap(SeleniumBase.java:848)
at com.framework.utils.Reporter.reportStep(Reporter.java:87)
at com.framework.utils.Reporter.reportStep(Reporter.java:110)
at com.framework.selenium.api.base.SeleniumBase.takeSnap(SeleniumBase.java:848)
at com.framework.utils.Reporter.reportStep(Reporter.java:87)
at com.framework.utils.Reporter.reportStep(Reporter.java:110)
at com.framework.selenium.api.base.SeleniumBase.takeSnap(SeleniumBase.java:848)
at com.framework.utils.Reporter.reportStep(Reporter.java:87)
at com.framework.utils.Reporter.reportStep(Reporter.java:110)
at com.framework.selenium.api.base.SeleniumBase.takeSnap(SeleniumBase.java:848)
at com.framework.utils.Reporter.reportStep(Reporter.java:87)
at com.framework.utils.Reporter.reportStep(Reporter.java:110)
at com.framework.selenium.api.base.SeleniumBase.takeSnap(SeleniumBase.java:848)
at com.framework.utils.Reporter.reportStep(Reporter.java:87)
at com.framework.utils.Reporter.reportStep(Reporter.java:110)
at com.framework.selenium.api.base.SeleniumBase.takeSnap(SeleniumBase.java:848)
at com.framework.utils.Reporter.reportStep(Reporter.java:87)
at com.framework.utils.Reporter.reportStep(Reporter.java:110)
at com.framework.selenium.api.base.SeleniumBase.takeSnap(SeleniumBase.java:848)
at com.framework.utils.Reporter.reportStep(Reporter.java:87)
at com.framework.utils.Reporter.reportStep(Reporter.java:110)
at com.framework.selenium.api.base.SeleniumBase.takeSnap(SeleniumBase.java:848)
at com.framework.utils.Reporter.reportStep(Reporter.java:87)
at com.framework.utils.Reporter.reportStep(Reporter.java:110)
at com.framework.selenium.api.base.SeleniumBase.takeSnap(SeleniumBase.java:848)
at com.framework.utils.Reporter.reportStep(Reporter.java:87)
at com.framework.utils.Reporter.reportStep(Reporter.java:110)
at com.framework.selenium.api.base.SeleniumBase.takeSnap(SeleniumBase.java:848)
at com.framework.utils.Reporter.reportStep(Reporter.java:87)
at com.framework.utils.Reporter.reportStep(Reporter.java:110)
at com.framework.selenium.api.base.SeleniumBase.takeSnap(SeleniumBase.java:848)
at com.framework.utils.Reporter.reportStep(Reporter.java:87)
at com.framework.utils.Reporter.reportStep(Reporter.java:110)
at com.framework.selenium.api.base.SeleniumBase.takeSnap(SeleniumBase.java:848)
at com.framework.utils.Reporter.reportStep(Reporter.java:87)
at com.framework.utils.Reporter.reportStep(Reporter.java:110)
at com.framework.selenium.api.base.SeleniumBase.takeSnap(SeleniumBase.java:848)
at com.framework.utils.Reporter.reportStep(Reporter.java:87)
at com.framework.utils.Reporter.reportStep(Reporter.java:110)
at com.framework.selenium.api.base.SeleniumBase.takeSnap(SeleniumBase.java:848)
at com.framework.utils.Reporter.reportStep(Reporter.java:87)
at com.framework.utils.Reporter.reportStep(Reporter.java:110)
at com.framework.selenium.api.base.SeleniumBase.takeSnap(SeleniumBase.java:848)
at com.framework.utils.Reporter.reportStep(Reporter.java:87)
at com.framework.utils.Reporter.reportStep(Reporter.java:110)
at com.framework.selenium.api.base.SeleniumBase.takeSnap(SeleniumBase.java:848)
at com.framework.utils.Reporter.reportStep(Reporter.java:87)
at com.framework.utils.Reporter.reportStep(Reporter.java:110)
at com.framework.selenium.api.base.SeleniumBase.takeSnap(SeleniumBase.java:848)
at com.framework.utils.Reporter.reportStep(Reporter.java:87)
at com.framework.utils.Reporter.reportStep(Reporter.java:110)
at com.framework.selenium.api.base.SeleniumBase.takeSnap(SeleniumBase.java:848)
at com.framework.utils.Reporter.reportStep(Reporter.java:87)
at com.framework.utils.Reporter.reportStep(Reporter.java:110)
at com.framework.selenium.api.base.SeleniumBase.takeSnap(SeleniumBase.java:848)
at com.framework.utils.Reporter.reportStep(Reporter.java:87)
at com.framework.utils.Reporter.reportStep(Reporter.java:110)
at com.framework.selenium.api.base.SeleniumBase.takeSnap(SeleniumBase.java:848)
at com.framework.utils.Reporter.reportStep(Reporter.java:87)
at com.framework.utils.Reporter.reportStep(Reporter.java:110)
at com.framework.selenium.api.base.SeleniumBase.takeSnap(SeleniumBase.java:848)
at com.framework.utils.Reporter.reportStep(Reporter.java:87)
at com.framework.utils.Reporter.reportStep(Reporter.java:110)
at com.framework.selenium.api.base.SeleniumBase.takeSnap(SeleniumBase.java:848)
at com.framework.utils.Reporter.reportStep(Reporter.java:87)
at com.framework.utils.Reporter.reportStep(Reporter.java:110)
at com.framework.selenium.api.base.SeleniumBase.takeSnap(SeleniumBase.java:848)
at com.framework.utils.Reporter.reportStep(Reporter.java:87)
at com.framework.utils.Reporter.reportStep(Reporter.java:110)
at com.framework.selenium.api.base.SeleniumBase.takeSnap(SeleniumBase.java:848)
at com.framework.utils.Reporter.reportStep(Reporter.java:87)
at com.framework.utils.Reporter.reportStep(Reporter.java:110)
at com.framework.selenium.api.base.SeleniumBase.takeSnap(SeleniumBase.java:848)
at com.framework.utils.Reporter.reportStep(Reporter.java:87)
at com.framework.utils.Reporter.reportStep(Reporter.java:110)
at com.framework.selenium.api.base.SeleniumBase.takeSnap(SeleniumBase.java:848)
at com.framework.utils.Reporter.reportStep(Reporter.java:87)
at com.framework.utils.Reporter.reportStep(Reporter.java:110)
at com.framework.selenium.api.base.SeleniumBase.takeSnap(SeleniumBase.java:848)
at com.framework.utils.Reporter.reportStep(Reporter.java:87)
at com.framework.utils.Reporter.reportStep(Reporter.java:110)
at com.framework.selenium.api.base.SeleniumBase.takeSnap(SeleniumBase.java:848)
at com.framework.utils.Reporter.reportStep(Reporter.java:87)
at com.framework.utils.Reporter.reportStep(Reporter.java:110)
at com.framework.selenium.api.base.SeleniumBase.takeSnap(SeleniumBase.java:848)
at com.framework.utils.Reporter.reportStep(Reporter.java:87)
at com.framework.utils.Reporter.reportStep(Reporter.java:110)
at com.framework.selenium.api.base.SeleniumBase.takeSnap(SeleniumBase.java:848)
at com.framework.utils.Reporter.reportStep(Reporter.java:87)
at com.framework.utils.Reporter.reportStep(Reporter.java:110)
at com.framework.selenium.api.base.SeleniumBase.takeSnap(SeleniumBase.java:848)
at com.framework.utils.Reporter.reportStep(Reporter.java:87)
at com.framework.utils.Reporter.reportStep(Reporter.java:110)
at com.framework.selenium.api.base.SeleniumBase.takeSnap(SeleniumBase.java:848)
at com.framework.utils.Reporter.reportStep(Reporter.java:87)
at com.framework.utils.Reporter.reportStep(Reporter.java:110)
at com.framework.selenium.api.base.SeleniumBase.takeSnap(SeleniumBase.java:848)
at com.framework.utils.Reporter.reportStep(Reporter.java:87)
at com.framework.utils.Reporter.reportStep(Reporter.java:110)
at com.framework.selenium.api.base.SeleniumBase.takeSnap(SeleniumBase.java:848)
at com.framework.utils.Reporter.reportStep(Reporter.java:87)
at com.framework.utils.Reporter.reportStep(Reporter.java:110)
at com.framework.selenium.api.base.SeleniumBase.takeSnap(SeleniumBase.java:848)
at com.framework.utils.Reporter.reportStep(Reporter.java:87)
at com.framework.utils.Reporter.reportStep(Reporter.java:110)
at com.framework.selenium.api.base.SeleniumBase.takeSnap(SeleniumBase.java:848)
at com.framework.utils.Reporter.reportStep(Reporter.java:87)
at com.framework.utils.Reporter.reportStep(Reporter.java:110)
at com.framework.selenium.api.base.SeleniumBase.takeSnap(SeleniumBase.java:848)
at com.framework.utils.Reporter.reportStep(Reporter.java:87)
at com.framework.utils.Reporter.reportStep(Reporter.java:110)
at com.framework.selenium.api.base.SeleniumBase.takeSnap(SeleniumBase.java:848)
at com.framework.utils.Reporter.reportStep(Reporter.java:87)
at com.framework.utils.Reporter.reportStep(Reporter.java:110)
at com.framework.selenium.api.base.SeleniumBase.takeSnap(SeleniumBase.java:848)
at com.framework.utils.Reporter.reportStep(Reporter.java:87)
at com.framework.utils.Reporter.reportStep(Reporter.java:110)
at com.framework.selenium.api.base.SeleniumBase.takeSnap(SeleniumBase.java:848)
at com.framework.utils.Reporter.reportStep(Reporter.java:87)
at com.framework.utils.Reporter.reportStep(Reporter.java:110)
at com.framework.selenium.api.base.SeleniumBase.takeSnap(SeleniumBase.java:848)
at com.framework.utils.Reporter.reportStep(Reporter.java:87)
at com.framework.utils.Reporter.reportStep(Reporter.java:110)
at com.framework.selenium.api.base.SeleniumBase.takeSnap(SeleniumBase.java:848)
at com.framework.utils.Reporter.reportStep(Reporter.java:87)
at com.framework.utils.Reporter.reportStep(Reporter.java:110)
at com.framework.selenium.api.base.SeleniumBase.takeSnap(SeleniumBase.java:848)
at com.framework.utils.Reporter.reportStep(Reporter.java:87)
at com.framework.utils.Reporter.reportStep(Reporter.java:110)
at com.framework.selenium.api.base.SeleniumBase.takeSnap(SeleniumBase.java:848)
at com.framework.utils.Reporter.reportStep(Reporter.java:87)
at com.framework.utils.Reporter.reportStep(Reporter.java:110)
at com.framework.selenium.api.base.SeleniumBase.takeSnap(SeleniumBase.java:848)
at com.framework.utils.Reporter.reportStep(Reporter.java:87)
at com.framework.utils.Reporter.reportStep(Reporter.java:110)
at com.framework.selenium.api.base.SeleniumBase.takeSnap(SeleniumBase.java:848)
at com.framework.utils.Reporter.reportStep(Reporter.java:87)
at com.framework.utils.Reporter.reportStep(Reporter.java:110)
at com.framework.selenium.api.base.SeleniumBase.takeSnap(SeleniumBase.java:848)
at com.framework.utils.Reporter.reportStep(Reporter.java:87)
at com.framework.utils.Reporter.reportStep(Reporter.java:110)
at com.framework.selenium.api.base.SeleniumBase.takeSnap(SeleniumBase.java:848)
at com.framework.utils.Reporter.reportStep(Reporter.java:87)
at com.framework.utils.Reporter.reportStep(Reporter.java:110)
at com.framework.selenium.api.base.SeleniumBase.takeSnap(SeleniumBase.java:848)
at com.framework.utils.Reporter.reportStep(Reporter.java:87)
at com.framework.utils.Reporter.reportStep(Reporter.java:110)
at com.framework.selenium.api.base.SeleniumBase.takeSnap(SeleniumBase.java:848)
at com.framework.utils.Reporter.reportStep(Reporter.java:87)
at com.framework.utils.Reporter.reportStep(Reporter.java:110)
at com.framework.selenium.api.base.SeleniumBase.takeSnap(SeleniumBase.java:848)
at com.framework.utils.Reporter.reportStep(Reporter.java:87)
at com.framework.utils.Reporter.reportStep(Reporter.java:110)
at com.framework.selenium.api.base.SeleniumBase.takeSnap(SeleniumBase.java:848)
at com.framework.utils.Reporter.reportStep(Reporter.java:87)
at com.framework.utils.Reporter.reportStep(Reporter.java:110)
at com.framework.selenium.api.base.SeleniumBase.takeSnap(SeleniumBase.java:848)
at com.framework.utils.Reporter.reportStep(Reporter.java:87)
at com.framework.utils.Reporter.reportStep(Reporter.java:110)
at com.framework.selenium.api.base.SeleniumBase.takeSnap(SeleniumBase.java:848)
at com.framework.utils.Reporter.reportStep(Reporter.java:87)
at com.framework.utils.Reporter.reportStep(Reporter.java:110)
at com.framework.selenium.api.base.SeleniumBase.takeSnap(SeleniumBase.java:848)
at com.framework.utils.Reporter.reportStep(Reporter.java:87)
at com.framework.utils.Reporter.reportStep(Reporter.java:110)
at com.framework.selenium.api.base.SeleniumBase.takeSnap(SeleniumBase.java:848)
at com.framework.utils.Reporter.reportStep(Reporter.java:87)
at com.framework.utils.Reporter.reportStep(Reporter.java:110)
at com.framework.selenium.api.base.SeleniumBase.takeSnap(SeleniumBase.java:848)
at com.framework.utils.Reporter.reportStep(Reporter.java:87)
at com.framework.utils.Reporter.reportStep(Reporter.java:110)
at com.framework.selenium.api.base.SeleniumBase.takeSnap(SeleniumBase.java:848)
at com.framework.utils.Reporter.reportStep(Reporter.java:87)
at com.framework.utils.Reporter.reportStep(Reporter.java:110)
at com.framework.selenium.api.base.SeleniumBase.takeSnap(SeleniumBase.java:848)
at com.framework.utils.Reporter.reportStep(Reporter.java:87)
at com.framework.utils.Reporter.reportStep(Reporter.java:110)
at com.framework.selenium.api.base.SeleniumBase.takeSnap(SeleniumBase.java:848)
at com.framework.utils.Reporter.reportStep(Reporter.java:87)
at com.framework.utils.Reporter.reportStep(Reporter.java:110)
at com.framework.selenium.api.base.SeleniumBase.takeSnap(SeleniumBase.java:848)
at com.framework.utils.Reporter.reportStep(Reporter.java:87)
at com.framework.utils.Reporter.reportStep(Reporter.java:110)
at com.framework.selenium.api.base.SeleniumBase.takeSnap(SeleniumBase.java:848)
at com.framework.utils.Reporter.reportStep(Reporter.java:87)
at com.framework.utils.Reporter.reportStep(Reporter.java:110)
at com.framework.selenium.api.base.SeleniumBase.takeSnap(SeleniumBase.java:848)
at com.framework.utils.Reporter.reportStep(Reporter.java:87)
at com.framework.utils.Reporter.reportStep(Reporter.java:110)
at com.framework.selenium.api.base.SeleniumBase.takeSnap(SeleniumBase.java:848)
at com.framework.utils.Reporter.reportStep(Reporter.java:87)
at com.framework.utils.Reporter.reportStep(Reporter.java:110)
at com.framework.selenium.api.base.SeleniumBase.takeSnap(SeleniumBase.java:848)
at com.framework.utils.Reporter.reportStep(Reporter.java:87)
at com.framework.utils.Reporter.reportStep(Reporter.java:110)
at com.framework.selenium.api.base.SeleniumBase.takeSnap(SeleniumBase.java:848)
at com.framework.utils.Reporter.reportStep(Reporter.java:87)
at com.framework.utils.Reporter.reportStep(Reporter.java:110)
at com.framework.selenium.api.base.SeleniumBase.takeSnap(SeleniumBase.java:848)
at com.framework.utils.Reporter.reportStep(Reporter.java:87)
at com.framework.utils.Reporter.reportStep(Reporter.java:110)
at com.framework.selenium.api.base.SeleniumBase.takeSnap(SeleniumBase.java:848)
at com.framework.utils.Reporter.reportStep(Reporter.java:87)
at com.framework.utils.Reporter.reportStep(Reporter.java:110)
at com.framework.selenium.api.base.SeleniumBase.takeSnap(SeleniumBase.java:848)
at com.framework.utils.Reporter.reportStep(Reporter.java:87)
at com.framework.utils.Reporter.reportStep(Reporter.java:110)
at com.framework.selenium.api.base.SeleniumBase.takeSnap(SeleniumBase.java:848)
at com.framework.utils.Reporter.reportStep(Reporter.java:87)
at com.framework.utils.Reporter.reportStep(Reporter.java:110)
at com.framework.selenium.api.base.SeleniumBase.takeSnap(SeleniumBase.java:848)
at com.framework.utils.Reporter.reportStep(Reporter.java:87)
at com.framework.utils.Reporter.reportStep(Reporter.java:110)
at com.framework.selenium.api.base.SeleniumBase.takeSnap(SeleniumBase.java:848)
at com.framework.utils.Reporter.reportStep(Reporter.java:87)
at com.framework.utils.Reporter.reportStep(Reporter.java:110)
at com.framework.selenium.api.base.SeleniumBase.takeSnap(SeleniumBase.java:848)
at com.framework.utils.Reporter.reportStep(Reporter.java:87)
at com.framework.utils.Reporter.reportStep(Reporter.java:110)
at com.framework.selenium.api.base.SeleniumBase.takeSnap(SeleniumBase.java:848)
at com.framework.utils.Reporter.reportStep(Reporter.java:87)
at com.framework.utils.Reporter.reportStep(Reporter.java:110)
at com.framework.selenium.api.base.SeleniumBase.takeSnap(SeleniumBase.java:848)
at com.framework.utils.Reporter.reportStep(Reporter.java:87)
at com.framework.utils.Reporter.reportStep(Reporter.java:110)
at com.framework.selenium.api.base.SeleniumBase.takeSnap(SeleniumBase.java:848)
at com.framework.utils.Reporter.reportStep(Reporter.java:87)
at com.framework.utils.Reporter.reportStep(Reporter.java:110)
at com.framework.selenium.api.base.SeleniumBase.takeSnap(SeleniumBase.java:848)
at com.framework.utils.Reporter.reportStep(Reporter.java:87)
at com.framework.utils.Reporter.reportStep(Reporter.java:110)
at com.framework.selenium.api.base.SeleniumBase.takeSnap(SeleniumBase.java:848)
at com.framework.utils.Reporter.reportStep(Reporter.java:87)
at com.framework.utils.Reporter.reportStep(Reporter.java:110)
at com.framework.selenium.api.base.SeleniumBase.takeSnap(SeleniumBase.java:848)
at com.framework.utils.Reporter.reportStep(Reporter.java:87)
at com.framework.utils.Reporter.reportStep(Reporter.java:110)
at com.framework.selenium.api.base.SeleniumBase.takeSnap(SeleniumBase.java:848)
at com.framework.utils.Reporter.reportStep(Reporter.java:87)
at com.framework.utils.Reporter.reportStep(Reporter.java:110)
at com.framework.selenium.api.base.SeleniumBase.takeSnap(SeleniumBase.java:848)
at com.framework.utils.Reporter.reportStep(Reporter.java:87)
at com.framework.utils.Reporter.reportStep(Reporter.java:110)
at com.framework.selenium.api.base.SeleniumBase.takeSnap(SeleniumBase.java:848)
at com.framework.utils.Reporter.reportStep(Reporter.java:87)
at com.framework.utils.Reporter.reportStep(Reporter.java:110)
at com.framework.selenium.api.base.SeleniumBase.takeSnap(SeleniumBase.java:848)
at com.framework.utils.Reporter.reportStep(Reporter.java:87)
at com.framework.utils.Reporter.reportStep(Reporter.java:110)
at com.framework.selenium.api.base.SeleniumBase.takeSnap(SeleniumBase.java:848)
at com.framework.utils.Reporter.reportStep(Reporter.java:87)
at com.framework.utils.Reporter.reportStep(Reporter.java:110)
at com.framework.selenium.api.base.SeleniumBase.takeSnap(SeleniumBase.java:848)
at com.framework.utils.Reporter.reportStep(Reporter.java:87)
at com.framework.utils.Reporter.reportStep(Reporter.java:110)
at com.framework.selenium.api.base.SeleniumBase.takeSnap(SeleniumBase.java:848)
at com.framework.utils.Reporter.reportStep(Reporter.java:87)
at com.framework.utils.Reporter.reportStep(Reporter.java:110)
at com.framework.selenium.api.base.SeleniumBase.takeSnap(SeleniumBase.java:848)
at com.framework.utils.Reporter.reportStep(Reporter.java:87)
at com.framework.utils.Reporter.reportStep(Reporter.java:110)
at com.framework.selenium.api.base.SeleniumBase.takeSnap(SeleniumBase.java:848)
at com.framework.utils.Reporter.reportStep(Reporter.java:87)
at com.framework.utils.Reporter.reportStep(Reporter.java:110)
at com.framework.selenium.api.base.SeleniumBase.takeSnap(SeleniumBase.java:848)
at com.framework.utils.Reporter.reportStep(Reporter.java:87)
at com.framework.utils.Reporter.reportStep(Reporter.java:110)
at com.framework.selenium.api.base.SeleniumBase.takeSnap(SeleniumBase.java:848)
at com.framework.utils.Reporter.reportStep(Reporter.java:87)
at com.framework.utils.Reporter.reportStep(Reporter.java:110)
at com.framework.selenium.api.base.SeleniumBase.takeSnap(SeleniumBase.java:848)
at com.framework.utils.Reporter.reportStep(Reporter.java:87)
at com.framework.utils.Reporter.reportStep(Reporter.java:110)
at com.framework.selenium.api.base.SeleniumBase.takeSnap(SeleniumBase.java:848)
at com.framework.utils.Reporter.reportStep(Reporter.java:87)
at com.framework.utils.Reporter.reportStep(Reporter.java:110)
at com.framework.selenium.api.base.SeleniumBase.takeSnap(SeleniumBase.java:848)
at com.framework.utils.Reporter.reportStep(Reporter.java:87)
at com.framework.utils.Reporter.reportStep(Reporter.java:110)
at com.framework.selenium.api.base.SeleniumBase.takeSnap(SeleniumBase.java:848)
at com.framework.utils.Reporter.reportStep(Reporter.java:87)
at com.framework.utils.Reporter.reportStep(Reporter.java:110)
at com.framework.selenium.api.base.SeleniumBase.takeSnap(SeleniumBase.java:848)
at com.framework.utils.Reporter.reportStep(Reporter.java:87)
at com.framework.utils.Reporter.reportStep(Reporter.java:110)
at com.framework.selenium.api.base.SeleniumBase.takeSnap(SeleniumBase.java:848)
at com.framework.utils.Reporter.reportStep(Reporter.java:87)
at com.framework.utils.Reporter.reportStep(Reporter.java:110)
at com.framework.selenium.api.base.SeleniumBase.takeSnap(SeleniumBase.java:848)
at com.framework.utils.Reporter.reportStep(Reporter.java:87)
at com.framework.utils.Reporter.reportStep(Reporter.java:110)
at com.framework.selenium.api.base.SeleniumBase.takeSnap(SeleniumBase.java:848)
at com.framework.utils.Reporter.reportStep(Reporter.java:87)
at com.framework.utils.Reporter.reportStep(Reporter.java:110)
at com.framework.selenium.api.base.SeleniumBase.takeSnap(SeleniumBase.java:848)
at com.framework.utils.Reporter.reportStep(Reporter.java:87)
at com.framework.utils.Reporter.reportStep(Reporter.java:110)
at com.framework.selenium.api.base.SeleniumBase.takeSnap(SeleniumBase.java:848)
at com.framework.utils.Reporter.reportStep(Reporter.java:87)
at com.framework.utils.Reporter.reportStep(Reporter.java:110)
at com.framework.selenium.api.base.SeleniumBase.takeSnap(SeleniumBase.java:848)
at com.framework.utils.Reporter.reportStep(Reporter.java:87)
at com.framework.utils.Reporter.reportStep(Reporter.java:110)
at com.framework.selenium.api.base.SeleniumBase.takeSnap(SeleniumBase.java:848)
at com.framework.utils.Reporter.reportStep(Reporter.java:87)
at com.framework.utils.Reporter.reportStep(Reporter.java:110)
at com.framework.selenium.api.base.SeleniumBase.takeSnap(SeleniumBase.java:848)
at com.framework.utils.Reporter.reportStep(Reporter.java:87)
at com.framework.utils.Reporter.reportStep(Reporter.java:110)
at com.framework.selenium.api.base.SeleniumBase.takeSnap(SeleniumBase.java:848)
at com.framework.utils.Reporter.reportStep(Reporter.java:87)
at com.framework.utils.Reporter.reportStep(Reporter.java:110)
at com.framework.selenium.api.base.SeleniumBase.takeSnap(SeleniumBase.java:848)
at com.framework.utils.Reporter.reportStep(Reporter.java:87)
at com.framework.utils.Reporter.reportStep(Reporter.java:110)
at com.framework.selenium.api.base.SeleniumBase.takeSnap(SeleniumBase.java:848)
at com.framework.utils.Reporter.reportStep(Reporter.java:87)
at com.framework.utils.Reporter.reportStep(Reporter.java:110)
at com.framework.selenium.api.base.SeleniumBase.takeSnap(SeleniumBase.java:848)
at com.framework.utils.Reporter.reportStep(Reporter.java:87)
at com.framework.utils.Reporter.reportStep(Reporter.java:110)
at com.framework.selenium.api.base.SeleniumBase.takeSnap(SeleniumBase.java:848)
at com.framework.utils.Reporter.reportStep(Reporter.java:87)
at com.framework.utils.Reporter.reportStep(Reporter.java:110)
at com.framework.selenium.api.base.SeleniumBase.takeSnap(SeleniumBase.java:848)
at com.framework.utils.Reporter.reportStep(Reporter.java:87)
at com.framework.utils.Reporter.reportStep(Reporter.java:110)
at com.framework.selenium.api.base.SeleniumBase.takeSnap(SeleniumBase.java:848)
at com.framework.utils.Reporter.reportStep(Reporter.java:87)
at com.framework.utils.Reporter.reportStep(Reporter.java:110)
at com.framework.selenium.api.base.SeleniumBase.takeSnap(SeleniumBase.java:848)
at com.framework.utils.Reporter.reportStep(Reporter.java:87)
at com.framework.utils.Reporter.reportStep(Reporter.java:110)
at com.framework.selenium.api.base.SeleniumBase.takeSnap(SeleniumBase.java:848)
at com.framework.utils.Reporter.reportStep(Reporter.java:87)
at com.framework.utils.Reporter.reportStep(Reporter.java:110)
at com.framework.selenium.api.base.SeleniumBase.takeSnap(SeleniumBase.java:848)
at com.framework.utils.Reporter.reportStep(Reporter.java:87)
at com.framework.utils.Reporter.reportStep(Reporter.java:110)
at com.framework.selenium.api.base.SeleniumBase.takeSnap(SeleniumBase.java:848)
at com.framework.utils.Reporter.reportStep(Reporter.java:87)
at com.framework.utils.Reporter.reportStep(Reporter.java:110)
at com.framework.selenium.api.base.SeleniumBase.takeSnap(SeleniumBase.java:848)
at com.framework.utils.Reporter.reportStep(Reporter.java:87)
at com.framework.utils.Reporter.reportStep(Reporter.java:110)
at com.framework.selenium.api.base.SeleniumBase.takeSnap(SeleniumBase.java:848)
at com.framework.utils.Reporter.reportStep(Reporter.java:87)
at com.framework.utils.Reporter.reportStep(Reporter.java:110)
at com.framework.selenium.api.base.SeleniumBase.takeSnap(SeleniumBase.java:848)
at com.framework.utils.Reporter.reportStep(Reporter.java:87)
at com.framework.utils.Reporter.reportStep(Reporter.java:110)
at com.framework.selenium.api.base.SeleniumBase.takeSnap(SeleniumBase.java:848)
at com.framework.utils.Reporter.reportStep(Reporter.java:87)
at com.framework.utils.Reporter.reportStep(Reporter.java:110)
at com.framework.selenium.api.base.SeleniumBase.takeSnap(SeleniumBase.java:848)
at com.framework.utils.Reporter.reportStep(Reporter.java:87)
at com.framework.utils.Reporter.reportStep(Reporter.java:110)
at com.framework.selenium.api.base.SeleniumBase.takeSnap(SeleniumBase.java:848)
at com.framework.utils.Reporter.reportStep(Reporter.java:87)
at com.framework.utils.Reporter.reportStep(Reporter.java:110)
at com.framework.selenium.api.base.SeleniumBase.takeSnap(SeleniumBase.java:848)
at com.framework.utils.Reporter.reportStep(Reporter.java:87)
at com.framework.utils.Reporter.reportStep(Reporter.java:110)
at com.framework.selenium.api.base.SeleniumBase.takeSnap(SeleniumBase.java:848)
at com.framework.utils.Reporter.reportStep(Reporter.java:87)
at com.framework.utils.Reporter.reportStep(Reporter.java:110)
at com.framework.selenium.api.base.SeleniumBase.takeSnap(SeleniumBase.java:848)
at com.framework.utils.Reporter.reportStep(Reporter.java:87)
at com.framework.utils.Reporter.reportStep(Reporter.java:110)
at com.framework.selenium.api.base.SeleniumBase.takeSnap(SeleniumBase.java:848)
at com.framework.utils.Reporter.reportStep(Reporter.java:87)
at com.framework.utils.Reporter.reportStep(Reporter.java:110)
at com.framework.selenium.api.base.SeleniumBase.takeSnap(SeleniumBase.java:848)
at com.framework.utils.Reporter.reportStep(Reporter.java:87)
at com.framework.utils.Reporter.reportStep(Reporter.java:110)
at com.framework.selenium.api.base.SeleniumBase.takeSnap(SeleniumBase.java:848)
at com.framework.utils.Reporter.reportStep(Reporter.java:87)
at com.framework.utils.Reporter.reportStep(Reporter.java:110)
at com.framework.selenium.api.base.SeleniumBase.takeSnap(SeleniumBase.java:848)
at com.framework.utils.Reporter.reportStep(Reporter.java:87)
at com.framework.utils.Reporter.reportStep(Reporter.java:110)
at com.framework.selenium.api.base.SeleniumBase.takeSnap(SeleniumBase.java:848)
at com.framework.utils.Reporter.reportStep(Reporter.java:87)
at com.framework.utils.Reporter.reportStep(Reporter.java:110)
at com.framework.selenium.api.base.SeleniumBase.takeSnap(SeleniumBase.java:848)
at com.framework.utils.Reporter.reportStep(Reporter.java:87)
at com.framework.utils.Reporter.reportStep(Reporter.java:110)
at com.framework.selenium.api.base.SeleniumBase.takeSnap(SeleniumBase.java:848)
at com.framework.utils.Reporter.reportStep(Reporter.java:87)
at com.framework.utils.Reporter.reportStep(Reporter.java:110)
at com.framework.selenium.api.base.SeleniumBase.takeSnap(SeleniumBase.java:848)
at com.framework.utils.Reporter.reportStep(Reporter.java:87)
at com.framework.utils.Reporter.reportStep(Reporter.java:110)
at com.framework.selenium.api.base.SeleniumBase.takeSnap(SeleniumBase.java:848)
at com.framework.utils.Reporter.reportStep(Reporter.java:87)
at com.framework.utils.Reporter.reportStep(Reporter.java:110)
at com.framework.selenium.api.base.SeleniumBase.takeSnap(SeleniumBase.java:848)
at com.framework.utils.Reporter.reportStep(Reporter.java:87)
at com.framework.utils.Reporter.reportStep(Reporter.java:110)
at com.framework.selenium.api.base.SeleniumBase.takeSnap(SeleniumBase.java:848)
at com.framework.utils.Reporter.reportStep(Reporter.java:87)
at com.framework.utils.Reporter.reportStep(Reporter.java:110)
at com.framework.selenium.api.base.SeleniumBase.takeSnap(SeleniumBase.java:848)
at com.framework.utils.Reporter.reportStep(Reporter.java:87)
at com.framework.utils.Reporter.reportStep(Reporter.java:110)
at com.framework.selenium.api.base.SeleniumBase.takeSnap(SeleniumBase.java:848)
at com.framework.utils.Reporter.reportStep(Reporter.java:87)
at com.framework.utils.Reporter.reportStep(Reporter.java:110)
at com.framework.selenium.api.base.SeleniumBase.takeSnap(SeleniumBase.java:848)
at com.framework.utils.Reporter.reportStep(Reporter.java:87)
at com.framework.utils.Reporter.reportStep(Reporter.java:110)
at com.framework.selenium.api.base.SeleniumBase.takeSnap(SeleniumBase.java:848)
at com.framework.utils.Reporter.reportStep(Reporter.java:87)
at com.framework.utils.Reporter.reportStep(Reporter.java:110)
at com.framework.selenium.api.base.SeleniumBase.takeSnap(SeleniumBase.java:848)
at com.framework.utils.Reporter.reportStep(Reporter.java:87)
at com.framework.utils.Reporter.reportStep(Reporter.java:110)
at com.framework.selenium.api.base.SeleniumBase.takeSnap(SeleniumBase.java:848)
at com.framework.utils.Reporter.reportStep(Reporter.java:87)
at com.framework.utils.Reporter.reportStep(Reporter.java:110)
at com.framework.selenium.api.base.SeleniumBase.takeSnap(SeleniumBase.java:848)
at com.framework.utils.Reporter.reportStep(Reporter.java:87)
at com.framework.utils.Reporter.reportStep(Reporter.java:110)
at com.framework.selenium.api.base.SeleniumBase.takeSnap(SeleniumBase.java:848)
at com.framework.utils.Reporter.reportStep(Reporter.java:87)
at com.framework.utils.Reporter.reportStep(Reporter.java:110)
at com.framework.selenium.api.base.SeleniumBase.takeSnap(SeleniumBase.java:848)
at com.framework.utils.Reporter.reportStep(Reporter.java:87)
at com.framework.utils.Reporter.reportStep(Reporter.java:110)
at com.framework.selenium.api.base.SeleniumBase.takeSnap(SeleniumBase.java:848)
at com.framework.utils.Reporter.reportStep(Reporter.java:87)
at com.framework.utils.Reporter.reportStep(Reporter.java:110)
at com.framework.selenium.api.base.SeleniumBase.takeSnap(SeleniumBase.java:848)
at com.framework.utils.Reporter.reportStep(Reporter.java:87)
at com.framework.utils.Reporter.reportStep(Reporter.java:110)
at com.framework.selenium.api.base.SeleniumBase.takeSnap(SeleniumBase.java:848)
at com.framework.utils.Reporter.reportStep(Reporter.java:87)
at com.framework.utils.Reporter.reportStep(Reporter.java:110)
at com.framework.selenium.api.base.SeleniumBase.takeSnap(SeleniumBase.java:848)
at com.framework.utils.Reporter.reportStep(Reporter.java:87)
at com.framework.utils.Reporter.reportStep(Reporter.java:110)
at com.framework.selenium.api.base.SeleniumBase.takeSnap(SeleniumBase.java:848)
at com.framework.utils.Reporter.reportStep(Reporter.java:87)
at com.framework.utils.Reporter.reportStep(Reporter.java:110)
at com.framework.selenium.api.base.SeleniumBase.takeSnap(SeleniumBase.java:848)
at com.framework.utils.Reporter.reportStep(Reporter.java:87)
at com.framework.utils.Reporter.reportStep(Reporter.java:110)
at com.framework.selenium.api.base.SeleniumBase.takeSnap(SeleniumBase.java:848)
at com.framework.utils.Reporter.reportStep(Reporter.java:87)
at com.framework.utils.Reporter.reportStep(Reporter.java:110)
at com.framework.selenium.api.base.SeleniumBase.takeSnap(SeleniumBase.java:848)
at com.framework.utils.Reporter.reportStep(Reporter.java:87)
at com.framework.utils.Reporter.reportStep(Reporter.java:110)
at com.framework.selenium.api.base.SeleniumBase.takeSnap(SeleniumBase.java:848)
at com.framework.utils.Reporter.reportStep(Reporter.java:87)
at com.framework.utils.Reporter.reportStep(Reporter.java:110)
at com.framework.selenium.api.base.SeleniumBase.takeSnap(SeleniumBase.java:848)
at com.framework.utils.Reporter.reportStep(Reporter.java:87)
at com.framework.utils.Reporter.reportStep(Reporter.java:110)
at com.framework.selenium.api.base.SeleniumBase.takeSnap(SeleniumBase.java:848)
at com.framework.utils.Reporter.reportStep(Reporter.java:87)
at com.framework.utils.Reporter.reportStep(Reporter.java:110)
at com.framework.selenium.api.base.SeleniumBase.takeSnap(SeleniumBase.java:848)
at com.framework.utils.Reporter.reportStep(Reporter.java:87)
at com.framework.utils.Reporter.reportStep(Reporter.java:110)
at com.framework.selenium.api.base.SeleniumBase.takeSnap(SeleniumBase.java:848)
at com.framework.utils.Reporter.reportStep(Reporter.java:87)
at com.framework.utils.Reporter.reportStep(Reporter.java:110)
at com.framework.selenium.api.base.SeleniumBase.takeSnap(SeleniumBase.java:848)
at com.framework.utils.Reporter.reportStep(Reporter.java:87)
at com.framework.utils.Reporter.reportStep(Reporter.java:110)
at com.framework.selenium.api.base.SeleniumBase.takeSnap(SeleniumBase.java:848)
at com.framework.utils.Reporter.reportStep(Reporter.java:87)
at com.framework.utils.Reporter.reportStep(Reporter.java:110)
at com.framework.selenium.api.base.SeleniumBase.takeSnap(SeleniumBase.java:848)
at com.framework.utils.Reporter.reportStep(Reporter.java:87)
at com.framework.utils.Reporter.reportStep(Reporter.java:110)
at com.framework.selenium.api.base.SeleniumBase.takeSnap(SeleniumBase.java:848)
at com.framework.utils.Reporter.reportStep(Reporter.java:87)
at com.framework.utils.Reporter.reportStep(Reporter.java:110)
at com.framework.selenium.api.base.SeleniumBase.takeSnap(SeleniumBase.java:848)
at com.framework.utils.Reporter.reportStep(Reporter.java:87)
at com.framework.utils.Reporter.reportStep(Reporter.java:110)
at com.framework.selenium.api.base.SeleniumBase.takeSnap(SeleniumBase.java:848)
at com.framework.utils.Reporter.reportStep(Reporter.java:87)
at com.framework.utils.Reporter.reportStep(Reporter.java:110)
at com.framework.selenium.api.base.SeleniumBase.takeSnap(SeleniumBase.java:848)
at com.framework.utils.Reporter.reportStep(Reporter.java:87)
at com.framework.utils.Reporter.reportStep(Reporter.java:110)
at com.framework.selenium.api.base.SeleniumBase.takeSnap(SeleniumBase.java:848)
at com.framework.utils.Reporter.reportStep(Reporter.java:87)
at com.framework.utils.Reporter.reportStep(Reporter.java:110)
at com.framework.selenium.api.base.SeleniumBase.takeSnap(SeleniumBase.java:848)
at com.framework.utils.Reporter.reportStep(Reporter.java:87)
at com.framework.utils.Reporter.reportStep(Reporter.java:110)
at com.framework.selenium.api.base.SeleniumBase.takeSnap(SeleniumBase.java:848)
at com.framework.utils.Reporter.reportStep(Reporter.java:87)
at com.framework.utils.Reporter.reportStep(Reporter.java:110)
at com.framework.selenium.api.base.SeleniumBase.takeSnap(SeleniumBase.java:848)
at com.framework.utils.Reporter.reportStep(Reporter.java:87)
at com.framework.utils.Reporter.reportStep(Reporter.java:110)
at com.framework.selenium.api.base.SeleniumBase.takeSnap(SeleniumBase.java:848)
at com.framework.utils.Reporter.reportStep(Reporter.java:87)
at com.framework.utils.Reporter.reportStep(Reporter.java:110)
at com.framework.selenium.api.base.SeleniumBase.takeSnap(SeleniumBase.java:848)
at com.framework.utils.Reporter.reportStep(Reporter.java:87)
at com.framework.utils.Reporter.reportStep(Reporter.java:110)
at com.framework.selenium.api.base.SeleniumBase.takeSnap(SeleniumBase.java:848)
at com.framework.utils.Reporter.reportStep(Reporter.java:87)
at com.framework.utils.Reporter.reportStep(Reporter.java:110)
at com.framework.selenium.api.base.SeleniumBase.takeSnap(SeleniumBase.java:848)
at com.framework.utils.Reporter.reportStep(Reporter.java:87)
at com.framework.utils.Reporter.reportStep(Reporter.java:110)
at com.framework.selenium.api.base.SeleniumBase.takeSnap(SeleniumBase.java:848)
at com.framework.utils.Reporter.reportStep(Reporter.java:87)
at com.framework.utils.Reporter.reportStep(Reporter.java:110)
at com.framework.selenium.api.base.SeleniumBase.takeSnap(SeleniumBase.java:848)
at com.framework.utils.Reporter.reportStep(Reporter.java:87)
at com.framework.utils.Reporter.reportStep(Reporter.java:110)
at com.framework.selenium.api.base.SeleniumBase.takeSnap(SeleniumBase.java:848)
at com.framework.utils.Reporter.reportStep(Reporter.java:87)
at com.framework.utils.Reporter.reportStep(Reporter.java:110)
at com.framework.selenium.api.base.SeleniumBase.takeSnap(SeleniumBase.java:848)
at com.framework.utils.Reporter.reportStep(Reporter.java:87)
at com.framework.utils.Reporter.reportStep(Reporter.java:110)
at com.framework.selenium.api.base.SeleniumBase.takeSnap(SeleniumBase.java:848)
at com.framework.utils.Reporter.reportStep(Reporter.java:87)
at com.framework.utils.Reporter.reportStep(Reporter.java:110)
at com.framework.selenium.api.base.SeleniumBase.takeSnap(SeleniumBase.java:848)
at com.framework.utils.Reporter.reportStep(Reporter.java:87)
at com.framework.utils.Reporter.reportStep(Reporter.java:110)
at com.framework.selenium.api.base.SeleniumBase.takeSnap(SeleniumBase.java:848)
at com.framework.utils.Reporter.reportStep(Reporter.java:87)
at com.framework.utils.Reporter.reportStep(Reporter.java:110)
at com.framework.selenium.api.base.SeleniumBase.takeSnap(SeleniumBase.java:848)
at com.framework.utils.Reporter.reportStep(Reporter.java:87)
at com.framework.utils.Reporter.reportStep(Reporter.java:110)
at com.framework.selenium.api.base.SeleniumBase.takeSnap(SeleniumBase.java:848)
at com.framework.utils.Reporter.reportStep(Reporter.java:87)
at com.framework.utils.Reporter.reportStep(Reporter.java:110)
at com.framework.selenium.api.base.SeleniumBase.takeSnap(SeleniumBase.java:848)
at com.framework.utils.Reporter.reportStep(Reporter.java:87)
at com.framework.utils.Reporter.reportStep(Reporter.java:110)
at com.framework.selenium.api.base.SeleniumBase.takeSnap(SeleniumBase.java:848)
at com.framework.utils.Reporter.reportStep(Reporter.java:87)
at com.framework.utils.Reporter.reportStep(Reporter.java:110)
at com.framework.selenium.api.base.SeleniumBase.takeSnap(SeleniumBase.java:848)
at com.framework.utils.Reporter.reportStep(Reporter.java:87)
at com.framework.utils.Reporter.reportStep(Reporter.java:110)
at com.framework.selenium.api.base.SeleniumBase.takeSnap(SeleniumBase.java:848)
at com.framework.utils.Reporter.reportStep(Reporter.java:87)
at com.framework.utils.Reporter.reportStep(Reporter.java:110)
at com.framework.selenium.api.base.SeleniumBase.takeSnap(SeleniumBase.java:848)
at com.framework.utils.Reporter.reportStep(Reporter.java:87)
at com.framework.utils.Reporter.reportStep(Reporter.java:110)
at com.framework.selenium.api.base.SeleniumBase.takeSnap(SeleniumBase.java:848)
at com.framework.utils.Reporter.reportStep(Reporter.java:87)
at com.framework.utils.Reporter.reportStep(Reporter.java:110)
at com.framework.selenium.api.base.SeleniumBase.takeSnap(SeleniumBase.java:848)
at com.framework.utils.Reporter.reportStep(Reporter.java:87)
at com.framework.utils.Reporter.reportStep(Reporter.java:110)
at com.framework.selenium.api.base.SeleniumBase.takeSnap(SeleniumBase.java:848)
at com.framework.utils.Reporter.reportStep(Reporter.java:87)
at com.framework.utils.Reporter.reportStep(Reporter.java:110)
at com.framework.selenium.api.base.SeleniumBase.takeSnap(SeleniumBase.java:848)
at com.framework.utils.Reporter.reportStep(Reporter.java:87)
at com.framework.utils.Reporter.reportStep(Reporter.java:110)
at com.framework.selenium.api.base.SeleniumBase.takeSnap(SeleniumBase.java:848)
at com.framework.utils.Reporter.reportStep(Reporter.java:87)
at com.framework.utils.Reporter.reportStep(Reporter.java:110)
at com.framework.selenium.api.base.SeleniumBase.takeSnap(SeleniumBase.java:848)
at com.framework.utils.Reporter.reportStep(Reporter.java:87)
at com.framework.utils.Reporter.reportStep(Reporter.java:110)
at com.framework.selenium.api.base.SeleniumBase.takeSnap(SeleniumBase.java:848)
at com.framework.utils.Reporter.reportStep(Reporter.java:87)
at com.framework.utils.Reporter.reportStep(Reporter.java:110)
at com.framework.selenium.api.base.SeleniumBase.takeSnap(SeleniumBase.java:848)
at com.framework.utils.Reporter.reportStep(Reporter.java:87)
at com.framework.utils.Reporter.reportStep(Reporter.java:110)
at com.framework.selenium.api.base.SeleniumBase.takeSnap(SeleniumBase.java:848)
at com.framework.utils.Reporter.reportStep(Reporter.java:87)
at com.framework.utils.Reporter.reportStep(Reporter.java:110)
at com.framework.selenium.api.base.SeleniumBase.takeSnap(SeleniumBase.java:848)
at com.framework.utils.Reporter.reportStep(Reporter.java:87)
at com.framework.utils.Reporter.reportStep(Reporter.java:110)
at com.framework.selenium.api.base.SeleniumBase.takeSnap(SeleniumBase.java:848)
at com.framework.utils.Reporter.reportStep(Reporter.java:87)
at com.framework.utils.Reporter.reportStep(Reporter.java:110)
at com.framework.selenium.api.base.SeleniumBase.takeSnap(SeleniumBase.java:848)
at com.framework.utils.Reporter.reportStep(Reporter.java:87)
at com.framework.utils.Reporter.reportStep(Reporter.java:110)
at com.framework.selenium.api.base.SeleniumBase.takeSnap(SeleniumBase.java:848)
at com.framework.utils.Reporter.reportStep(Reporter.java:87)
at com.framework.utils.Reporter.reportStep(Reporter.java:110)
at com.framework.selenium.api.base.SeleniumBase.takeSnap(SeleniumBase.java:848)
at com.framework.utils.Reporter.reportStep(Reporter.java:87)
at com.framework.utils.Reporter.reportStep(Reporter.java:110)
at com.framework.selenium.api.base.SeleniumBase.takeSnap(SeleniumBase.java:848)
at com.framework.utils.Reporter.reportStep(Reporter.java:87)
at com.framework.utils.Reporter.reportStep(Reporter.java:110)
at com.framework.selenium.api.base.SeleniumBase.takeSnap(SeleniumBase.java:848)
at com.framework.utils.Reporter.reportStep(Reporter.java:87)
at com.framework.utils.Reporter.reportStep(Reporter.java:110)
at com.framework.selenium.api.base.SeleniumBase.takeSnap(SeleniumBase.java:848)
at com.framework.utils.Reporter.reportStep(Reporter.java:87)
at com.framework.utils.Reporter.reportStep(Reporter.java:110)
at com.framework.selenium.api.base.SeleniumBase.takeSnap(SeleniumBase.java:848)
at com.framework.utils.Reporter.reportStep(Reporter.java:87)
at com.framework.utils.Reporter.reportStep(Reporter.java:110)
at com.framework.selenium.api.base.SeleniumBase.takeSnap(SeleniumBase.java:848)
at com.framework.utils.Reporter.reportStep(Reporter.java:87)
at com.framework.utils.Reporter.reportStep(Reporter.java:110)
at com.framework.selenium.api.base.SeleniumBase.takeSnap(SeleniumBase.java:848)
at com.framework.utils.Reporter.reportStep(Reporter.java:87)
at com.framework.utils.Reporter.reportStep(Reporter.java:110)
at com.framework.selenium.api.base.SeleniumBase.takeSnap(SeleniumBase.java:848)
at com.framework.utils.Reporter.reportStep(Reporter.java:87)
at com.framework.utils.Reporter.reportStep(Reporter.java:110)
at com.framework.selenium.api.base.SeleniumBase.takeSnap(SeleniumBase.java:848)
at com.framework.utils.Reporter.reportStep(Reporter.java:87)
at com.framework.utils.Reporter.reportStep(Reporter.java:110)
at com.framework.selenium.api.base.SeleniumBase.takeSnap(SeleniumBase.java:848)
at com.framework.utils.Reporter.reportStep(Reporter.java:87)
at com.framework.utils.Reporter.reportStep(Reporter.java:110)
at com.framework.selenium.api.base.SeleniumBase.takeSnap(SeleniumBase.java:848)
at com.framework.utils.Reporter.reportStep(Reporter.java:87)
at com.framework.utils.Reporter.reportStep(Reporter.java:110)
at com.framework.selenium.api.base.SeleniumBase.takeSnap(SeleniumBase.java:848)
at com.framework.utils.Reporter.reportStep(Reporter.java:87)
at com.framework.utils.Reporter.reportStep(Reporter.java:110)
at com.framework.selenium.api.base.SeleniumBase.takeSnap(SeleniumBase.java:848)
at com.framework.utils.Reporter.reportStep(Reporter.java:87)
at com.framework.utils.Reporter.reportStep(Reporter.java:110)
at com.framework.selenium.api.base.SeleniumBase.takeSnap(SeleniumBase.java:848)
at com.framework.utils.Reporter.reportStep(Reporter.java:87)
at com.framework.utils.Reporter.reportStep(Reporter.java:110)
at com.framework.selenium.api.base.SeleniumBase.takeSnap(SeleniumBase.java:848)
at com.framework.utils.Reporter.reportStep(Reporter.java:87)
at com.framework.utils.Reporter.reportStep(Reporter.java:110)
at com.framework.selenium.api.base.SeleniumBase.takeSnap(SeleniumBase.java:848)
at com.framework.utils.Reporter.reportStep(Reporter.java:87)
at com.framework.utils.Reporter.reportStep(Reporter.java:110)
at com.framework.selenium.api.base.SeleniumBase.takeSnap(SeleniumBase.java:848)
at com.framework.utils.Reporter.reportStep(Reporter.java:87)
at com.framework.utils.Reporter.reportStep(Reporter.java:110)
at com.framework.selenium.api.base.SeleniumBase.takeSnap(SeleniumBase.java:848)
at com.framework.utils.Reporter.reportStep(Reporter.java:87)
at com.framework.utils.Reporter.reportStep(Reporter.java:110)
at com.framework.selenium.api.base.SeleniumBase.takeSnap(SeleniumBase.java:848)
at com.framework.utils.Reporter.reportStep(Reporter.java:87)
at com.framework.utils.Reporter.reportStep(Reporter.java:110)
at com.framework.selenium.api.base.SeleniumBase.takeSnap(SeleniumBase.java:848)
at com.framework.utils.Reporter.reportStep(Reporter.java:87)
at com.framework.utils.Reporter.reportStep(Reporter.java:110)
at com.framework.selenium.api.base.SeleniumBase.takeSnap(SeleniumBase.java:848)
at com.framework.utils.Reporter.reportStep(Reporter.java:87)
at com.framework.utils.Reporter.reportStep(Reporter.java:110)
at com.framework.selenium.api.base.SeleniumBase.takeSnap(SeleniumBase.java:848)
at com.framework.utils.Reporter.reportStep(Reporter.java:87)
at com.framework.utils.Reporter.reportStep(Reporter.java:110)
at com.framework.selenium.api.base.SeleniumBase.takeSnap(SeleniumBase.java:848)
at com.framework.utils.Reporter.reportStep(Reporter.java:87)
at com.framework.utils.Reporter.reportStep(Reporter.java:110)
at com.framework.selenium.api.base.SeleniumBase.takeSnap(SeleniumBase.java:848)
at com.framework.utils.Reporter.reportStep(Reporter.java:87)
at com.framework.utils.Reporter.reportStep(Reporter.java:110)
at com.framework.selenium.api.base.SeleniumBase.takeSnap(SeleniumBase.java:848)
at com.framework.utils.Reporter.reportStep(Reporter.java:87)
at com.framework.utils.Reporter.reportStep(Reporter.java:110)
at com.framework.selenium.api.base.SeleniumBase.takeSnap(SeleniumBase.java:848)
at com.framework.utils.Reporter.reportStep(Reporter.java:87)
at com.framework.utils.Reporter.reportStep(Reporter.java:110)
at com.framework.selenium.api.base.SeleniumBase.takeSnap(SeleniumBase.java:848)
at com.framework.utils.Reporter.reportStep(Reporter.java:87)
at com.framework.utils.Reporter.reportStep(Reporter.java:110)
at com.framework.selenium.api.base.SeleniumBase.takeSnap(SeleniumBase.java:848)
at com.framework.utils.Reporter.reportStep(Reporter.java:87)
at com.framework.utils.Reporter.reportStep(Reporter.java:110)
at com.framework.selenium.api.base.SeleniumBase.takeSnap(SeleniumBase.java:848)
at com.framework.utils.Reporter.reportStep(Reporter.java:87)
at com.framework.utils.Reporter.reportStep(Reporter.java:110)
at com.framework.selenium.api.base.SeleniumBase.takeSnap(SeleniumBase.java:848)
at com.framework.utils.Reporter.reportStep(Reporter.java:87)
at com.framework.utils.Reporter.reportStep(Reporter.java:110)
at com.framework.selenium.api.base.SeleniumBase.takeSnap(SeleniumBase.java:848)
at com.framework.utils.Reporter.reportStep(Reporter.java:87)
at com.framework.utils.Reporter.reportStep(Reporter.java:110)
at com.framework.selenium.api.base.SeleniumBase.takeSnap(SeleniumBase.java:848)
at com.framework.utils.Reporter.reportStep(Reporter.java:87)
at com.framework.utils.Reporter.reportStep(Reporter.java:110)
at com.framework.selenium.api.base.SeleniumBase.takeSnap(SeleniumBase.java:848)
at com.framework.utils.Reporter.reportStep(Reporter.java:87)
at com.framework.utils.Reporter.reportStep(Reporter.java:110)
at com.framework.selenium.api.base.SeleniumBase.takeSnap(SeleniumBase.java:848)
at com.framework.utils.Reporter.reportStep(Reporter.java:87)
at com.framework.utils.Reporter.reportStep(Reporter.java:110)
at com.framework.selenium.api.base.SeleniumBase.takeSnap(SeleniumBase.java:848)
at com.framework.utils.Reporter.reportStep(Reporter.java:87)
at com.framework.utils.Reporter.reportStep(Reporter.java:110)
at com.framework.selenium.api.base.SeleniumBase.takeSnap(SeleniumBase.java:848)
at com.framework.utils.Reporter.reportStep(Reporter.java:87)
at com.framework.utils.Reporter.reportStep(Reporter.java:110)
at com.framework.selenium.api.base.SeleniumBase.takeSnap(SeleniumBase.java:848)
at com.framework.utils.Reporter.reportStep(Reporter.java:87)
at com.framework.utils.Reporter.reportStep(Reporter.java:110)
at com.framework.selenium.api.base.SeleniumBase.takeSnap(SeleniumBase.java:848)
at com.framework.utils.Reporter.reportStep(Reporter.java:87)
at com.framework.utils.Reporter.reportStep(Reporter.java:110)
at com.framework.selenium.api.base.SeleniumBase.takeSnap(SeleniumBase.java:848)
at com.framework.utils.Reporter.reportStep(Reporter.java:87)
at com.framework.utils.Reporter.reportStep(Reporter.java:110)
at com.framework.selenium.api.base.SeleniumBase.takeSnap(SeleniumBase.java:848)
at com.framework.utils.Reporter.reportStep(Reporter.java:87)
at com.framework.utils.Reporter.reportStep(Reporter.java:110)
at com.framework.selenium.api.base.SeleniumBase.takeSnap(SeleniumBase.java:848)
at com.framework.utils.Reporter.reportStep(Reporter.java:87)
at com.framework.utils.Reporter.reportStep(Reporter.java:110)
at com.framework.selenium.api.base.SeleniumBase.takeSnap(SeleniumBase.java:848)
at com.framework.utils.Reporter.reportStep(Reporter.java:87)
at com.framework.utils.Reporter.reportStep(Reporter.java:110)
at com.framework.selenium.api.base.SeleniumBase.takeSnap(SeleniumBase.java:848)
at com.framework.utils.Reporter.reportStep(Reporter.java:87)
at com.framework.utils.Reporter.reportStep(Reporter.java:110)
at com.framework.selenium.api.base.SeleniumBase.takeSnap(SeleniumBase.java:848)
at com.framework.utils.Reporter.reportStep(Reporter.java:87)
at com.framework.utils.Reporter.reportStep(Reporter.java:110)
at com.framework.selenium.api.base.SeleniumBase.takeSnap(SeleniumBase.java:848)
at com.framework.utils.Reporter.reportStep(Reporter.java:87)
at com.framework.utils.Reporter.reportStep(Reporter.java:110)
at com.framework.selenium.api.base.SeleniumBase.takeSnap(SeleniumBase.java:848)
at com.framework.utils.Reporter.reportStep(Reporter.java:87)
at com.framework.utils.Reporter.reportStep(Reporter.java:110)
at com.framework.selenium.api.base.SeleniumBase.takeSnap(SeleniumBase.java:848)
at com.framework.utils.Reporter.reportStep(Reporter.java:87)
at com.framework.utils.Reporter.reportStep(Reporter.java:110)
at com.framework.selenium.api.base.SeleniumBase.takeSnap(SeleniumBase.java:848)
at com.framework.utils.Reporter.reportStep(Reporter.java:87)
at com.framework.utils.Reporter.reportStep(Reporter.java:110)
at com.framework.selenium.api.base.SeleniumBase.takeSnap(SeleniumBase.java:848)
at com.framework.utils.Reporter.reportStep(Reporter.java:87)
at com.framework.utils.Reporter.reportStep(Reporter.java:110)
at com.framework.selenium.api.base.SeleniumBase.takeSnap(SeleniumBase.java:848)
at com.framework.utils.Reporter.reportStep(Reporter.java:87)
at com.framework.utils.Reporter.reportStep(Reporter.java:110)
at com.framework.selenium.api.base.SeleniumBase.takeSnap(SeleniumBase.java:848)
at com.framework.utils.Reporter.reportStep(Reporter.java:87)
at com.framework.utils.Reporter.reportStep(Reporter.java:110)
at com.framework.selenium.api.base.SeleniumBase.takeSnap(SeleniumBase.java:848)
at com.framework.utils.Reporter.reportStep(Reporter.java:87)
at com.framework.utils.Reporter.reportStep(Reporter.java:110)
at com.framework.selenium.api.base.SeleniumBase.takeSnap(SeleniumBase.java:848)
at com.framework.utils.Reporter.reportStep(Reporter.java:87)
at com.framework.utils.Reporter.reportStep(Reporter.java:110)
at com.framework.selenium.api.base.SeleniumBase.takeSnap(SeleniumBase.java:848)
at com.framework.utils.Reporter.reportStep(Reporter.java:87)
at com.framework.utils.Reporter.reportStep(Reporter.java:110)
at com.framework.selenium.api.base.SeleniumBase.takeSnap(SeleniumBase.java:848)
at com.framework.utils.Reporter.reportStep(Reporter.java:87)
at com.framework.utils.Reporter.reportStep(Reporter.java:110)
at com.framework.selenium.api.base.SeleniumBase.takeSnap(SeleniumBase.java:848)
at com.framework.utils.Reporter.reportStep(Reporter.java:87)
at com.framework.utils.Reporter.reportStep(Reporter.java:110)
at com.framework.selenium.api.base.SeleniumBase.takeSnap(SeleniumBase.java:848)
at com.framework.utils.Reporter.reportStep(Reporter.java:87)
at com.framework.utils.Reporter.reportStep(Reporter.java:110)
at com.framework.selenium.api.base.SeleniumBase.takeSnap(SeleniumBase.java:848)
at com.framework.utils.Reporter.reportStep(Reporter.java:87)
at com.framework.utils.Reporter.reportStep(Reporter.java:110)
at com.framework.selenium.api.base.SeleniumBase.takeSnap(SeleniumBase.java:848)
at com.framework.utils.Reporter.reportStep(Reporter.java:87)
at com.framework.utils.Reporter.reportStep(Reporter.java:110)
at com.framework.selenium.api.base.SeleniumBase.takeSnap(SeleniumBase.java:848)
at com.framework.utils.Reporter.reportStep(Reporter.java:87)
at com.framework.utils.Reporter.reportStep(Reporter.java:110)
at com.framework.selenium.api.base.SeleniumBase.takeSnap(SeleniumBase.java:848)
at com.framework.utils.Reporter.reportStep(Reporter.java:87)
at com.framework.utils.Reporter.reportStep(Reporter.java:110)
at com.framework.selenium.api.base.SeleniumBase.takeSnap(SeleniumBase.java:848)
at com.framework.utils.Reporter.reportStep(Reporter.java:87)
at com.framework.utils.Reporter.reportStep(Reporter.java:110)
at com.framework.selenium.api.base.SeleniumBase.takeSnap(SeleniumBase.java:848)
at com.framework.utils.Reporter.reportStep(Reporter.java:87)
at com.framework.utils.Reporter.reportStep(Reporter.java:110)
at com.framework.selenium.api.base.SeleniumBase.takeSnap(SeleniumBase.java:848)
at com.framework.utils.Reporter.reportStep(Reporter.java:87)
at com.framework.utils.Reporter.reportStep(Reporter.java:110)
at com.framework.selenium.api.base.SeleniumBase.takeSnap(SeleniumBase.java:848)
]]>
    </failure>
  </testcase> <!-- @BeforeMethod preCondition -->
  <testcase name="runLogin" time="0.0" classname="com.leaftaps.testcases.TC001_VerifyLogin">
    <skipped/>
  </testcase> <!-- runLogin -->
</testsuite> <!-- Test -->
