<?xml version="1.0" encoding="UTF-8"?>
<testng-results skipped="0" failed="0" ignored="0" total="1" passed="1">
  <reporter-output>
  </reporter-output>
  <suite name="Suite" duration-ms="12698" started-at="2023-05-17T01:00:45 IST" finished-at="2023-05-17T01:00:57 IST">
    <groups>
    </groups>
    <test name="Test" duration-ms="12698" started-at="2023-05-17T01:00:45 IST" finished-at="2023-05-17T01:00:57 IST">
      <class name="com.leaftaps.testcases.TC001_VerifyLogin">
        <test-method status="PASS" signature="startReport()[pri:0, instance:com.leaftaps.testcases.TC001_VerifyLogin@d9d034]" name="startReport" is-config="true" duration-ms="105" started-at="2023-05-17T01:00:45 IST" finished-at="2023-05-17T01:00:45 IST">
          <reporter-output>
          </reporter-output>
        </test-method> <!-- startReport -->
        <test-method status="PASS" signature="setValues()[pri:0, instance:com.leaftaps.testcases.TC001_VerifyLogin@d9d034]" name="setValues" is-config="true" duration-ms="0" started-at="2023-05-17T01:00:45 IST" finished-at="2023-05-17T01:00:45 IST">
          <reporter-output>
          </reporter-output>
        </test-method> <!-- setValues -->
        <test-method status="PASS" signature="startTestCase()[pri:0, instance:com.leaftaps.testcases.TC001_VerifyLogin@d9d034]" name="startTestCase" is-config="true" duration-ms="8" started-at="2023-05-17T01:00:45 IST" finished-at="2023-05-17T01:00:45 IST">
          <reporter-output>
          </reporter-output>
        </test-method> <!-- startTestCase -->
        <test-method status="PASS" signature="preCondition()[pri:0, instance:com.leaftaps.testcases.TC001_VerifyLogin@d9d034]" name="preCondition" is-config="true" duration-ms="5810" started-at="2023-05-17T01:00:46 IST" finished-at="2023-05-17T01:00:51 IST">
          <reporter-output>
          </reporter-output>
        </test-method> <!-- preCondition -->
        <test-method status="PASS" signature="runLogin(java.lang.String,java.lang.String)[pri:0, instance:com.leaftaps.testcases.TC001_VerifyLogin@d9d034]" name="runLogin" duration-ms="2993" started-at="2023-05-17T01:00:51 IST" data-provider="fetchData" finished-at="2023-05-17T01:00:54 IST">
          <params>
            <param index="0">
              <value>
                <![CDATA[DemoCSR]]>
              </value>
            </param>
            <param index="1">
              <value>
                <![CDATA[crmsfa]]>
              </value>
            </param>
          </params>
          <reporter-output>
          </reporter-output>
        </test-method> <!-- runLogin -->
        <test-method status="PASS" signature="endResult()[pri:0, instance:com.leaftaps.testcases.TC001_VerifyLogin@d9d034]" name="endResult" is-config="true" duration-ms="1704" started-at="2023-05-17T01:00:58 IST" finished-at="2023-05-17T01:00:59 IST">
          <reporter-output>
          </reporter-output>
        </test-method> <!-- endResult -->
      </class> <!-- com.leaftaps.testcases.TC001_VerifyLogin -->
    </test> <!-- Test -->
  </suite> <!-- Suite -->
</testng-results>
