<?xml version="1.0" encoding="UTF-8"?>
<testng-results skipped="0" failed="0" ignored="0" total="1" passed="1">
  <reporter-output>
  </reporter-output>
  <suite name="Suite" duration-ms="32644" started-at="2023-06-10T17:15:38 IST" finished-at="2023-06-10T17:16:11 IST">
    <groups>
    </groups>
    <test name="Test" duration-ms="32644" started-at="2023-06-10T17:15:38 IST" finished-at="2023-06-10T17:16:11 IST">
      <class name="com.leaftaps.testcases.TC001_VerifyLogin">
        <test-method status="PASS" signature="startReport()[pri:0, instance:com.leaftaps.testcases.TC001_VerifyLogin@1baae6e]" name="startReport" is-config="true" duration-ms="461" started-at="2023-06-10T17:15:38 IST" finished-at="2023-06-10T17:15:38 IST">
          <reporter-output>
          </reporter-output>
        </test-method> <!-- startReport -->
        <test-method status="PASS" signature="setValues()[pri:0, instance:com.leaftaps.testcases.TC001_VerifyLogin@1baae6e]" name="setValues" is-config="true" duration-ms="1" started-at="2023-06-10T17:15:38 IST" finished-at="2023-06-10T17:15:38 IST">
          <reporter-output>
          </reporter-output>
        </test-method> <!-- setValues -->
        <test-method status="PASS" signature="startTestCase()[pri:0, instance:com.leaftaps.testcases.TC001_VerifyLogin@1baae6e]" name="startTestCase" is-config="true" duration-ms="31" started-at="2023-06-10T17:15:38 IST" finished-at="2023-06-10T17:15:38 IST">
          <reporter-output>
          </reporter-output>
        </test-method> <!-- startTestCase -->
        <test-method status="PASS" signature="preCondition()[pri:0, instance:com.leaftaps.testcases.TC001_VerifyLogin@1baae6e]" name="preCondition" is-config="true" duration-ms="23181" started-at="2023-06-10T17:15:41 IST" finished-at="2023-06-10T17:16:04 IST">
          <reporter-output>
          </reporter-output>
        </test-method> <!-- preCondition -->
        <test-method status="PASS" signature="runLogin(java.lang.String,java.lang.String)[pri:0, instance:com.leaftaps.testcases.TC001_VerifyLogin@1baae6e]" name="runLogin" duration-ms="3512" started-at="2023-06-10T17:16:04 IST" data-provider="fetchData" finished-at="2023-06-10T17:16:08 IST">
          <params>
            <param index="0">
              <value>
                <![CDATA[DemoCSR]]>
              </value>
            </param>
            <param index="1">
              <value>
                <![CDATA[crmsfa]]>
              </value>
            </param>
          </params>
          <reporter-output>
          </reporter-output>
        </test-method> <!-- runLogin -->
        <test-method status="PASS" signature="endResult()[pri:0, instance:com.leaftaps.testcases.TC001_VerifyLogin@1baae6e]" name="endResult" is-config="true" duration-ms="2683" started-at="2023-06-10T17:16:11 IST" finished-at="2023-06-10T17:16:14 IST">
          <reporter-output>
          </reporter-output>
        </test-method> <!-- endResult -->
      </class> <!-- com.leaftaps.testcases.TC001_VerifyLogin -->
    </test> <!-- Test -->
  </suite> <!-- Suite -->
</testng-results>
