<?xml version="1.0" encoding="UTF-8"?>
<testng-results skipped="1" failed="0" ignored="0" total="1" passed="0">
  <reporter-output>
  </reporter-output>
  <suite name="Suite" duration-ms="21430" started-at="2023-05-16T22:00:37 IST" finished-at="2023-05-16T22:00:59 IST">
    <groups>
    </groups>
    <test name="Test" duration-ms="21430" started-at="2023-05-16T22:00:37 IST" finished-at="2023-05-16T22:00:59 IST">
      <class name="com.leaftaps.testcases.TC001_VerifyLogin">
        <test-method status="PASS" signature="startReport()[pri:0, instance:com.leaftaps.testcases.TC001_VerifyLogin@1baae6e]" name="startReport" is-config="true" duration-ms="316" started-at="2023-05-16T22:00:37 IST" finished-at="2023-05-16T22:00:37 IST">
          <reporter-output>
          </reporter-output>
        </test-method> <!-- startReport -->
        <test-method status="PASS" signature="setValues()[pri:0, instance:com.leaftaps.testcases.TC001_VerifyLogin@1baae6e]" name="setValues" is-config="true" duration-ms="0" started-at="2023-05-16T22:00:37 IST" finished-at="2023-05-16T22:00:37 IST">
          <reporter-output>
          </reporter-output>
        </test-method> <!-- setValues -->
        <test-method status="PASS" signature="startTestCase()[pri:0, instance:com.leaftaps.testcases.TC001_VerifyLogin@1baae6e]" name="startTestCase" is-config="true" duration-ms="22" started-at="2023-05-16T22:00:37 IST" finished-at="2023-05-16T22:00:37 IST">
          <reporter-output>
          </reporter-output>
        </test-method> <!-- startTestCase -->
        <test-method status="FAIL" signature="preCondition()[pri:0, instance:com.leaftaps.testcases.TC001_VerifyLogin@1baae6e]" name="preCondition" is-config="true" duration-ms="18921" started-at="2023-05-16T22:00:39 IST" finished-at="2023-05-16T22:00:58 IST">
          <exception class="java.lang.StackOverflowError">
            <full-stacktrace>
              <![CDATA[java.lang.StackOverflowError
at com.framework.selenium.api.base.SeleniumBase.takeSnap(SeleniumBase.java:840)
at com.framework.utils.Reporter.reportStep(Reporter.java:87)
at com.framework.utils.Reporter.reportStep(Reporter.java:110)
at com.framework.selenium.api.base.SeleniumBase.takeSnap(SeleniumBase.java:848)
at com.framework.utils.Reporter.reportStep(Reporter.java:87)
at com.framework.utils.Reporter.reportStep(Reporter.java:110)
at com.framework.selenium.api.base.SeleniumBase.takeSnap(SeleniumBase.java:848)
at com.framework.utils.Reporter.reportStep(Reporter.java:87)
at com.framework.utils.Reporter.reportStep(Reporter.java:110)
at com.framework.selenium.api.base.SeleniumBase.takeSnap(SeleniumBase.java:848)
at com.framework.utils.Reporter.reportStep(Reporter.java:87)
at com.framework.utils.Reporter.reportStep(Reporter.java:110)
at com.framework.selenium.api.base.SeleniumBase.takeSnap(SeleniumBase.java:848)
at com.framework.utils.Reporter.reportStep(Reporter.java:87)
at com.framework.utils.Reporter.reportStep(Reporter.java:110)
at com.framework.selenium.api.base.SeleniumBase.takeSnap(SeleniumBase.java:848)
at com.framework.utils.Reporter.reportStep(Reporter.java:87)
at com.framework.utils.Reporter.reportStep(Reporter.java:110)
at com.framework.selenium.api.base.SeleniumBase.takeSnap(SeleniumBase.java:848)
at com.framework.utils.Reporter.reportStep(Reporter.java:87)
at com.framework.utils.Reporter.reportStep(Reporter.java:110)
at com.framework.selenium.api.base.SeleniumBase.takeSnap(SeleniumBase.java:848)
at com.framework.utils.Reporter.reportStep(Reporter.java:87)
at com.framework.utils.Reporter.reportStep(Reporter.java:110)
at com.framework.selenium.api.base.SeleniumBase.takeSnap(SeleniumBase.java:848)
at com.framework.utils.Reporter.reportStep(Reporter.java:87)
at com.framework.utils.Reporter.reportStep(Reporter.java:110)
at com.framework.selenium.api.base.SeleniumBase.takeSnap(SeleniumBase.java:848)
at com.framework.utils.Reporter.reportStep(Reporter.java:87)
at com.framework.utils.Reporter.reportStep(Reporter.java:110)
at com.framework.selenium.api.base.SeleniumBase.takeSnap(SeleniumBase.java:848)
at com.framework.utils.Reporter.reportStep(Reporter.java:87)
at com.framework.utils.Reporter.reportStep(Reporter.java:110)
at com.framework.selenium.api.base.SeleniumBase.takeSnap(SeleniumBase.java:848)
at com.framework.utils.Reporter.reportStep(Reporter.java:87)
at com.framework.utils.Reporter.reportStep(Reporter.java:110)
at com.framework.selenium.api.base.SeleniumBase.takeSnap(SeleniumBase.java:848)
at com.framework.utils.Reporter.reportStep(Reporter.java:87)
at com.framework.utils.Reporter.reportStep(Reporter.java:110)
at com.framework.selenium.api.base.SeleniumBase.takeSnap(SeleniumBase.java:848)
at com.framework.utils.Reporter.reportStep(Reporter.java:87)
at com.framework.utils.Reporter.reportStep(Reporter.java:110)
at com.framework.selenium.api.base.SeleniumBase.takeSnap(SeleniumBase.java:848)
at com.framework.utils.Reporter.reportStep(Reporter.java:87)
at com.framework.utils.Reporter.reportStep(Reporter.java:110)
at com.framework.selenium.api.base.SeleniumBase.takeSnap(SeleniumBase.java:848)
at com.framework.utils.Reporter.reportStep(Reporter.java:87)
at com.framework.utils.Reporter.reportStep(Reporter.java:110)
at com.framework.selenium.api.base.SeleniumBase.takeSnap(SeleniumBase.java:848)
at com.framework.utils.Reporter.reportStep(Reporter.java:87)
at com.framework.utils.Reporter.reportStep(Reporter.java:110)
at com.framework.selenium.api.base.SeleniumBase.takeSnap(SeleniumBase.java:848)
at com.framework.utils.Reporter.reportStep(Reporter.java:87)
at com.framework.utils.Reporter.reportStep(Reporter.java:110)
at com.framework.selenium.api.base.SeleniumBase.takeSnap(SeleniumBase.java:848)
at com.framework.utils.Reporter.reportStep(Reporter.java:87)
at com.framework.utils.Reporter.reportStep(Reporter.java:110)
at com.framework.selenium.api.base.SeleniumBase.takeSnap(SeleniumBase.java:848)
at com.framework.utils.Reporter.reportStep(Reporter.java:87)
at com.framework.utils.Reporter.reportStep(Reporter.java:110)
at com.framework.selenium.api.base.SeleniumBase.takeSnap(SeleniumBase.java:848)
at com.framework.utils.Reporter.reportStep(Reporter.java:87)
at com.framework.utils.Reporter.reportStep(Reporter.java:110)
at com.framework.selenium.api.base.SeleniumBase.takeSnap(SeleniumBase.java:848)
at com.framework.utils.Reporter.reportStep(Reporter.java:87)
at com.framework.utils.Reporter.reportStep(Reporter.java:110)
at com.framework.selenium.api.base.SeleniumBase.takeSnap(SeleniumBase.java:848)
at com.framework.utils.Reporter.reportStep(Reporter.java:87)
at com.framework.utils.Reporter.reportStep(Reporter.java:110)
at com.framework.selenium.api.base.SeleniumBase.takeSnap(SeleniumBase.java:848)
at com.framework.utils.Reporter.reportStep(Reporter.java:87)
at com.framework.utils.Reporter.reportStep(Reporter.java:110)
at com.framework.selenium.api.base.SeleniumBase.takeSnap(SeleniumBase.java:848)
at com.framework.utils.Reporter.reportStep(Reporter.java:87)
at com.framework.utils.Reporter.reportStep(Reporter.java:110)
at com.framework.selenium.api.base.SeleniumBase.takeSnap(SeleniumBase.java:848)
at com.framework.utils.Reporter.reportStep(Reporter.java:87)
at com.framework.utils.Reporter.reportStep(Reporter.java:110)
at com.framework.selenium.api.base.SeleniumBase.takeSnap(SeleniumBase.java:848)
at com.framework.utils.Reporter.reportStep(Reporter.java:87)
at com.framework.utils.Reporter.reportStep(Reporter.java:110)
at com.framework.selenium.api.base.SeleniumBase.takeSnap(SeleniumBase.java:848)
at com.framework.utils.Reporter.reportStep(Reporter.java:87)
at com.framework.utils.Reporter.reportStep(Reporter.java:110)
at com.framework.selenium.api.base.SeleniumBase.takeSnap(SeleniumBase.java:848)
at com.framework.utils.Reporter.reportStep(Reporter.java:87)
at com.framework.utils.Reporter.reportStep(Reporter.java:110)
at com.framework.selenium.api.base.SeleniumBase.takeSnap(SeleniumBase.java:848)
at com.framework.utils.Reporter.reportStep(Reporter.java:87)
at com.framework.utils.Reporter.reportStep(Reporter.java:110)
at com.framework.selenium.api.base.SeleniumBase.takeSnap(SeleniumBase.java:848)
at com.framework.utils.Reporter.reportStep(Reporter.java:87)
at com.framework.utils.Reporter.reportStep(Reporter.java:110)
at com.framework.selenium.api.base.SeleniumBase.takeSnap(SeleniumBase.java:848)
at com.framework.utils.Reporter.reportStep(Reporter.java:87)
at com.framework.utils.Reporter.reportStep(Reporter.java:110)
at com.framework.selenium.api.base.SeleniumBase.takeSnap(SeleniumBase.java:848)
at com.framework.utils.Reporter.reportStep(Reporter.java:87)
at com.framework.utils.Reporter.reportStep(Reporter.java:110)
at com.framework.selenium.api.base.SeleniumBase.takeSnap(SeleniumBase.java:848)
at com.framework.utils.Reporter.reportStep(Reporter.java:87)
at com.framework.utils.Reporter.reportStep(Reporter.java:110)
at com.framework.selenium.api.base.SeleniumBase.takeSnap(SeleniumBase.java:848)
at com.framework.utils.Reporter.reportStep(Reporter.java:87)
at com.framework.utils.Reporter.reportStep(Reporter.java:110)
at com.framework.selenium.api.base.SeleniumBase.takeSnap(SeleniumBase.java:848)
at com.framework.utils.Reporter.reportStep(Reporter.java:87)
at com.framework.utils.Reporter.reportStep(Reporter.java:110)
at com.framework.selenium.api.base.SeleniumBase.takeSnap(SeleniumBase.java:848)
at com.framework.utils.Reporter.reportStep(Reporter.java:87)
at com.framework.utils.Reporter.reportStep(Reporter.java:110)
at com.framework.selenium.api.base.SeleniumBase.takeSnap(SeleniumBase.java:848)
at com.framework.utils.Reporter.reportStep(Reporter.java:87)
at com.framework.utils.Reporter.reportStep(Reporter.java:110)
at com.framework.selenium.api.base.SeleniumBase.takeSnap(SeleniumBase.java:848)
at com.framework.utils.Reporter.reportStep(Reporter.java:87)
at com.framework.utils.Reporter.reportStep(Reporter.java:110)
at com.framework.selenium.api.base.SeleniumBase.takeSnap(SeleniumBase.java:848)
at com.framework.utils.Reporter.reportStep(Reporter.java:87)
at com.framework.utils.Reporter.reportStep(Reporter.java:110)
at com.framework.selenium.api.base.SeleniumBase.takeSnap(SeleniumBase.java:848)
at com.framework.utils.Reporter.reportStep(Reporter.java:87)
at com.framework.utils.Reporter.reportStep(Reporter.java:110)
at com.framework.selenium.api.base.SeleniumBase.takeSnap(SeleniumBase.java:848)
at com.framework.utils.Reporter.reportStep(Reporter.java:87)
at com.framework.utils.Reporter.reportStep(Reporter.java:110)
at com.framework.selenium.api.base.SeleniumBase.takeSnap(SeleniumBase.java:848)
at com.framework.utils.Reporter.reportStep(Reporter.java:87)
at com.framework.utils.Reporter.reportStep(Reporter.java:110)
at com.framework.selenium.api.base.SeleniumBase.takeSnap(SeleniumBase.java:848)
at com.framework.utils.Reporter.reportStep(Reporter.java:87)
at com.framework.utils.Reporter.reportStep(Reporter.java:110)
at com.framework.selenium.api.base.SeleniumBase.takeSnap(SeleniumBase.java:848)
at com.framework.utils.Reporter.reportStep(Reporter.java:87)
at com.framework.utils.Reporter.reportStep(Reporter.java:110)
at com.framework.selenium.api.base.SeleniumBase.takeSnap(SeleniumBase.java:848)
at com.framework.utils.Reporter.reportStep(Reporter.java:87)
at com.framework.utils.Reporter.reportStep(Reporter.java:110)
at com.framework.selenium.api.base.SeleniumBase.takeSnap(SeleniumBase.java:848)
at com.framework.utils.Reporter.reportStep(Reporter.java:87)
at com.framework.utils.Reporter.reportStep(Reporter.java:110)
at com.framework.selenium.api.base.SeleniumBase.takeSnap(SeleniumBase.java:848)
at com.framework.utils.Reporter.reportStep(Reporter.java:87)
at com.framework.utils.Reporter.reportStep(Reporter.java:110)
at com.framework.selenium.api.base.SeleniumBase.takeSnap(SeleniumBase.java:848)
at com.framework.utils.Reporter.reportStep(Reporter.java:87)
at com.framework.utils.Reporter.reportStep(Reporter.java:110)
at com.framework.selenium.api.base.SeleniumBase.takeSnap(SeleniumBase.java:848)
at com.framework.utils.Reporter.reportStep(Reporter.java:87)
at com.framework.utils.Reporter.reportStep(Reporter.java:110)
at com.framework.selenium.api.base.SeleniumBase.takeSnap(SeleniumBase.java:848)
at com.framework.utils.Reporter.reportStep(Reporter.java:87)
at com.framework.utils.Reporter.reportStep(Reporter.java:110)
at com.framework.selenium.api.base.SeleniumBase.takeSnap(SeleniumBase.java:848)
at com.framework.utils.Reporter.reportStep(Reporter.java:87)
at com.framework.utils.Reporter.reportStep(Reporter.java:110)
at com.framework.selenium.api.base.SeleniumBase.takeSnap(SeleniumBase.java:848)
at com.framework.utils.Reporter.reportStep(Reporter.java:87)
at com.framework.utils.Reporter.reportStep(Reporter.java:110)
at com.framework.selenium.api.base.SeleniumBase.takeSnap(SeleniumBase.java:848)
at com.framework.utils.Reporter.reportStep(Reporter.java:87)
at com.framework.utils.Reporter.reportStep(Reporter.java:110)
at com.framework.selenium.api.base.SeleniumBase.takeSnap(SeleniumBase.java:848)
at com.framework.utils.Reporter.reportStep(Reporter.java:87)
at com.framework.utils.Reporter.reportStep(Reporter.java:110)
at com.framework.selenium.api.base.SeleniumBase.takeSnap(SeleniumBase.java:848)
at com.framework.utils.Reporter.reportStep(Reporter.java:87)
at com.framework.utils.Reporter.reportStep(Reporter.java:110)
at com.framework.selenium.api.base.SeleniumBase.takeSnap(SeleniumBase.java:848)
at com.framework.utils.Reporter.reportStep(Reporter.java:87)
at com.framework.utils.Reporter.reportStep(Reporter.java:110)
at com.framework.selenium.api.base.SeleniumBase.takeSnap(SeleniumBase.java:848)
at com.framework.utils.Reporter.reportStep(Reporter.java:87)
at com.framework.utils.Reporter.reportStep(Reporter.java:110)
at com.framework.selenium.api.base.SeleniumBase.takeSnap(SeleniumBase.java:848)
at com.framework.utils.Reporter.reportStep(Reporter.java:87)
at com.framework.utils.Reporter.reportStep(Reporter.java:110)
at com.framework.selenium.api.base.SeleniumBase.takeSnap(SeleniumBase.java:848)
at com.framework.utils.Reporter.reportStep(Reporter.java:87)
at com.framework.utils.Reporter.reportStep(Reporter.java:110)
at com.framework.selenium.api.base.SeleniumBase.takeSnap(SeleniumBase.java:848)
at com.framework.utils.Reporter.reportStep(Reporter.java:87)
at com.framework.utils.Reporter.reportStep(Reporter.java:110)
at com.framework.selenium.api.base.SeleniumBase.takeSnap(SeleniumBase.java:848)
at com.framework.utils.Reporter.reportStep(Reporter.java:87)
at com.framework.utils.Reporter.reportStep(Reporter.java:110)
at com.framework.selenium.api.base.SeleniumBase.takeSnap(SeleniumBase.java:848)
at com.framework.utils.Reporter.reportStep(Reporter.java:87)
at com.framework.utils.Reporter.reportStep(Reporter.java:110)
at com.framework.selenium.api.base.SeleniumBase.takeSnap(SeleniumBase.java:848)
at com.framework.utils.Reporter.reportStep(Reporter.java:87)
at com.framework.utils.Reporter.reportStep(Reporter.java:110)
at com.framework.selenium.api.base.SeleniumBase.takeSnap(SeleniumBase.java:848)
at com.framework.utils.Reporter.reportStep(Reporter.java:87)
at com.framework.utils.Reporter.reportStep(Reporter.java:110)
at com.framework.selenium.api.base.SeleniumBase.takeSnap(SeleniumBase.java:848)
at com.framework.utils.Reporter.reportStep(Reporter.java:87)
at com.framework.utils.Reporter.reportStep(Reporter.java:110)
at com.framework.selenium.api.base.SeleniumBase.takeSnap(SeleniumBase.java:848)
at com.framework.utils.Reporter.reportStep(Reporter.java:87)
at com.framework.utils.Reporter.reportStep(Reporter.java:110)
at com.framework.selenium.api.base.SeleniumBase.takeSnap(SeleniumBase.java:848)
at com.framework.utils.Reporter.reportStep(Reporter.java:87)
at com.framework.utils.Reporter.reportStep(Reporter.java:110)
at com.framework.selenium.api.base.SeleniumBase.takeSnap(SeleniumBase.java:848)
at com.framework.utils.Reporter.reportStep(Reporter.java:87)
at com.framework.utils.Reporter.reportStep(Reporter.java:110)
at com.framework.selenium.api.base.SeleniumBase.takeSnap(SeleniumBase.java:848)
at com.framework.utils.Reporter.reportStep(Reporter.java:87)
at com.framework.utils.Reporter.reportStep(Reporter.java:110)
at com.framework.selenium.api.base.SeleniumBase.takeSnap(SeleniumBase.java:848)
at com.framework.utils.Reporter.reportStep(Reporter.java:87)
at com.framework.utils.Reporter.reportStep(Reporter.java:110)
at com.framework.selenium.api.base.SeleniumBase.takeSnap(SeleniumBase.java:848)
at com.framework.utils.Reporter.reportStep(Reporter.java:87)
at com.framework.utils.Reporter.reportStep(Reporter.java:110)
at com.framework.selenium.api.base.SeleniumBase.takeSnap(SeleniumBase.java:848)
at com.framework.utils.Reporter.reportStep(Reporter.java:87)
at com.framework.utils.Reporter.reportStep(Reporter.java:110)
at com.framework.selenium.api.base.SeleniumBase.takeSnap(SeleniumBase.java:848)
at com.framework.utils.Reporter.reportStep(Reporter.java:87)
at com.framework.utils.Reporter.reportStep(Reporter.java:110)
at com.framework.selenium.api.base.SeleniumBase.takeSnap(SeleniumBase.java:848)
at com.framework.utils.Reporter.reportStep(Reporter.java:87)
at com.framework.utils.Reporter.reportStep(Reporter.java:110)
at com.framework.selenium.api.base.SeleniumBase.takeSnap(SeleniumBase.java:848)
at com.framework.utils.Reporter.reportStep(Reporter.java:87)
at com.framework.utils.Reporter.reportStep(Reporter.java:110)
at com.framework.selenium.api.base.SeleniumBase.takeSnap(SeleniumBase.java:848)
at com.framework.utils.Reporter.reportStep(Reporter.java:87)
at com.framework.utils.Reporter.reportStep(Reporter.java:110)
at com.framework.selenium.api.base.SeleniumBase.takeSnap(SeleniumBase.java:848)
at com.framework.utils.Reporter.reportStep(Reporter.java:87)
at com.framework.utils.Reporter.reportStep(Reporter.java:110)
at com.framework.selenium.api.base.SeleniumBase.takeSnap(SeleniumBase.java:848)
at com.framework.utils.Reporter.reportStep(Reporter.java:87)
at com.framework.utils.Reporter.reportStep(Reporter.java:110)
at com.framework.selenium.api.base.SeleniumBase.takeSnap(SeleniumBase.java:848)
at com.framework.utils.Reporter.reportStep(Reporter.java:87)
at com.framework.utils.Reporter.reportStep(Reporter.java:110)
at com.framework.selenium.api.base.SeleniumBase.takeSnap(SeleniumBase.java:848)
at com.framework.utils.Reporter.reportStep(Reporter.java:87)
at com.framework.utils.Reporter.reportStep(Reporter.java:110)
at com.framework.selenium.api.base.SeleniumBase.takeSnap(SeleniumBase.java:848)
at com.framework.utils.Reporter.reportStep(Reporter.java:87)
at com.framework.utils.Reporter.reportStep(Reporter.java:110)
at com.framework.selenium.api.base.SeleniumBase.takeSnap(SeleniumBase.java:848)
at com.framework.utils.Reporter.reportStep(Reporter.java:87)
at com.framework.utils.Reporter.reportStep(Reporter.java:110)
at com.framework.selenium.api.base.SeleniumBase.takeSnap(SeleniumBase.java:848)
at com.framework.utils.Reporter.reportStep(Reporter.java:87)
at com.framework.utils.Reporter.reportStep(Reporter.java:110)
at com.framework.selenium.api.base.SeleniumBase.takeSnap(SeleniumBase.java:848)
at com.framework.utils.Reporter.reportStep(Reporter.java:87)
at com.framework.utils.Reporter.reportStep(Reporter.java:110)
at com.framework.selenium.api.base.SeleniumBase.takeSnap(SeleniumBase.java:848)
at com.framework.utils.Reporter.reportStep(Reporter.java:87)
at com.framework.utils.Reporter.reportStep(Reporter.java:110)
at com.framework.selenium.api.base.SeleniumBase.takeSnap(SeleniumBase.java:848)
at com.framework.utils.Reporter.reportStep(Reporter.java:87)
at com.framework.utils.Reporter.reportStep(Reporter.java:110)
at com.framework.selenium.api.base.SeleniumBase.takeSnap(SeleniumBase.java:848)
at com.framework.utils.Reporter.reportStep(Reporter.java:87)
at com.framework.utils.Reporter.reportStep(Reporter.java:110)
at com.framework.selenium.api.base.SeleniumBase.takeSnap(SeleniumBase.java:848)
at com.framework.utils.Reporter.reportStep(Reporter.java:87)
at com.framework.utils.Reporter.reportStep(Reporter.java:110)
at com.framework.selenium.api.base.SeleniumBase.takeSnap(SeleniumBase.java:848)
at com.framework.utils.Reporter.reportStep(Reporter.java:87)
at com.framework.utils.Reporter.reportStep(Reporter.java:110)
at com.framework.selenium.api.base.SeleniumBase.takeSnap(SeleniumBase.java:848)
at com.framework.utils.Reporter.reportStep(Reporter.java:87)
at com.framework.utils.Reporter.reportStep(Reporter.java:110)
at com.framework.selenium.api.base.SeleniumBase.takeSnap(SeleniumBase.java:848)
at com.framework.utils.Reporter.reportStep(Reporter.java:87)
at com.framework.utils.Reporter.reportStep(Reporter.java:110)
at com.framework.selenium.api.base.SeleniumBase.takeSnap(SeleniumBase.java:848)
at com.framework.utils.Reporter.reportStep(Reporter.java:87)
at com.framework.utils.Reporter.reportStep(Reporter.java:110)
at com.framework.selenium.api.base.SeleniumBase.takeSnap(SeleniumBase.java:848)
at com.framework.utils.Reporter.reportStep(Reporter.java:87)
at com.framework.utils.Reporter.reportStep(Reporter.java:110)
at com.framework.selenium.api.base.SeleniumBase.takeSnap(SeleniumBase.java:848)
at com.framework.utils.Reporter.reportStep(Reporter.java:87)
at com.framework.utils.Reporter.reportStep(Reporter.java:110)
at com.framework.selenium.api.base.SeleniumBase.takeSnap(SeleniumBase.java:848)
at com.framework.utils.Reporter.reportStep(Reporter.java:87)
at com.framework.utils.Reporter.reportStep(Reporter.java:110)
at com.framework.selenium.api.base.SeleniumBase.takeSnap(SeleniumBase.java:848)
at com.framework.utils.Reporter.reportStep(Reporter.java:87)
at com.framework.utils.Reporter.reportStep(Reporter.java:110)
at com.framework.selenium.api.base.SeleniumBase.takeSnap(SeleniumBase.java:848)
at com.framework.utils.Reporter.reportStep(Reporter.java:87)
at com.framework.utils.Reporter.reportStep(Reporter.java:110)
at com.framework.selenium.api.base.SeleniumBase.takeSnap(SeleniumBase.java:848)
at com.framework.utils.Reporter.reportStep(Reporter.java:87)
at com.framework.utils.Reporter.reportStep(Reporter.java:110)
at com.framework.selenium.api.base.SeleniumBase.takeSnap(SeleniumBase.java:848)
at com.framework.utils.Reporter.reportStep(Reporter.java:87)
at com.framework.utils.Reporter.reportStep(Reporter.java:110)
at com.framework.selenium.api.base.SeleniumBase.takeSnap(SeleniumBase.java:848)
at com.framework.utils.Reporter.reportStep(Reporter.java:87)
at com.framework.utils.Reporter.reportStep(Reporter.java:110)
at com.framework.selenium.api.base.SeleniumBase.takeSnap(SeleniumBase.java:848)
at com.framework.utils.Reporter.reportStep(Reporter.java:87)
at com.framework.utils.Reporter.reportStep(Reporter.java:110)
at com.framework.selenium.api.base.SeleniumBase.takeSnap(SeleniumBase.java:848)
at com.framework.utils.Reporter.reportStep(Reporter.java:87)
at com.framework.utils.Reporter.reportStep(Reporter.java:110)
at com.framework.selenium.api.base.SeleniumBase.takeSnap(SeleniumBase.java:848)
at com.framework.utils.Reporter.reportStep(Reporter.java:87)
at com.framework.utils.Reporter.reportStep(Reporter.java:110)
at com.framework.selenium.api.base.SeleniumBase.takeSnap(SeleniumBase.java:848)
at com.framework.utils.Reporter.reportStep(Reporter.java:87)
at com.framework.utils.Reporter.reportStep(Reporter.java:110)
at com.framework.selenium.api.base.SeleniumBase.takeSnap(SeleniumBase.java:848)
at com.framework.utils.Reporter.reportStep(Reporter.java:87)
at com.framework.utils.Reporter.reportStep(Reporter.java:110)
at com.framework.selenium.api.base.SeleniumBase.takeSnap(SeleniumBase.java:848)
at com.framework.utils.Reporter.reportStep(Reporter.java:87)
at com.framework.utils.Reporter.reportStep(Reporter.java:110)
at com.framework.selenium.api.base.SeleniumBase.takeSnap(SeleniumBase.java:848)
at com.framework.utils.Reporter.reportStep(Reporter.java:87)
at com.framework.utils.Reporter.reportStep(Reporter.java:110)
at com.framework.selenium.api.base.SeleniumBase.takeSnap(SeleniumBase.java:848)
at com.framework.utils.Reporter.reportStep(Reporter.java:87)
at com.framework.utils.Reporter.reportStep(Reporter.java:110)
at com.framework.selenium.api.base.SeleniumBase.takeSnap(SeleniumBase.java:848)
at com.framework.utils.Reporter.reportStep(Reporter.java:87)
at com.framework.utils.Reporter.reportStep(Reporter.java:110)
at com.framework.selenium.api.base.SeleniumBase.takeSnap(SeleniumBase.java:848)
at com.framework.utils.Reporter.reportStep(Reporter.java:87)
at com.framework.utils.Reporter.reportStep(Reporter.java:110)
at com.framework.selenium.api.base.SeleniumBase.takeSnap(SeleniumBase.java:848)
at com.framework.utils.Reporter.reportStep(Reporter.java:87)
at com.framework.utils.Reporter.reportStep(Reporter.java:110)
at com.framework.selenium.api.base.SeleniumBase.takeSnap(SeleniumBase.java:848)
at com.framework.utils.Reporter.reportStep(Reporter.java:87)
at com.framework.utils.Reporter.reportStep(Reporter.java:110)
at com.framework.selenium.api.base.SeleniumBase.takeSnap(SeleniumBase.java:848)
at com.framework.utils.Reporter.reportStep(Reporter.java:87)
at com.framework.utils.Reporter.reportStep(Reporter.java:110)
at com.framework.selenium.api.base.SeleniumBase.takeSnap(SeleniumBase.java:848)
at com.framework.utils.Reporter.reportStep(Reporter.java:87)
at com.framework.utils.Reporter.reportStep(Reporter.java:110)
at com.framework.selenium.api.base.SeleniumBase.takeSnap(SeleniumBase.java:848)
at com.framework.utils.Reporter.reportStep(Reporter.java:87)
at com.framework.utils.Reporter.reportStep(Reporter.java:110)
at com.framework.selenium.api.base.SeleniumBase.takeSnap(SeleniumBase.java:848)
at com.framework.utils.Reporter.reportStep(Reporter.java:87)
at com.framework.utils.Reporter.reportStep(Reporter.java:110)
at com.framework.selenium.api.base.SeleniumBase.takeSnap(SeleniumBase.java:848)
at com.framework.utils.Reporter.reportStep(Reporter.java:87)
at com.framework.utils.Reporter.reportStep(Reporter.java:110)
at com.framework.selenium.api.base.SeleniumBase.takeSnap(SeleniumBase.java:848)
at com.framework.utils.Reporter.reportStep(Reporter.java:87)
at com.framework.utils.Reporter.reportStep(Reporter.java:110)
at com.framework.selenium.api.base.SeleniumBase.takeSnap(SeleniumBase.java:848)
at com.framework.utils.Reporter.reportStep(Reporter.java:87)
at com.framework.utils.Reporter.reportStep(Reporter.java:110)
at com.framework.selenium.api.base.SeleniumBase.takeSnap(SeleniumBase.java:848)
at com.framework.utils.Reporter.reportStep(Reporter.java:87)
at com.framework.utils.Reporter.reportStep(Reporter.java:110)
at com.framework.selenium.api.base.SeleniumBase.takeSnap(SeleniumBase.java:848)
at com.framework.utils.Reporter.reportStep(Reporter.java:87)
at com.framework.utils.Reporter.reportStep(Reporter.java:110)
at com.framework.selenium.api.base.SeleniumBase.takeSnap(SeleniumBase.java:848)
at com.framework.utils.Reporter.reportStep(Reporter.java:87)
at com.framework.utils.Reporter.reportStep(Reporter.java:110)
at com.framework.selenium.api.base.SeleniumBase.takeSnap(SeleniumBase.java:848)
at com.framework.utils.Reporter.reportStep(Reporter.java:87)
at com.framework.utils.Reporter.reportStep(Reporter.java:110)
at com.framework.selenium.api.base.SeleniumBase.takeSnap(SeleniumBase.java:848)
at com.framework.utils.Reporter.reportStep(Reporter.java:87)
at com.framework.utils.Reporter.reportStep(Reporter.java:110)
at com.framework.selenium.api.base.SeleniumBase.takeSnap(SeleniumBase.java:848)
at com.framework.utils.Reporter.reportStep(Reporter.java:87)
at com.framework.utils.Reporter.reportStep(Reporter.java:110)
at com.framework.selenium.api.base.SeleniumBase.takeSnap(SeleniumBase.java:848)
at com.framework.utils.Reporter.reportStep(Reporter.java:87)
at com.framework.utils.Reporter.reportStep(Reporter.java:110)
at com.framework.selenium.api.base.SeleniumBase.takeSnap(SeleniumBase.java:848)
at com.framework.utils.Reporter.reportStep(Reporter.java:87)
at com.framework.utils.Reporter.reportStep(Reporter.java:110)
at com.framework.selenium.api.base.SeleniumBase.takeSnap(SeleniumBase.java:848)
at com.framework.utils.Reporter.reportStep(Reporter.java:87)
at com.framework.utils.Reporter.reportStep(Reporter.java:110)
at com.framework.selenium.api.base.SeleniumBase.takeSnap(SeleniumBase.java:848)
at com.framework.utils.Reporter.reportStep(Reporter.java:87)
at com.framework.utils.Reporter.reportStep(Reporter.java:110)
at com.framework.selenium.api.base.SeleniumBase.takeSnap(SeleniumBase.java:848)
at com.framework.utils.Reporter.reportStep(Reporter.java:87)
at com.framework.utils.Reporter.reportStep(Reporter.java:110)
at com.framework.selenium.api.base.SeleniumBase.takeSnap(SeleniumBase.java:848)
at com.framework.utils.Reporter.reportStep(Reporter.java:87)
at com.framework.utils.Reporter.reportStep(Reporter.java:110)
at com.framework.selenium.api.base.SeleniumBase.takeSnap(SeleniumBase.java:848)
at com.framework.utils.Reporter.reportStep(Reporter.java:87)
at com.framework.utils.Reporter.reportStep(Reporter.java:110)
at com.framework.selenium.api.base.SeleniumBase.takeSnap(SeleniumBase.java:848)
at com.framework.utils.Reporter.reportStep(Reporter.java:87)
at com.framework.utils.Reporter.reportStep(Reporter.java:110)
at com.framework.selenium.api.base.SeleniumBase.takeSnap(SeleniumBase.java:848)
at com.framework.utils.Reporter.reportStep(Reporter.java:87)
at com.framework.utils.Reporter.reportStep(Reporter.java:110)
at com.framework.selenium.api.base.SeleniumBase.takeSnap(SeleniumBase.java:848)
at com.framework.utils.Reporter.reportStep(Reporter.java:87)
at com.framework.utils.Reporter.reportStep(Reporter.java:110)
at com.framework.selenium.api.base.SeleniumBase.takeSnap(SeleniumBase.java:848)
at com.framework.utils.Reporter.reportStep(Reporter.java:87)
at com.framework.utils.Reporter.reportStep(Reporter.java:110)
at com.framework.selenium.api.base.SeleniumBase.takeSnap(SeleniumBase.java:848)
at com.framework.utils.Reporter.reportStep(Reporter.java:87)
at com.framework.utils.Reporter.reportStep(Reporter.java:110)
at com.framework.selenium.api.base.SeleniumBase.takeSnap(SeleniumBase.java:848)
at com.framework.utils.Reporter.reportStep(Reporter.java:87)
at com.framework.utils.Reporter.reportStep(Reporter.java:110)
at com.framework.selenium.api.base.SeleniumBase.takeSnap(SeleniumBase.java:848)
at com.framework.utils.Reporter.reportStep(Reporter.java:87)
at com.framework.utils.Reporter.reportStep(Reporter.java:110)
at com.framework.selenium.api.base.SeleniumBase.takeSnap(SeleniumBase.java:848)
at com.framework.utils.Reporter.reportStep(Reporter.java:87)
at com.framework.utils.Reporter.reportStep(Reporter.java:110)
at com.framework.selenium.api.base.SeleniumBase.takeSnap(SeleniumBase.java:848)
at com.framework.utils.Reporter.reportStep(Reporter.java:87)
at com.framework.utils.Reporter.reportStep(Reporter.java:110)
at com.framework.selenium.api.base.SeleniumBase.takeSnap(SeleniumBase.java:848)
at com.framework.utils.Reporter.reportStep(Reporter.java:87)
at com.framework.utils.Reporter.reportStep(Reporter.java:110)
at com.framework.selenium.api.base.SeleniumBase.takeSnap(SeleniumBase.java:848)
at com.framework.utils.Reporter.reportStep(Reporter.java:87)
at com.framework.utils.Reporter.reportStep(Reporter.java:110)
at com.framework.selenium.api.base.SeleniumBase.takeSnap(SeleniumBase.java:848)
at com.framework.utils.Reporter.reportStep(Reporter.java:87)
at com.framework.utils.Reporter.reportStep(Reporter.java:110)
at com.framework.selenium.api.base.SeleniumBase.takeSnap(SeleniumBase.java:848)
at com.framework.utils.Reporter.reportStep(Reporter.java:87)
at com.framework.utils.Reporter.reportStep(Reporter.java:110)
at com.framework.selenium.api.base.SeleniumBase.takeSnap(SeleniumBase.java:848)
at com.framework.utils.Reporter.reportStep(Reporter.java:87)
at com.framework.utils.Reporter.reportStep(Reporter.java:110)
at com.framework.selenium.api.base.SeleniumBase.takeSnap(SeleniumBase.java:848)
at com.framework.utils.Reporter.reportStep(Reporter.java:87)
at com.framework.utils.Reporter.reportStep(Reporter.java:110)
at com.framework.selenium.api.base.SeleniumBase.takeSnap(SeleniumBase.java:848)
at com.framework.utils.Reporter.reportStep(Reporter.java:87)
at com.framework.utils.Reporter.reportStep(Reporter.java:110)
at com.framework.selenium.api.base.SeleniumBase.takeSnap(SeleniumBase.java:848)
at com.framework.utils.Reporter.reportStep(Reporter.java:87)
at com.framework.utils.Reporter.reportStep(Reporter.java:110)
at com.framework.selenium.api.base.SeleniumBase.takeSnap(SeleniumBase.java:848)
at com.framework.utils.Reporter.reportStep(Reporter.java:87)
at com.framework.utils.Reporter.reportStep(Reporter.java:110)
at com.framework.selenium.api.base.SeleniumBase.takeSnap(SeleniumBase.java:848)
at com.framework.utils.Reporter.reportStep(Reporter.java:87)
at com.framework.utils.Reporter.reportStep(Reporter.java:110)
at com.framework.selenium.api.base.SeleniumBase.takeSnap(SeleniumBase.java:848)
at com.framework.utils.Reporter.reportStep(Reporter.java:87)
at com.framework.utils.Reporter.reportStep(Reporter.java:110)
at com.framework.selenium.api.base.SeleniumBase.takeSnap(SeleniumBase.java:848)
at com.framework.utils.Reporter.reportStep(Reporter.java:87)
at com.framework.utils.Reporter.reportStep(Reporter.java:110)
at com.framework.selenium.api.base.SeleniumBase.takeSnap(SeleniumBase.java:848)
at com.framework.utils.Reporter.reportStep(Reporter.java:87)
at com.framework.utils.Reporter.reportStep(Reporter.java:110)
at com.framework.selenium.api.base.SeleniumBase.takeSnap(SeleniumBase.java:848)
at com.framework.utils.Reporter.reportStep(Reporter.java:87)
at com.framework.utils.Reporter.reportStep(Reporter.java:110)
at com.framework.selenium.api.base.SeleniumBase.takeSnap(SeleniumBase.java:848)
at com.framework.utils.Reporter.reportStep(Reporter.java:87)
at com.framework.utils.Reporter.reportStep(Reporter.java:110)
at com.framework.selenium.api.base.SeleniumBase.takeSnap(SeleniumBase.java:848)
at com.framework.utils.Reporter.reportStep(Reporter.java:87)
at com.framework.utils.Reporter.reportStep(Reporter.java:110)
at com.framework.selenium.api.base.SeleniumBase.takeSnap(SeleniumBase.java:848)
at com.framework.utils.Reporter.reportStep(Reporter.java:87)
at com.framework.utils.Reporter.reportStep(Reporter.java:110)
at com.framework.selenium.api.base.SeleniumBase.takeSnap(SeleniumBase.java:848)
at com.framework.utils.Reporter.reportStep(Reporter.java:87)
at com.framework.utils.Reporter.reportStep(Reporter.java:110)
at com.framework.selenium.api.base.SeleniumBase.takeSnap(SeleniumBase.java:848)
at com.framework.utils.Reporter.reportStep(Reporter.java:87)
at com.framework.utils.Reporter.reportStep(Reporter.java:110)
at com.framework.selenium.api.base.SeleniumBase.takeSnap(SeleniumBase.java:848)
at com.framework.utils.Reporter.reportStep(Reporter.java:87)
at com.framework.utils.Reporter.reportStep(Reporter.java:110)
at com.framework.selenium.api.base.SeleniumBase.takeSnap(SeleniumBase.java:848)
at com.framework.utils.Reporter.reportStep(Reporter.java:87)
at com.framework.utils.Reporter.reportStep(Reporter.java:110)
at com.framework.selenium.api.base.SeleniumBase.takeSnap(SeleniumBase.java:848)
at com.framework.utils.Reporter.reportStep(Reporter.java:87)
at com.framework.utils.Reporter.reportStep(Reporter.java:110)
at com.framework.selenium.api.base.SeleniumBase.takeSnap(SeleniumBase.java:848)
at com.framework.utils.Reporter.reportStep(Reporter.java:87)
at com.framework.utils.Reporter.reportStep(Reporter.java:110)
at com.framework.selenium.api.base.SeleniumBase.takeSnap(SeleniumBase.java:848)
at com.framework.utils.Reporter.reportStep(Reporter.java:87)
at com.framework.utils.Reporter.reportStep(Reporter.java:110)
at com.framework.selenium.api.base.SeleniumBase.takeSnap(SeleniumBase.java:848)
at com.framework.utils.Reporter.reportStep(Reporter.java:87)
at com.framework.utils.Reporter.reportStep(Reporter.java:110)
at com.framework.selenium.api.base.SeleniumBase.takeSnap(SeleniumBase.java:848)
at com.framework.utils.Reporter.reportStep(Reporter.java:87)
at com.framework.utils.Reporter.reportStep(Reporter.java:110)
at com.framework.selenium.api.base.SeleniumBase.takeSnap(SeleniumBase.java:848)
at com.framework.utils.Reporter.reportStep(Reporter.java:87)
at com.framework.utils.Reporter.reportStep(Reporter.java:110)
at com.framework.selenium.api.base.SeleniumBase.takeSnap(SeleniumBase.java:848)
at com.framework.utils.Reporter.reportStep(Reporter.java:87)
at com.framework.utils.Reporter.reportStep(Reporter.java:110)
at com.framework.selenium.api.base.SeleniumBase.takeSnap(SeleniumBase.java:848)
at com.framework.utils.Reporter.reportStep(Reporter.java:87)
at com.framework.utils.Reporter.reportStep(Reporter.java:110)
at com.framework.selenium.api.base.SeleniumBase.takeSnap(SeleniumBase.java:848)
at com.framework.utils.Reporter.reportStep(Reporter.java:87)
at com.framework.utils.Reporter.reportStep(Reporter.java:110)
at com.framework.selenium.api.base.SeleniumBase.takeSnap(SeleniumBase.java:848)
at com.framework.utils.Reporter.reportStep(Reporter.java:87)
at com.framework.utils.Reporter.reportStep(Reporter.java:110)
at com.framework.selenium.api.base.SeleniumBase.takeSnap(SeleniumBase.java:848)
at com.framework.utils.Reporter.reportStep(Reporter.java:87)
at com.framework.utils.Reporter.reportStep(Reporter.java:110)
at com.framework.selenium.api.base.SeleniumBase.takeSnap(SeleniumBase.java:848)
at com.framework.utils.Reporter.reportStep(Reporter.java:87)
at com.framework.utils.Reporter.reportStep(Reporter.java:110)
at com.framework.selenium.api.base.SeleniumBase.takeSnap(SeleniumBase.java:848)
at com.framework.utils.Reporter.reportStep(Reporter.java:87)
at com.framework.utils.Reporter.reportStep(Reporter.java:110)
at com.framework.selenium.api.base.SeleniumBase.takeSnap(SeleniumBase.java:848)
at com.framework.utils.Reporter.reportStep(Reporter.java:87)
at com.framework.utils.Reporter.reportStep(Reporter.java:110)
at com.framework.selenium.api.base.SeleniumBase.takeSnap(SeleniumBase.java:848)
at com.framework.utils.Reporter.reportStep(Reporter.java:87)
at com.framework.utils.Reporter.reportStep(Reporter.java:110)
at com.framework.selenium.api.base.SeleniumBase.takeSnap(SeleniumBase.java:848)
at com.framework.utils.Reporter.reportStep(Reporter.java:87)
at com.framework.utils.Reporter.reportStep(Reporter.java:110)
at com.framework.selenium.api.base.SeleniumBase.takeSnap(SeleniumBase.java:848)
at com.framework.utils.Reporter.reportStep(Reporter.java:87)
at com.framework.utils.Reporter.reportStep(Reporter.java:110)
at com.framework.selenium.api.base.SeleniumBase.takeSnap(SeleniumBase.java:848)
at com.framework.utils.Reporter.reportStep(Reporter.java:87)
at com.framework.utils.Reporter.reportStep(Reporter.java:110)
at com.framework.selenium.api.base.SeleniumBase.takeSnap(SeleniumBase.java:848)
at com.framework.utils.Reporter.reportStep(Reporter.java:87)
at com.framework.utils.Reporter.reportStep(Reporter.java:110)
at com.framework.selenium.api.base.SeleniumBase.takeSnap(SeleniumBase.java:848)
at com.framework.utils.Reporter.reportStep(Reporter.java:87)
at com.framework.utils.Reporter.reportStep(Reporter.java:110)
at com.framework.selenium.api.base.SeleniumBase.takeSnap(SeleniumBase.java:848)
at com.framework.utils.Reporter.reportStep(Reporter.java:87)
at com.framework.utils.Reporter.reportStep(Reporter.java:110)
at com.framework.selenium.api.base.SeleniumBase.takeSnap(SeleniumBase.java:848)
at com.framework.utils.Reporter.reportStep(Reporter.java:87)
at com.framework.utils.Reporter.reportStep(Reporter.java:110)
at com.framework.selenium.api.base.SeleniumBase.takeSnap(SeleniumBase.java:848)
at com.framework.utils.Reporter.reportStep(Reporter.java:87)
at com.framework.utils.Reporter.reportStep(Reporter.java:110)
at com.framework.selenium.api.base.SeleniumBase.takeSnap(SeleniumBase.java:848)
at com.framework.utils.Reporter.reportStep(Reporter.java:87)
at com.framework.utils.Reporter.reportStep(Reporter.java:110)
at com.framework.selenium.api.base.SeleniumBase.takeSnap(SeleniumBase.java:848)
at com.framework.utils.Reporter.reportStep(Reporter.java:87)
at com.framework.utils.Reporter.reportStep(Reporter.java:110)
at com.framework.selenium.api.base.SeleniumBase.takeSnap(SeleniumBase.java:848)
at com.framework.utils.Reporter.reportStep(Reporter.java:87)
at com.framework.utils.Reporter.reportStep(Reporter.java:110)
at com.framework.selenium.api.base.SeleniumBase.takeSnap(SeleniumBase.java:848)
at com.framework.utils.Reporter.reportStep(Reporter.java:87)
at com.framework.utils.Reporter.reportStep(Reporter.java:110)
at com.framework.selenium.api.base.SeleniumBase.takeSnap(SeleniumBase.java:848)
at com.framework.utils.Reporter.reportStep(Reporter.java:87)
at com.framework.utils.Reporter.reportStep(Reporter.java:110)
at com.framework.selenium.api.base.SeleniumBase.takeSnap(SeleniumBase.java:848)
at com.framework.utils.Reporter.reportStep(Reporter.java:87)
at com.framework.utils.Reporter.reportStep(Reporter.java:110)
at com.framework.selenium.api.base.SeleniumBase.takeSnap(SeleniumBase.java:848)
at com.framework.utils.Reporter.reportStep(Reporter.java:87)
at com.framework.utils.Reporter.reportStep(Reporter.java:110)
at com.framework.selenium.api.base.SeleniumBase.takeSnap(SeleniumBase.java:848)
at com.framework.utils.Reporter.reportStep(Reporter.java:87)
at com.framework.utils.Reporter.reportStep(Reporter.java:110)
at com.framework.selenium.api.base.SeleniumBase.takeSnap(SeleniumBase.java:848)
at com.framework.utils.Reporter.reportStep(Reporter.java:87)
at com.framework.utils.Reporter.reportStep(Reporter.java:110)
at com.framework.selenium.api.base.SeleniumBase.takeSnap(SeleniumBase.java:848)
at com.framework.utils.Reporter.reportStep(Reporter.java:87)
at com.framework.utils.Reporter.reportStep(Reporter.java:110)
at com.framework.selenium.api.base.SeleniumBase.takeSnap(SeleniumBase.java:848)
at com.framework.utils.Reporter.reportStep(Reporter.java:87)
at com.framework.utils.Reporter.reportStep(Reporter.java:110)
at com.framework.selenium.api.base.SeleniumBase.takeSnap(SeleniumBase.java:848)
at com.framework.utils.Reporter.reportStep(Reporter.java:87)
at com.framework.utils.Reporter.reportStep(Reporter.java:110)
at com.framework.selenium.api.base.SeleniumBase.takeSnap(SeleniumBase.java:848)
at com.framework.utils.Reporter.reportStep(Reporter.java:87)
at com.framework.utils.Reporter.reportStep(Reporter.java:110)
at com.framework.selenium.api.base.SeleniumBase.takeSnap(SeleniumBase.java:848)
at com.framework.utils.Reporter.reportStep(Reporter.java:87)
at com.framework.utils.Reporter.reportStep(Reporter.java:110)
at com.framework.selenium.api.base.SeleniumBase.takeSnap(SeleniumBase.java:848)
at com.framework.utils.Reporter.reportStep(Reporter.java:87)
at com.framework.utils.Reporter.reportStep(Reporter.java:110)
at com.framework.selenium.api.base.SeleniumBase.takeSnap(SeleniumBase.java:848)
at com.framework.utils.Reporter.reportStep(Reporter.java:87)
at com.framework.utils.Reporter.reportStep(Reporter.java:110)
at com.framework.selenium.api.base.SeleniumBase.takeSnap(SeleniumBase.java:848)
at com.framework.utils.Reporter.reportStep(Reporter.java:87)
at com.framework.utils.Reporter.reportStep(Reporter.java:110)
at com.framework.selenium.api.base.SeleniumBase.takeSnap(SeleniumBase.java:848)
at com.framework.utils.Reporter.reportStep(Reporter.java:87)
at com.framework.utils.Reporter.reportStep(Reporter.java:110)
at com.framework.selenium.api.base.SeleniumBase.takeSnap(SeleniumBase.java:848)
at com.framework.utils.Reporter.reportStep(Reporter.java:87)
at com.framework.utils.Reporter.reportStep(Reporter.java:110)
at com.framework.selenium.api.base.SeleniumBase.takeSnap(SeleniumBase.java:848)
at com.framework.utils.Reporter.reportStep(Reporter.java:87)
at com.framework.utils.Reporter.reportStep(Reporter.java:110)
at com.framework.selenium.api.base.SeleniumBase.takeSnap(SeleniumBase.java:848)
at com.framework.utils.Reporter.reportStep(Reporter.java:87)
at com.framework.utils.Reporter.reportStep(Reporter.java:110)
at com.framework.selenium.api.base.SeleniumBase.takeSnap(SeleniumBase.java:848)
at com.framework.utils.Reporter.reportStep(Reporter.java:87)
at com.framework.utils.Reporter.reportStep(Reporter.java:110)
at com.framework.selenium.api.base.SeleniumBase.takeSnap(SeleniumBase.java:848)
at com.framework.utils.Reporter.reportStep(Reporter.java:87)
at com.framework.utils.Reporter.reportStep(Reporter.java:110)
at com.framework.selenium.api.base.SeleniumBase.takeSnap(SeleniumBase.java:848)
at com.framework.utils.Reporter.reportStep(Reporter.java:87)
at com.framework.utils.Reporter.reportStep(Reporter.java:110)
at com.framework.selenium.api.base.SeleniumBase.takeSnap(SeleniumBase.java:848)
at com.framework.utils.Reporter.reportStep(Reporter.java:87)
at com.framework.utils.Reporter.reportStep(Reporter.java:110)
at com.framework.selenium.api.base.SeleniumBase.takeSnap(SeleniumBase.java:848)
at com.framework.utils.Reporter.reportStep(Reporter.java:87)
at com.framework.utils.Reporter.reportStep(Reporter.java:110)
at com.framework.selenium.api.base.SeleniumBase.takeSnap(SeleniumBase.java:848)
at com.framework.utils.Reporter.reportStep(Reporter.java:87)
at com.framework.utils.Reporter.reportStep(Reporter.java:110)
at com.framework.selenium.api.base.SeleniumBase.takeSnap(SeleniumBase.java:848)
at com.framework.utils.Reporter.reportStep(Reporter.java:87)
at com.framework.utils.Reporter.reportStep(Reporter.java:110)
at com.framework.selenium.api.base.SeleniumBase.takeSnap(SeleniumBase.java:848)
at com.framework.utils.Reporter.reportStep(Reporter.java:87)
at com.framework.utils.Reporter.reportStep(Reporter.java:110)
at com.framework.selenium.api.base.SeleniumBase.takeSnap(SeleniumBase.java:848)
at com.framework.utils.Reporter.reportStep(Reporter.java:87)
at com.framework.utils.Reporter.reportStep(Reporter.java:110)
at com.framework.selenium.api.base.SeleniumBase.takeSnap(SeleniumBase.java:848)
at com.framework.utils.Reporter.reportStep(Reporter.java:87)
at com.framework.utils.Reporter.reportStep(Reporter.java:110)
at com.framework.selenium.api.base.SeleniumBase.takeSnap(SeleniumBase.java:848)
at com.framework.utils.Reporter.reportStep(Reporter.java:87)
at com.framework.utils.Reporter.reportStep(Reporter.java:110)
at com.framework.selenium.api.base.SeleniumBase.takeSnap(SeleniumBase.java:848)
at com.framework.utils.Reporter.reportStep(Reporter.java:87)
at com.framework.utils.Reporter.reportStep(Reporter.java:110)
at com.framework.selenium.api.base.SeleniumBase.takeSnap(SeleniumBase.java:848)
at com.framework.utils.Reporter.reportStep(Reporter.java:87)
at com.framework.utils.Reporter.reportStep(Reporter.java:110)
at com.framework.selenium.api.base.SeleniumBase.takeSnap(SeleniumBase.java:848)
at com.framework.utils.Reporter.reportStep(Reporter.java:87)
at com.framework.utils.Reporter.reportStep(Reporter.java:110)
at com.framework.selenium.api.base.SeleniumBase.takeSnap(SeleniumBase.java:848)
at com.framework.utils.Reporter.reportStep(Reporter.java:87)
at com.framework.utils.Reporter.reportStep(Reporter.java:110)
at com.framework.selenium.api.base.SeleniumBase.takeSnap(SeleniumBase.java:848)
at com.framework.utils.Reporter.reportStep(Reporter.java:87)
at com.framework.utils.Reporter.reportStep(Reporter.java:110)
at com.framework.selenium.api.base.SeleniumBase.takeSnap(SeleniumBase.java:848)
at com.framework.utils.Reporter.reportStep(Reporter.java:87)
at com.framework.utils.Reporter.reportStep(Reporter.java:110)
at com.framework.selenium.api.base.SeleniumBase.takeSnap(SeleniumBase.java:848)
at com.framework.utils.Reporter.reportStep(Reporter.java:87)
at com.framework.utils.Reporter.reportStep(Reporter.java:110)
at com.framework.selenium.api.base.SeleniumBase.takeSnap(SeleniumBase.java:848)
at com.framework.utils.Reporter.reportStep(Reporter.java:87)
at com.framework.utils.Reporter.reportStep(Reporter.java:110)
at com.framework.selenium.api.base.SeleniumBase.takeSnap(SeleniumBase.java:848)
at com.framework.utils.Reporter.reportStep(Reporter.java:87)
at com.framework.utils.Reporter.reportStep(Reporter.java:110)
at com.framework.selenium.api.base.SeleniumBase.takeSnap(SeleniumBase.java:848)
at com.framework.utils.Reporter.reportStep(Reporter.java:87)
at com.framework.utils.Reporter.reportStep(Reporter.java:110)
at com.framework.selenium.api.base.SeleniumBase.takeSnap(SeleniumBase.java:848)
at com.framework.utils.Reporter.reportStep(Reporter.java:87)
at com.framework.utils.Reporter.reportStep(Reporter.java:110)
at com.framework.selenium.api.base.SeleniumBase.takeSnap(SeleniumBase.java:848)
at com.framework.utils.Reporter.reportStep(Reporter.java:87)
at com.framework.utils.Reporter.reportStep(Reporter.java:110)
at com.framework.selenium.api.base.SeleniumBase.takeSnap(SeleniumBase.java:848)
at com.framework.utils.Reporter.reportStep(Reporter.java:87)
at com.framework.utils.Reporter.reportStep(Reporter.java:110)
at com.framework.selenium.api.base.SeleniumBase.takeSnap(SeleniumBase.java:848)
at com.framework.utils.Reporter.reportStep(Reporter.java:87)
at com.framework.utils.Reporter.reportStep(Reporter.java:110)
at com.framework.selenium.api.base.SeleniumBase.takeSnap(SeleniumBase.java:848)
at com.framework.utils.Reporter.reportStep(Reporter.java:87)
at com.framework.utils.Reporter.reportStep(Reporter.java:110)
at com.framework.selenium.api.base.SeleniumBase.takeSnap(SeleniumBase.java:848)
at com.framework.utils.Reporter.reportStep(Reporter.java:87)
at com.framework.utils.Reporter.reportStep(Reporter.java:110)
at com.framework.selenium.api.base.SeleniumBase.takeSnap(SeleniumBase.java:848)
at com.framework.utils.Reporter.reportStep(Reporter.java:87)
at com.framework.utils.Reporter.reportStep(Reporter.java:110)
at com.framework.selenium.api.base.SeleniumBase.takeSnap(SeleniumBase.java:848)
at com.framework.utils.Reporter.reportStep(Reporter.java:87)
at com.framework.utils.Reporter.reportStep(Reporter.java:110)
at com.framework.selenium.api.base.SeleniumBase.takeSnap(SeleniumBase.java:848)
at com.framework.utils.Reporter.reportStep(Reporter.java:87)
at com.framework.utils.Reporter.reportStep(Reporter.java:110)
at com.framework.selenium.api.base.SeleniumBase.takeSnap(SeleniumBase.java:848)
at com.framework.utils.Reporter.reportStep(Reporter.java:87)
at com.framework.utils.Reporter.reportStep(Reporter.java:110)
at com.framework.selenium.api.base.SeleniumBase.takeSnap(SeleniumBase.java:848)
at com.framework.utils.Reporter.reportStep(Reporter.java:87)
at com.framework.utils.Reporter.reportStep(Reporter.java:110)
at com.framework.selenium.api.base.SeleniumBase.takeSnap(SeleniumBase.java:848)
at com.framework.utils.Reporter.reportStep(Reporter.java:87)
at com.framework.utils.Reporter.reportStep(Reporter.java:110)
at com.framework.selenium.api.base.SeleniumBase.takeSnap(SeleniumBase.java:848)
at com.framework.utils.Reporter.reportStep(Reporter.java:87)
at com.framework.utils.Reporter.reportStep(Reporter.java:110)
at com.framework.selenium.api.base.SeleniumBase.takeSnap(SeleniumBase.java:848)
at com.framework.utils.Reporter.reportStep(Reporter.java:87)
at com.framework.utils.Reporter.reportStep(Reporter.java:110)
at com.framework.selenium.api.base.SeleniumBase.takeSnap(SeleniumBase.java:848)
at com.framework.utils.Reporter.reportStep(Reporter.java:87)
at com.framework.utils.Reporter.reportStep(Reporter.java:110)
at com.framework.selenium.api.base.SeleniumBase.takeSnap(SeleniumBase.java:848)
at com.framework.utils.Reporter.reportStep(Reporter.java:87)
at com.framework.utils.Reporter.reportStep(Reporter.java:110)
at com.framework.selenium.api.base.SeleniumBase.takeSnap(SeleniumBase.java:848)
at com.framework.utils.Reporter.reportStep(Reporter.java:87)
at com.framework.utils.Reporter.reportStep(Reporter.java:110)
at com.framework.selenium.api.base.SeleniumBase.takeSnap(SeleniumBase.java:848)
at com.framework.utils.Reporter.reportStep(Reporter.java:87)
at com.framework.utils.Reporter.reportStep(Reporter.java:110)
at com.framework.selenium.api.base.SeleniumBase.takeSnap(SeleniumBase.java:848)
at com.framework.utils.Reporter.reportStep(Reporter.java:87)
at com.framework.utils.Reporter.reportStep(Reporter.java:110)
at com.framework.selenium.api.base.SeleniumBase.takeSnap(SeleniumBase.java:848)
at com.framework.utils.Reporter.reportStep(Reporter.java:87)
at com.framework.utils.Reporter.reportStep(Reporter.java:110)
at com.framework.selenium.api.base.SeleniumBase.takeSnap(SeleniumBase.java:848)
at com.framework.utils.Reporter.reportStep(Reporter.java:87)
at com.framework.utils.Reporter.reportStep(Reporter.java:110)
at com.framework.selenium.api.base.SeleniumBase.takeSnap(SeleniumBase.java:848)
at com.framework.utils.Reporter.reportStep(Reporter.java:87)
at com.framework.utils.Reporter.reportStep(Reporter.java:110)
at com.framework.selenium.api.base.SeleniumBase.takeSnap(SeleniumBase.java:848)
at com.framework.utils.Reporter.reportStep(Reporter.java:87)
at com.framework.utils.Reporter.reportStep(Reporter.java:110)
at com.framework.selenium.api.base.SeleniumBase.takeSnap(SeleniumBase.java:848)
at com.framework.utils.Reporter.reportStep(Reporter.java:87)
at com.framework.utils.Reporter.reportStep(Reporter.java:110)
at com.framework.selenium.api.base.SeleniumBase.takeSnap(SeleniumBase.java:848)
at com.framework.utils.Reporter.reportStep(Reporter.java:87)
at com.framework.utils.Reporter.reportStep(Reporter.java:110)
at com.framework.selenium.api.base.SeleniumBase.takeSnap(SeleniumBase.java:848)
at com.framework.utils.Reporter.reportStep(Reporter.java:87)
at com.framework.utils.Reporter.reportStep(Reporter.java:110)
at com.framework.selenium.api.base.SeleniumBase.takeSnap(SeleniumBase.java:848)
at com.framework.utils.Reporter.reportStep(Reporter.java:87)
at com.framework.utils.Reporter.reportStep(Reporter.java:110)
at com.framework.selenium.api.base.SeleniumBase.takeSnap(SeleniumBase.java:848)
at com.framework.utils.Reporter.reportStep(Reporter.java:87)
at com.framework.utils.Reporter.reportStep(Reporter.java:110)
at com.framework.selenium.api.base.SeleniumBase.takeSnap(SeleniumBase.java:848)
at com.framework.utils.Reporter.reportStep(Reporter.java:87)
at com.framework.utils.Reporter.reportStep(Reporter.java:110)
at com.framework.selenium.api.base.SeleniumBase.takeSnap(SeleniumBase.java:848)
at com.framework.utils.Reporter.reportStep(Reporter.java:87)
at com.framework.utils.Reporter.reportStep(Reporter.java:110)
at com.framework.selenium.api.base.SeleniumBase.takeSnap(SeleniumBase.java:848)
at com.framework.utils.Reporter.reportStep(Reporter.java:87)
at com.framework.utils.Reporter.reportStep(Reporter.java:110)
at com.framework.selenium.api.base.SeleniumBase.takeSnap(SeleniumBase.java:848)
at com.framework.utils.Reporter.reportStep(Reporter.java:87)
at com.framework.utils.Reporter.reportStep(Reporter.java:110)
at com.framework.selenium.api.base.SeleniumBase.takeSnap(SeleniumBase.java:848)
at com.framework.utils.Reporter.reportStep(Reporter.java:87)
at com.framework.utils.Reporter.reportStep(Reporter.java:110)
at com.framework.selenium.api.base.SeleniumBase.takeSnap(SeleniumBase.java:848)
at com.framework.utils.Reporter.reportStep(Reporter.java:87)
at com.framework.utils.Reporter.reportStep(Reporter.java:110)
at com.framework.selenium.api.base.SeleniumBase.takeSnap(SeleniumBase.java:848)
at com.framework.utils.Reporter.reportStep(Reporter.java:87)
at com.framework.utils.Reporter.reportStep(Reporter.java:110)
at com.framework.selenium.api.base.SeleniumBase.takeSnap(SeleniumBase.java:848)
at com.framework.utils.Reporter.reportStep(Reporter.java:87)
at com.framework.utils.Reporter.reportStep(Reporter.java:110)
at com.framework.selenium.api.base.SeleniumBase.takeSnap(SeleniumBase.java:848)
at com.framework.utils.Reporter.reportStep(Reporter.java:87)
at com.framework.utils.Reporter.reportStep(Reporter.java:110)
at com.framework.selenium.api.base.SeleniumBase.takeSnap(SeleniumBase.java:848)
at com.framework.utils.Reporter.reportStep(Reporter.java:87)
at com.framework.utils.Reporter.reportStep(Reporter.java:110)
at com.framework.selenium.api.base.SeleniumBase.takeSnap(SeleniumBase.java:848)
at com.framework.utils.Reporter.reportStep(Reporter.java:87)
at com.framework.utils.Reporter.reportStep(Reporter.java:110)
at com.framework.selenium.api.base.SeleniumBase.takeSnap(SeleniumBase.java:848)
at com.framework.utils.Reporter.reportStep(Reporter.java:87)
at com.framework.utils.Reporter.reportStep(Reporter.java:110)
at com.framework.selenium.api.base.SeleniumBase.takeSnap(SeleniumBase.java:848)
at com.framework.utils.Reporter.reportStep(Reporter.java:87)
at com.framework.utils.Reporter.reportStep(Reporter.java:110)
at com.framework.selenium.api.base.SeleniumBase.takeSnap(SeleniumBase.java:848)
at com.framework.utils.Reporter.reportStep(Reporter.java:87)
at com.framework.utils.Reporter.reportStep(Reporter.java:110)
at com.framework.selenium.api.base.SeleniumBase.takeSnap(SeleniumBase.java:848)
at com.framework.utils.Reporter.reportStep(Reporter.java:87)
at com.framework.utils.Reporter.reportStep(Reporter.java:110)
at com.framework.selenium.api.base.SeleniumBase.takeSnap(SeleniumBase.java:848)
at com.framework.utils.Reporter.reportStep(Reporter.java:87)
at com.framework.utils.Reporter.reportStep(Reporter.java:110)
at com.framework.selenium.api.base.SeleniumBase.takeSnap(SeleniumBase.java:848)
at com.framework.utils.Reporter.reportStep(Reporter.java:87)
at com.framework.utils.Reporter.reportStep(Reporter.java:110)
at com.framework.selenium.api.base.SeleniumBase.takeSnap(SeleniumBase.java:848)
at com.framework.utils.Reporter.reportStep(Reporter.java:87)
at com.framework.utils.Reporter.reportStep(Reporter.java:110)
at com.framework.selenium.api.base.SeleniumBase.takeSnap(SeleniumBase.java:848)
at com.framework.utils.Reporter.reportStep(Reporter.java:87)
at com.framework.utils.Reporter.reportStep(Reporter.java:110)
at com.framework.selenium.api.base.SeleniumBase.takeSnap(SeleniumBase.java:848)
at com.framework.utils.Reporter.reportStep(Reporter.java:87)
at com.framework.utils.Reporter.reportStep(Reporter.java:110)
at com.framework.selenium.api.base.SeleniumBase.takeSnap(SeleniumBase.java:848)
at com.framework.utils.Reporter.reportStep(Reporter.java:87)
at com.framework.utils.Reporter.reportStep(Reporter.java:110)
at com.framework.selenium.api.base.SeleniumBase.takeSnap(SeleniumBase.java:848)
at com.framework.utils.Reporter.reportStep(Reporter.java:87)
at com.framework.utils.Reporter.reportStep(Reporter.java:110)
at com.framework.selenium.api.base.SeleniumBase.takeSnap(SeleniumBase.java:848)
at com.framework.utils.Reporter.reportStep(Reporter.java:87)
at com.framework.utils.Reporter.reportStep(Reporter.java:110)
at com.framework.selenium.api.base.SeleniumBase.takeSnap(SeleniumBase.java:848)
at com.framework.utils.Reporter.reportStep(Reporter.java:87)
at com.framework.utils.Reporter.reportStep(Reporter.java:110)
at com.framework.selenium.api.base.SeleniumBase.takeSnap(SeleniumBase.java:848)
at com.framework.utils.Reporter.reportStep(Reporter.java:87)
at com.framework.utils.Reporter.reportStep(Reporter.java:110)
at com.framework.selenium.api.base.SeleniumBase.takeSnap(SeleniumBase.java:848)
at com.framework.utils.Reporter.reportStep(Reporter.java:87)
at com.framework.utils.Reporter.reportStep(Reporter.java:110)
at com.framework.selenium.api.base.SeleniumBase.takeSnap(SeleniumBase.java:848)
at com.framework.utils.Reporter.reportStep(Reporter.java:87)
at com.framework.utils.Reporter.reportStep(Reporter.java:110)
at com.framework.selenium.api.base.SeleniumBase.takeSnap(SeleniumBase.java:848)
at com.framework.utils.Reporter.reportStep(Reporter.java:87)
at com.framework.utils.Reporter.reportStep(Reporter.java:110)
at com.framework.selenium.api.base.SeleniumBase.takeSnap(SeleniumBase.java:848)
at com.framework.utils.Reporter.reportStep(Reporter.java:87)
at com.framework.utils.Reporter.reportStep(Reporter.java:110)
at com.framework.selenium.api.base.SeleniumBase.takeSnap(SeleniumBase.java:848)
at com.framework.utils.Reporter.reportStep(Reporter.java:87)
at com.framework.utils.Reporter.reportStep(Reporter.java:110)
at com.framework.selenium.api.base.SeleniumBase.takeSnap(SeleniumBase.java:848)
at com.framework.utils.Reporter.reportStep(Reporter.java:87)
at com.framework.utils.Reporter.reportStep(Reporter.java:110)
at com.framework.selenium.api.base.SeleniumBase.takeSnap(SeleniumBase.java:848)
at com.framework.utils.Reporter.reportStep(Reporter.java:87)
at com.framework.utils.Reporter.reportStep(Reporter.java:110)
at com.framework.selenium.api.base.SeleniumBase.takeSnap(SeleniumBase.java:848)
at com.framework.utils.Reporter.reportStep(Reporter.java:87)
at com.framework.utils.Reporter.reportStep(Reporter.java:110)
at com.framework.selenium.api.base.SeleniumBase.takeSnap(SeleniumBase.java:848)
at com.framework.utils.Reporter.reportStep(Reporter.java:87)
at com.framework.utils.Reporter.reportStep(Reporter.java:110)
at com.framework.selenium.api.base.SeleniumBase.takeSnap(SeleniumBase.java:848)
at com.framework.utils.Reporter.reportStep(Reporter.java:87)
at com.framework.utils.Reporter.reportStep(Reporter.java:110)
at com.framework.selenium.api.base.SeleniumBase.takeSnap(SeleniumBase.java:848)
at com.framework.utils.Reporter.reportStep(Reporter.java:87)
at com.framework.utils.Reporter.reportStep(Reporter.java:110)
at com.framework.selenium.api.base.SeleniumBase.takeSnap(SeleniumBase.java:848)
at com.framework.utils.Reporter.reportStep(Reporter.java:87)
at com.framework.utils.Reporter.reportStep(Reporter.java:110)
at com.framework.selenium.api.base.SeleniumBase.takeSnap(SeleniumBase.java:848)
at com.framework.utils.Reporter.reportStep(Reporter.java:87)
at com.framework.utils.Reporter.reportStep(Reporter.java:110)
at com.framework.selenium.api.base.SeleniumBase.takeSnap(SeleniumBase.java:848)
at com.framework.utils.Reporter.reportStep(Reporter.java:87)
at com.framework.utils.Reporter.reportStep(Reporter.java:110)
at com.framework.selenium.api.base.SeleniumBase.takeSnap(SeleniumBase.java:848)
at com.framework.utils.Reporter.reportStep(Reporter.java:87)
at com.framework.utils.Reporter.reportStep(Reporter.java:110)
at com.framework.selenium.api.base.SeleniumBase.takeSnap(SeleniumBase.java:848)
at com.framework.utils.Reporter.reportStep(Reporter.java:87)
at com.framework.utils.Reporter.reportStep(Reporter.java:110)
at com.framework.selenium.api.base.SeleniumBase.takeSnap(SeleniumBase.java:848)
at com.framework.utils.Reporter.reportStep(Reporter.java:87)
at com.framework.utils.Reporter.reportStep(Reporter.java:110)
at com.framework.selenium.api.base.SeleniumBase.takeSnap(SeleniumBase.java:848)
at com.framework.utils.Reporter.reportStep(Reporter.java:87)
at com.framework.utils.Reporter.reportStep(Reporter.java:110)
at com.framework.selenium.api.base.SeleniumBase.takeSnap(SeleniumBase.java:848)
at com.framework.utils.Reporter.reportStep(Reporter.java:87)
at com.framework.utils.Reporter.reportStep(Reporter.java:110)
at com.framework.selenium.api.base.SeleniumBase.takeSnap(SeleniumBase.java:848)
at com.framework.utils.Reporter.reportStep(Reporter.java:87)
at com.framework.utils.Reporter.reportStep(Reporter.java:110)
at com.framework.selenium.api.base.SeleniumBase.takeSnap(SeleniumBase.java:848)
at com.framework.utils.Reporter.reportStep(Reporter.java:87)
at com.framework.utils.Reporter.reportStep(Reporter.java:110)
at com.framework.selenium.api.base.SeleniumBase.takeSnap(SeleniumBase.java:848)
at com.framework.utils.Reporter.reportStep(Reporter.java:87)
at com.framework.utils.Reporter.reportStep(Reporter.java:110)
at com.framework.selenium.api.base.SeleniumBase.takeSnap(SeleniumBase.java:848)
at com.framework.utils.Reporter.reportStep(Reporter.java:87)
at com.framework.utils.Reporter.reportStep(Reporter.java:110)
at com.framework.selenium.api.base.SeleniumBase.takeSnap(SeleniumBase.java:848)
at com.framework.utils.Reporter.reportStep(Reporter.java:87)
at com.framework.utils.Reporter.reportStep(Reporter.java:110)
at com.framework.selenium.api.base.SeleniumBase.takeSnap(SeleniumBase.java:848)
at com.framework.utils.Reporter.reportStep(Reporter.java:87)
at com.framework.utils.Reporter.reportStep(Reporter.java:110)
at com.framework.selenium.api.base.SeleniumBase.takeSnap(SeleniumBase.java:848)
at com.framework.utils.Reporter.reportStep(Reporter.java:87)
at com.framework.utils.Reporter.reportStep(Reporter.java:110)
at com.framework.selenium.api.base.SeleniumBase.takeSnap(SeleniumBase.java:848)
at com.framework.utils.Reporter.reportStep(Reporter.java:87)
at com.framework.utils.Reporter.reportStep(Reporter.java:110)
at com.framework.selenium.api.base.SeleniumBase.takeSnap(SeleniumBase.java:848)
at com.framework.utils.Reporter.reportStep(Reporter.java:87)
at com.framework.utils.Reporter.reportStep(Reporter.java:110)
at com.framework.selenium.api.base.SeleniumBase.takeSnap(SeleniumBase.java:848)
at com.framework.utils.Reporter.reportStep(Reporter.java:87)
at com.framework.utils.Reporter.reportStep(Reporter.java:110)
at com.framework.selenium.api.base.SeleniumBase.takeSnap(SeleniumBase.java:848)
at com.framework.utils.Reporter.reportStep(Reporter.java:87)
at com.framework.utils.Reporter.reportStep(Reporter.java:110)
at com.framework.selenium.api.base.SeleniumBase.takeSnap(SeleniumBase.java:848)
at com.framework.utils.Reporter.reportStep(Reporter.java:87)
at com.framework.utils.Reporter.reportStep(Reporter.java:110)
at com.framework.selenium.api.base.SeleniumBase.takeSnap(SeleniumBase.java:848)
at com.framework.utils.Reporter.reportStep(Reporter.java:87)
at com.framework.utils.Reporter.reportStep(Reporter.java:110)
at com.framework.selenium.api.base.SeleniumBase.takeSnap(SeleniumBase.java:848)
at com.framework.utils.Reporter.reportStep(Reporter.java:87)
at com.framework.utils.Reporter.reportStep(Reporter.java:110)
at com.framework.selenium.api.base.SeleniumBase.takeSnap(SeleniumBase.java:848)
at com.framework.utils.Reporter.reportStep(Reporter.java:87)
at com.framework.utils.Reporter.reportStep(Reporter.java:110)
at com.framework.selenium.api.base.SeleniumBase.takeSnap(SeleniumBase.java:848)
at com.framework.utils.Reporter.reportStep(Reporter.java:87)
at com.framework.utils.Reporter.reportStep(Reporter.java:110)
at com.framework.selenium.api.base.SeleniumBase.takeSnap(SeleniumBase.java:848)
at com.framework.utils.Reporter.reportStep(Reporter.java:87)
at com.framework.utils.Reporter.reportStep(Reporter.java:110)
at com.framework.selenium.api.base.SeleniumBase.takeSnap(SeleniumBase.java:848)
at com.framework.utils.Reporter.reportStep(Reporter.java:87)
at com.framework.utils.Reporter.reportStep(Reporter.java:110)
at com.framework.selenium.api.base.SeleniumBase.takeSnap(SeleniumBase.java:848)
at com.framework.utils.Reporter.reportStep(Reporter.java:87)
at com.framework.utils.Reporter.reportStep(Reporter.java:110)
at com.framework.selenium.api.base.SeleniumBase.takeSnap(SeleniumBase.java:848)
at com.framework.utils.Reporter.reportStep(Reporter.java:87)
at com.framework.utils.Reporter.reportStep(Reporter.java:110)
at com.framework.selenium.api.base.SeleniumBase.takeSnap(SeleniumBase.java:848)
at com.framework.utils.Reporter.reportStep(Reporter.java:87)
at com.framework.utils.Reporter.reportStep(Reporter.java:110)
at com.framework.selenium.api.base.SeleniumBase.takeSnap(SeleniumBase.java:848)
at com.framework.utils.Reporter.reportStep(Reporter.java:87)
at com.framework.utils.Reporter.reportStep(Reporter.java:110)
at com.framework.selenium.api.base.SeleniumBase.takeSnap(SeleniumBase.java:848)
at com.framework.utils.Reporter.reportStep(Reporter.java:87)
at com.framework.utils.Reporter.reportStep(Reporter.java:110)
at com.framework.selenium.api.base.SeleniumBase.takeSnap(SeleniumBase.java:848)
at com.framework.utils.Reporter.reportStep(Reporter.java:87)
at com.framework.utils.Reporter.reportStep(Reporter.java:110)
at com.framework.selenium.api.base.SeleniumBase.takeSnap(SeleniumBase.java:848)
at com.framework.utils.Reporter.reportStep(Reporter.java:87)
at com.framework.utils.Reporter.reportStep(Reporter.java:110)
at com.framework.selenium.api.base.SeleniumBase.takeSnap(SeleniumBase.java:848)
at com.framework.utils.Reporter.reportStep(Reporter.java:87)
at com.framework.utils.Reporter.reportStep(Reporter.java:110)
at com.framework.selenium.api.base.SeleniumBase.takeSnap(SeleniumBase.java:848)
at com.framework.utils.Reporter.reportStep(Reporter.java:87)
at com.framework.utils.Reporter.reportStep(Reporter.java:110)
at com.framework.selenium.api.base.SeleniumBase.takeSnap(SeleniumBase.java:848)
at com.framework.utils.Reporter.reportStep(Reporter.java:87)
at com.framework.utils.Reporter.reportStep(Reporter.java:110)
at com.framework.selenium.api.base.SeleniumBase.takeSnap(SeleniumBase.java:848)
at com.framework.utils.Reporter.reportStep(Reporter.java:87)
at com.framework.utils.Reporter.reportStep(Reporter.java:110)
at com.framework.selenium.api.base.SeleniumBase.takeSnap(SeleniumBase.java:848)
at com.framework.utils.Reporter.reportStep(Reporter.java:87)
at com.framework.utils.Reporter.reportStep(Reporter.java:110)
at com.framework.selenium.api.base.SeleniumBase.takeSnap(SeleniumBase.java:848)
at com.framework.utils.Reporter.reportStep(Reporter.java:87)
at com.framework.utils.Reporter.reportStep(Reporter.java:110)
at com.framework.selenium.api.base.SeleniumBase.takeSnap(SeleniumBase.java:848)
at com.framework.utils.Reporter.reportStep(Reporter.java:87)
at com.framework.utils.Reporter.reportStep(Reporter.java:110)
at com.framework.selenium.api.base.SeleniumBase.takeSnap(SeleniumBase.java:848)
at com.framework.utils.Reporter.reportStep(Reporter.java:87)
at com.framework.utils.Reporter.reportStep(Reporter.java:110)
at com.framework.selenium.api.base.SeleniumBase.takeSnap(SeleniumBase.java:848)
at com.framework.utils.Reporter.reportStep(Reporter.java:87)
at com.framework.utils.Reporter.reportStep(Reporter.java:110)
at com.framework.selenium.api.base.SeleniumBase.takeSnap(SeleniumBase.java:848)
at com.framework.utils.Reporter.reportStep(Reporter.java:87)
at com.framework.utils.Reporter.reportStep(Reporter.java:110)
at com.framework.selenium.api.base.SeleniumBase.takeSnap(SeleniumBase.java:848)
at com.framework.utils.Reporter.reportStep(Reporter.java:87)
at com.framework.utils.Reporter.reportStep(Reporter.java:110)
at com.framework.selenium.api.base.SeleniumBase.takeSnap(SeleniumBase.java:848)
at com.framework.utils.Reporter.reportStep(Reporter.java:87)
at com.framework.utils.Reporter.reportStep(Reporter.java:110)
at com.framework.selenium.api.base.SeleniumBase.takeSnap(SeleniumBase.java:848)
at com.framework.utils.Reporter.reportStep(Reporter.java:87)
at com.framework.utils.Reporter.reportStep(Reporter.java:110)
at com.framework.selenium.api.base.SeleniumBase.takeSnap(SeleniumBase.java:848)
at com.framework.utils.Reporter.reportStep(Reporter.java:87)
at com.framework.utils.Reporter.reportStep(Reporter.java:110)
at com.framework.selenium.api.base.SeleniumBase.takeSnap(SeleniumBase.java:848)
at com.framework.utils.Reporter.reportStep(Reporter.java:87)
at com.framework.utils.Reporter.reportStep(Reporter.java:110)
at com.framework.selenium.api.base.SeleniumBase.takeSnap(SeleniumBase.java:848)
at com.framework.utils.Reporter.reportStep(Reporter.java:87)
at com.framework.utils.Reporter.reportStep(Reporter.java:110)
at com.framework.selenium.api.base.SeleniumBase.takeSnap(SeleniumBase.java:848)
]]>
            </full-stacktrace>
          </exception> <!-- java.lang.StackOverflowError -->
          <reporter-output>
          </reporter-output>
        </test-method> <!-- preCondition -->
        <test-method status="SKIP" signature="runLogin(java.lang.String,java.lang.String)[pri:0, instance:com.leaftaps.testcases.TC001_VerifyLogin@1baae6e]" name="runLogin" duration-ms="0" started-at="2023-05-16T22:00:58 IST" data-provider="fetchData" finished-at="2023-05-16T22:00:58 IST">
          <params>
            <param index="0">
              <value>
                <![CDATA[DemoCSR]]>
              </value>
            </param>
            <param index="1">
              <value>
                <![CDATA[crmsfa]]>
              </value>
            </param>
          </params>
          <exception class="java.lang.StackOverflowError">
            <full-stacktrace>
              <![CDATA[java.lang.StackOverflowError
at com.framework.selenium.api.base.SeleniumBase.takeSnap(SeleniumBase.java:840)
at com.framework.utils.Reporter.reportStep(Reporter.java:87)
at com.framework.utils.Reporter.reportStep(Reporter.java:110)
at com.framework.selenium.api.base.SeleniumBase.takeSnap(SeleniumBase.java:848)
at com.framework.utils.Reporter.reportStep(Reporter.java:87)
at com.framework.utils.Reporter.reportStep(Reporter.java:110)
at com.framework.selenium.api.base.SeleniumBase.takeSnap(SeleniumBase.java:848)
at com.framework.utils.Reporter.reportStep(Reporter.java:87)
at com.framework.utils.Reporter.reportStep(Reporter.java:110)
at com.framework.selenium.api.base.SeleniumBase.takeSnap(SeleniumBase.java:848)
at com.framework.utils.Reporter.reportStep(Reporter.java:87)
at com.framework.utils.Reporter.reportStep(Reporter.java:110)
at com.framework.selenium.api.base.SeleniumBase.takeSnap(SeleniumBase.java:848)
at com.framework.utils.Reporter.reportStep(Reporter.java:87)
at com.framework.utils.Reporter.reportStep(Reporter.java:110)
at com.framework.selenium.api.base.SeleniumBase.takeSnap(SeleniumBase.java:848)
at com.framework.utils.Reporter.reportStep(Reporter.java:87)
at com.framework.utils.Reporter.reportStep(Reporter.java:110)
at com.framework.selenium.api.base.SeleniumBase.takeSnap(SeleniumBase.java:848)
at com.framework.utils.Reporter.reportStep(Reporter.java:87)
at com.framework.utils.Reporter.reportStep(Reporter.java:110)
at com.framework.selenium.api.base.SeleniumBase.takeSnap(SeleniumBase.java:848)
at com.framework.utils.Reporter.reportStep(Reporter.java:87)
at com.framework.utils.Reporter.reportStep(Reporter.java:110)
at com.framework.selenium.api.base.SeleniumBase.takeSnap(SeleniumBase.java:848)
at com.framework.utils.Reporter.reportStep(Reporter.java:87)
at com.framework.utils.Reporter.reportStep(Reporter.java:110)
at com.framework.selenium.api.base.SeleniumBase.takeSnap(SeleniumBase.java:848)
at com.framework.utils.Reporter.reportStep(Reporter.java:87)
at com.framework.utils.Reporter.reportStep(Reporter.java:110)
at com.framework.selenium.api.base.SeleniumBase.takeSnap(SeleniumBase.java:848)
at com.framework.utils.Reporter.reportStep(Reporter.java:87)
at com.framework.utils.Reporter.reportStep(Reporter.java:110)
at com.framework.selenium.api.base.SeleniumBase.takeSnap(SeleniumBase.java:848)
at com.framework.utils.Reporter.reportStep(Reporter.java:87)
at com.framework.utils.Reporter.reportStep(Reporter.java:110)
at com.framework.selenium.api.base.SeleniumBase.takeSnap(SeleniumBase.java:848)
at com.framework.utils.Reporter.reportStep(Reporter.java:87)
at com.framework.utils.Reporter.reportStep(Reporter.java:110)
at com.framework.selenium.api.base.SeleniumBase.takeSnap(SeleniumBase.java:848)
at com.framework.utils.Reporter.reportStep(Reporter.java:87)
at com.framework.utils.Reporter.reportStep(Reporter.java:110)
at com.framework.selenium.api.base.SeleniumBase.takeSnap(SeleniumBase.java:848)
at com.framework.utils.Reporter.reportStep(Reporter.java:87)
at com.framework.utils.Reporter.reportStep(Reporter.java:110)
at com.framework.selenium.api.base.SeleniumBase.takeSnap(SeleniumBase.java:848)
at com.framework.utils.Reporter.reportStep(Reporter.java:87)
at com.framework.utils.Reporter.reportStep(Reporter.java:110)
at com.framework.selenium.api.base.SeleniumBase.takeSnap(SeleniumBase.java:848)
at com.framework.utils.Reporter.reportStep(Reporter.java:87)
at com.framework.utils.Reporter.reportStep(Reporter.java:110)
at com.framework.selenium.api.base.SeleniumBase.takeSnap(SeleniumBase.java:848)
at com.framework.utils.Reporter.reportStep(Reporter.java:87)
at com.framework.utils.Reporter.reportStep(Reporter.java:110)
at com.framework.selenium.api.base.SeleniumBase.takeSnap(SeleniumBase.java:848)
at com.framework.utils.Reporter.reportStep(Reporter.java:87)
at com.framework.utils.Reporter.reportStep(Reporter.java:110)
at com.framework.selenium.api.base.SeleniumBase.takeSnap(SeleniumBase.java:848)
at com.framework.utils.Reporter.reportStep(Reporter.java:87)
at com.framework.utils.Reporter.reportStep(Reporter.java:110)
at com.framework.selenium.api.base.SeleniumBase.takeSnap(SeleniumBase.java:848)
at com.framework.utils.Reporter.reportStep(Reporter.java:87)
at com.framework.utils.Reporter.reportStep(Reporter.java:110)
at com.framework.selenium.api.base.SeleniumBase.takeSnap(SeleniumBase.java:848)
at com.framework.utils.Reporter.reportStep(Reporter.java:87)
at com.framework.utils.Reporter.reportStep(Reporter.java:110)
at com.framework.selenium.api.base.SeleniumBase.takeSnap(SeleniumBase.java:848)
at com.framework.utils.Reporter.reportStep(Reporter.java:87)
at com.framework.utils.Reporter.reportStep(Reporter.java:110)
at com.framework.selenium.api.base.SeleniumBase.takeSnap(SeleniumBase.java:848)
at com.framework.utils.Reporter.reportStep(Reporter.java:87)
at com.framework.utils.Reporter.reportStep(Reporter.java:110)
at com.framework.selenium.api.base.SeleniumBase.takeSnap(SeleniumBase.java:848)
at com.framework.utils.Reporter.reportStep(Reporter.java:87)
at com.framework.utils.Reporter.reportStep(Reporter.java:110)
at com.framework.selenium.api.base.SeleniumBase.takeSnap(SeleniumBase.java:848)
at com.framework.utils.Reporter.reportStep(Reporter.java:87)
at com.framework.utils.Reporter.reportStep(Reporter.java:110)
at com.framework.selenium.api.base.SeleniumBase.takeSnap(SeleniumBase.java:848)
at com.framework.utils.Reporter.reportStep(Reporter.java:87)
at com.framework.utils.Reporter.reportStep(Reporter.java:110)
at com.framework.selenium.api.base.SeleniumBase.takeSnap(SeleniumBase.java:848)
at com.framework.utils.Reporter.reportStep(Reporter.java:87)
at com.framework.utils.Reporter.reportStep(Reporter.java:110)
at com.framework.selenium.api.base.SeleniumBase.takeSnap(SeleniumBase.java:848)
at com.framework.utils.Reporter.reportStep(Reporter.java:87)
at com.framework.utils.Reporter.reportStep(Reporter.java:110)
at com.framework.selenium.api.base.SeleniumBase.takeSnap(SeleniumBase.java:848)
at com.framework.utils.Reporter.reportStep(Reporter.java:87)
at com.framework.utils.Reporter.reportStep(Reporter.java:110)
at com.framework.selenium.api.base.SeleniumBase.takeSnap(SeleniumBase.java:848)
at com.framework.utils.Reporter.reportStep(Reporter.java:87)
at com.framework.utils.Reporter.reportStep(Reporter.java:110)
at com.framework.selenium.api.base.SeleniumBase.takeSnap(SeleniumBase.java:848)
at com.framework.utils.Reporter.reportStep(Reporter.java:87)
at com.framework.utils.Reporter.reportStep(Reporter.java:110)
at com.framework.selenium.api.base.SeleniumBase.takeSnap(SeleniumBase.java:848)
at com.framework.utils.Reporter.reportStep(Reporter.java:87)
at com.framework.utils.Reporter.reportStep(Reporter.java:110)
at com.framework.selenium.api.base.SeleniumBase.takeSnap(SeleniumBase.java:848)
at com.framework.utils.Reporter.reportStep(Reporter.java:87)
at com.framework.utils.Reporter.reportStep(Reporter.java:110)
at com.framework.selenium.api.base.SeleniumBase.takeSnap(SeleniumBase.java:848)
at com.framework.utils.Reporter.reportStep(Reporter.java:87)
at com.framework.utils.Reporter.reportStep(Reporter.java:110)
at com.framework.selenium.api.base.SeleniumBase.takeSnap(SeleniumBase.java:848)
at com.framework.utils.Reporter.reportStep(Reporter.java:87)
at com.framework.utils.Reporter.reportStep(Reporter.java:110)
at com.framework.selenium.api.base.SeleniumBase.takeSnap(SeleniumBase.java:848)
at com.framework.utils.Reporter.reportStep(Reporter.java:87)
at com.framework.utils.Reporter.reportStep(Reporter.java:110)
at com.framework.selenium.api.base.SeleniumBase.takeSnap(SeleniumBase.java:848)
at com.framework.utils.Reporter.reportStep(Reporter.java:87)
at com.framework.utils.Reporter.reportStep(Reporter.java:110)
at com.framework.selenium.api.base.SeleniumBase.takeSnap(SeleniumBase.java:848)
[...]
at com.framework.utils.Reporter.reportStep(Reporter.java:87)
at com.framework.utils.Reporter.reportStep(Reporter.java:110)
at com.framework.selenium.api.base.SeleniumBase.takeSnap(SeleniumBase.java:848)
at com.framework.utils.Reporter.reportStep(Reporter.java:87)
at com.framework.utils.Reporter.reportStep(Reporter.java:110)
at com.framework.selenium.api.base.SeleniumBase.takeSnap(SeleniumBase.java:848)
at com.framework.utils.Reporter.reportStep(Reporter.java:87)
at com.framework.utils.Reporter.reportStep(Reporter.java:110)
at com.framework.selenium.api.base.SeleniumBase.takeSnap(SeleniumBase.java:848)
at com.framework.utils.Reporter.reportStep(Reporter.java:87)
at com.framework.utils.Reporter.reportStep(Reporter.java:110)
at com.framework.selenium.api.base.SeleniumBase.takeSnap(SeleniumBase.java:848)
at com.framework.utils.Reporter.reportStep(Reporter.java:87)
at com.framework.utils.Reporter.reportStep(Reporter.java:110)
at com.framework.selenium.api.base.SeleniumBase.takeSnap(SeleniumBase.java:848)
at com.framework.utils.Reporter.reportStep(Reporter.java:87)
at com.framework.utils.Reporter.reportStep(Reporter.java:110)
at com.framework.selenium.api.base.SeleniumBase.takeSnap(SeleniumBase.java:848)
at com.framework.utils.Reporter.reportStep(Reporter.java:87)
at com.framework.utils.Reporter.reportStep(Reporter.java:110)
at com.framework.selenium.api.base.SeleniumBase.takeSnap(SeleniumBase.java:848)
at com.framework.utils.Reporter.reportStep(Reporter.java:87)
at com.framework.utils.Reporter.reportStep(Reporter.java:110)
at com.framework.selenium.api.base.SeleniumBase.takeSnap(SeleniumBase.java:848)
at com.framework.utils.Reporter.reportStep(Reporter.java:87)
at com.framework.utils.Reporter.reportStep(Reporter.java:110)
at com.framework.selenium.api.base.SeleniumBase.takeSnap(SeleniumBase.java:848)
at com.framework.utils.Reporter.reportStep(Reporter.java:87)
at com.framework.utils.Reporter.reportStep(Reporter.java:110)
at com.framework.selenium.api.base.SeleniumBase.takeSnap(SeleniumBase.java:848)
at com.framework.utils.Reporter.reportStep(Reporter.java:87)
at com.framework.utils.Reporter.reportStep(Reporter.java:110)
at com.framework.selenium.api.base.SeleniumBase.takeSnap(SeleniumBase.java:848)
at com.framework.utils.Reporter.reportStep(Reporter.java:87)
at com.framework.utils.Reporter.reportStep(Reporter.java:110)
at com.framework.selenium.api.base.SeleniumBase.takeSnap(SeleniumBase.java:848)
at com.framework.utils.Reporter.reportStep(Reporter.java:87)
at com.framework.utils.Reporter.reportStep(Reporter.java:110)
at com.framework.selenium.api.base.SeleniumBase.takeSnap(SeleniumBase.java:848)
at com.framework.utils.Reporter.reportStep(Reporter.java:87)
at com.framework.utils.Reporter.reportStep(Reporter.java:110)
at com.framework.selenium.api.base.SeleniumBase.takeSnap(SeleniumBase.java:848)
at com.framework.utils.Reporter.reportStep(Reporter.java:87)
at com.framework.utils.Reporter.reportStep(Reporter.java:110)
at com.framework.selenium.api.base.SeleniumBase.takeSnap(SeleniumBase.java:848)
at com.framework.utils.Reporter.reportStep(Reporter.java:87)
at com.framework.utils.Reporter.reportStep(Reporter.java:110)
at com.framework.selenium.api.base.SeleniumBase.takeSnap(SeleniumBase.java:848)
at com.framework.utils.Reporter.reportStep(Reporter.java:87)
at com.framework.utils.Reporter.reportStep(Reporter.java:110)
at com.framework.selenium.api.base.SeleniumBase.takeSnap(SeleniumBase.java:848)
at com.framework.utils.Reporter.reportStep(Reporter.java:87)
at com.framework.utils.Reporter.reportStep(Reporter.java:110)
at com.framework.selenium.api.base.SeleniumBase.takeSnap(SeleniumBase.java:848)
at com.framework.utils.Reporter.reportStep(Reporter.java:87)
at com.framework.utils.Reporter.reportStep(Reporter.java:110)
at com.framework.selenium.api.base.SeleniumBase.takeSnap(SeleniumBase.java:848)
at com.framework.utils.Reporter.reportStep(Reporter.java:87)
at com.framework.utils.Reporter.reportStep(Reporter.java:110)
at com.framework.selenium.api.base.SeleniumBase.takeSnap(SeleniumBase.java:848)
at com.framework.utils.Reporter.reportStep(Reporter.java:87)
at com.framework.utils.Reporter.reportStep(Reporter.java:110)
at com.framework.selenium.api.base.SeleniumBase.takeSnap(SeleniumBase.java:848)
at com.framework.utils.Reporter.reportStep(Reporter.java:87)
at com.framework.utils.Reporter.reportStep(Reporter.java:110)
at com.framework.selenium.api.base.SeleniumBase.takeSnap(SeleniumBase.java:848)
at com.framework.utils.Reporter.reportStep(Reporter.java:87)
at com.framework.utils.Reporter.reportStep(Reporter.java:110)
at com.framework.selenium.api.base.SeleniumBase.takeSnap(SeleniumBase.java:848)
at com.framework.utils.Reporter.reportStep(Reporter.java:87)
at com.framework.utils.Reporter.reportStep(Reporter.java:110)
at com.framework.selenium.api.base.SeleniumBase.takeSnap(SeleniumBase.java:848)
at com.framework.utils.Reporter.reportStep(Reporter.java:87)
at com.framework.utils.Reporter.reportStep(Reporter.java:110)
at com.framework.selenium.api.base.SeleniumBase.takeSnap(SeleniumBase.java:848)
at com.framework.utils.Reporter.reportStep(Reporter.java:87)
at com.framework.utils.Reporter.reportStep(Reporter.java:110)
at com.framework.selenium.api.base.SeleniumBase.takeSnap(SeleniumBase.java:848)
at com.framework.utils.Reporter.reportStep(Reporter.java:87)
at com.framework.utils.Reporter.reportStep(Reporter.java:110)
at com.framework.selenium.api.base.SeleniumBase.takeSnap(SeleniumBase.java:848)
at com.framework.utils.Reporter.reportStep(Reporter.java:87)
at com.framework.utils.Reporter.reportStep(Reporter.java:110)
at com.framework.selenium.api.base.SeleniumBase.takeSnap(SeleniumBase.java:848)
at com.framework.utils.Reporter.reportStep(Reporter.java:87)
at com.framework.utils.Reporter.reportStep(Reporter.java:110)
at com.framework.selenium.api.base.SeleniumBase.takeSnap(SeleniumBase.java:848)
at com.framework.utils.Reporter.reportStep(Reporter.java:87)
at com.framework.utils.Reporter.reportStep(Reporter.java:110)
at com.framework.selenium.api.base.SeleniumBase.takeSnap(SeleniumBase.java:848)
at com.framework.utils.Reporter.reportStep(Reporter.java:87)
at com.framework.utils.Reporter.reportStep(Reporter.java:110)
at com.framework.selenium.api.base.SeleniumBase.takeSnap(SeleniumBase.java:848)
at com.framework.utils.Reporter.reportStep(Reporter.java:87)
at com.framework.utils.Reporter.reportStep(Reporter.java:110)
at com.framework.selenium.api.base.SeleniumBase.takeSnap(SeleniumBase.java:848)
at com.framework.utils.Reporter.reportStep(Reporter.java:87)
at com.framework.utils.Reporter.reportStep(Reporter.java:110)
at com.framework.selenium.api.base.SeleniumBase.takeSnap(SeleniumBase.java:848)
at com.framework.utils.Reporter.reportStep(Reporter.java:87)
at com.framework.utils.Reporter.reportStep(Reporter.java:110)
at com.framework.selenium.api.base.SeleniumBase.takeSnap(SeleniumBase.java:848)
at com.framework.utils.Reporter.reportStep(Reporter.java:87)
at com.framework.utils.Reporter.reportStep(Reporter.java:110)
at com.framework.selenium.api.base.SeleniumBase.takeSnap(SeleniumBase.java:848)
at com.framework.utils.Reporter.reportStep(Reporter.java:87)
at com.framework.utils.Reporter.reportStep(Reporter.java:110)
at com.framework.selenium.api.base.SeleniumBase.takeSnap(SeleniumBase.java:848)
at com.framework.utils.Reporter.reportStep(Reporter.java:87)
at com.framework.utils.Reporter.reportStep(Reporter.java:110)
at com.framework.selenium.api.base.SeleniumBase.takeSnap(SeleniumBase.java:848)
at com.framework.utils.Reporter.reportStep(Reporter.java:87)
at com.framework.utils.Reporter.reportStep(Reporter.java:110)
at com.framework.selenium.api.base.SeleniumBase.takeSnap(SeleniumBase.java:848)
at com.framework.utils.Reporter.reportStep(Reporter.java:87)
at com.framework.utils.Reporter.reportStep(Reporter.java:110)
at com.framework.selenium.api.base.SeleniumBase.takeSnap(SeleniumBase.java:848)
at com.framework.utils.Reporter.reportStep(Reporter.java:87)
at com.framework.utils.Reporter.reportStep(Reporter.java:110)
at com.framework.selenium.api.base.SeleniumBase.takeSnap(SeleniumBase.java:848)
at com.framework.utils.Reporter.reportStep(Reporter.java:87)
at com.framework.utils.Reporter.reportStep(Reporter.java:110)
at com.framework.selenium.api.base.SeleniumBase.takeSnap(SeleniumBase.java:848)
at com.framework.utils.Reporter.reportStep(Reporter.java:87)
at com.framework.utils.Reporter.reportStep(Reporter.java:110)
at com.framework.selenium.api.base.SeleniumBase.takeSnap(SeleniumBase.java:848)
at com.framework.utils.Reporter.reportStep(Reporter.java:87)
at com.framework.utils.Reporter.reportStep(Reporter.java:110)
at com.framework.selenium.api.base.SeleniumBase.takeSnap(SeleniumBase.java:848)
at com.framework.utils.Reporter.reportStep(Reporter.java:87)
at com.framework.utils.Reporter.reportStep(Reporter.java:110)
at com.framework.selenium.api.base.SeleniumBase.takeSnap(SeleniumBase.java:848)
at com.framework.utils.Reporter.reportStep(Reporter.java:87)
at com.framework.utils.Reporter.reportStep(Reporter.java:110)
at com.framework.selenium.api.base.SeleniumBase.takeSnap(SeleniumBase.java:848)
at com.framework.utils.Reporter.reportStep(Reporter.java:87)
at com.framework.utils.Reporter.reportStep(Reporter.java:110)
at com.framework.selenium.api.base.SeleniumBase.takeSnap(SeleniumBase.java:848)
at com.framework.utils.Reporter.reportStep(Reporter.java:87)
at com.framework.utils.Reporter.reportStep(Reporter.java:110)
at com.framework.selenium.api.base.SeleniumBase.takeSnap(SeleniumBase.java:848)
at com.framework.utils.Reporter.reportStep(Reporter.java:87)
at com.framework.utils.Reporter.reportStep(Reporter.java:110)
at com.framework.selenium.api.base.SeleniumBase.takeSnap(SeleniumBase.java:848)
at com.framework.utils.Reporter.reportStep(Reporter.java:87)
at com.framework.utils.Reporter.reportStep(Reporter.java:110)
at com.framework.selenium.api.base.SeleniumBase.takeSnap(SeleniumBase.java:848)
at com.framework.utils.Reporter.reportStep(Reporter.java:87)
at com.framework.utils.Reporter.reportStep(Reporter.java:110)
at com.framework.selenium.api.base.SeleniumBase.takeSnap(SeleniumBase.java:848)
at com.framework.utils.Reporter.reportStep(Reporter.java:87)
at com.framework.utils.Reporter.reportStep(Reporter.java:110)
at com.framework.selenium.api.base.SeleniumBase.takeSnap(SeleniumBase.java:848)
at com.framework.utils.Reporter.reportStep(Reporter.java:87)
at com.framework.utils.Reporter.reportStep(Reporter.java:110)
at com.framework.selenium.api.base.SeleniumBase.takeSnap(SeleniumBase.java:848)
at com.framework.utils.Reporter.reportStep(Reporter.java:87)
at com.framework.utils.Reporter.reportStep(Reporter.java:110)
at com.framework.selenium.api.base.SeleniumBase.takeSnap(SeleniumBase.java:848)
at com.framework.utils.Reporter.reportStep(Reporter.java:87)
at com.framework.utils.Reporter.reportStep(Reporter.java:110)
at com.framework.selenium.api.base.SeleniumBase.takeSnap(SeleniumBase.java:848)
at com.framework.utils.Reporter.reportStep(Reporter.java:87)
at com.framework.utils.Reporter.reportStep(Reporter.java:110)
at com.framework.selenium.api.base.SeleniumBase.takeSnap(SeleniumBase.java:848)
at com.framework.utils.Reporter.reportStep(Reporter.java:87)
at com.framework.utils.Reporter.reportStep(Reporter.java:110)
at com.framework.selenium.api.base.SeleniumBase.takeSnap(SeleniumBase.java:848)
at com.framework.utils.Reporter.reportStep(Reporter.java:87)
at com.framework.utils.Reporter.reportStep(Reporter.java:110)
at com.framework.selenium.api.base.SeleniumBase.takeSnap(SeleniumBase.java:848)
at com.framework.utils.Reporter.reportStep(Reporter.java:87)
at com.framework.utils.Reporter.reportStep(Reporter.java:110)
at com.framework.selenium.api.base.SeleniumBase.takeSnap(SeleniumBase.java:848)
at com.framework.utils.Reporter.reportStep(Reporter.java:87)
at com.framework.utils.Reporter.reportStep(Reporter.java:110)
at com.framework.selenium.api.base.SeleniumBase.takeSnap(SeleniumBase.java:848)
at com.framework.utils.Reporter.reportStep(Reporter.java:87)
at com.framework.utils.Reporter.reportStep(Reporter.java:110)
at com.framework.selenium.api.base.SeleniumBase.takeSnap(SeleniumBase.java:848)
at com.framework.utils.Reporter.reportStep(Reporter.java:87)
at com.framework.utils.Reporter.reportStep(Reporter.java:110)
at com.framework.selenium.api.base.SeleniumBase.takeSnap(SeleniumBase.java:848)
at com.framework.utils.Reporter.reportStep(Reporter.java:87)
at com.framework.utils.Reporter.reportStep(Reporter.java:110)
at com.framework.selenium.api.base.SeleniumBase.takeSnap(SeleniumBase.java:848)
at com.framework.utils.Reporter.reportStep(Reporter.java:87)
at com.framework.utils.Reporter.reportStep(Reporter.java:110)
at com.framework.selenium.api.base.SeleniumBase.takeSnap(SeleniumBase.java:848)
at com.framework.utils.Reporter.reportStep(Reporter.java:87)
at com.framework.utils.Reporter.reportStep(Reporter.java:110)
at com.framework.selenium.api.base.SeleniumBase.takeSnap(SeleniumBase.java:848)
at com.framework.utils.Reporter.reportStep(Reporter.java:87)
at com.framework.utils.Reporter.reportStep(Reporter.java:110)
at com.framework.selenium.api.base.SeleniumBase.takeSnap(SeleniumBase.java:848)
at com.framework.utils.Reporter.reportStep(Reporter.java:87)
at com.framework.utils.Reporter.reportStep(Reporter.java:110)
at com.framework.selenium.api.base.SeleniumBase.takeSnap(SeleniumBase.java:848)
at com.framework.utils.Reporter.reportStep(Reporter.java:87)
at com.framework.utils.Reporter.reportStep(Reporter.java:110)
at com.framework.selenium.api.base.SeleniumBase.takeSnap(SeleniumBase.java:848)
at com.framework.utils.Reporter.reportStep(Reporter.java:87)
at com.framework.utils.Reporter.reportStep(Reporter.java:110)
at com.framework.selenium.api.base.SeleniumBase.takeSnap(SeleniumBase.java:848)
at com.framework.utils.Reporter.reportStep(Reporter.java:87)
at com.framework.utils.Reporter.reportStep(Reporter.java:110)
at com.framework.selenium.api.base.SeleniumBase.takeSnap(SeleniumBase.java:848)
at com.framework.utils.Reporter.reportStep(Reporter.java:87)
at com.framework.utils.Reporter.reportStep(Reporter.java:110)
at com.framework.selenium.api.base.SeleniumBase.takeSnap(SeleniumBase.java:848)
at com.framework.utils.Reporter.reportStep(Reporter.java:87)
at com.framework.utils.Reporter.reportStep(Reporter.java:110)
at com.framework.selenium.api.base.SeleniumBase.takeSnap(SeleniumBase.java:848)
at com.framework.utils.Reporter.reportStep(Reporter.java:87)
at com.framework.utils.Reporter.reportStep(Reporter.java:110)
at com.framework.selenium.api.base.SeleniumBase.takeSnap(SeleniumBase.java:848)
at com.framework.utils.Reporter.reportStep(Reporter.java:87)
at com.framework.utils.Reporter.reportStep(Reporter.java:110)
at com.framework.selenium.api.base.SeleniumBase.takeSnap(SeleniumBase.java:848)
at com.framework.utils.Reporter.reportStep(Reporter.java:87)
at com.framework.utils.Reporter.reportStep(Reporter.java:110)
at com.framework.selenium.api.base.SeleniumBase.takeSnap(SeleniumBase.java:848)
at com.framework.utils.Reporter.reportStep(Reporter.java:87)
at com.framework.utils.Reporter.reportStep(Reporter.java:110)
at com.framework.selenium.api.base.SeleniumBase.takeSnap(SeleniumBase.java:848)
at com.framework.utils.Reporter.reportStep(Reporter.java:87)
at com.framework.utils.Reporter.reportStep(Reporter.java:110)
at com.framework.selenium.api.base.SeleniumBase.takeSnap(SeleniumBase.java:848)
at com.framework.utils.Reporter.reportStep(Reporter.java:87)
at com.framework.utils.Reporter.reportStep(Reporter.java:110)
at com.framework.selenium.api.base.SeleniumBase.takeSnap(SeleniumBase.java:848)
at com.framework.utils.Reporter.reportStep(Reporter.java:87)
at com.framework.utils.Reporter.reportStep(Reporter.java:110)
at com.framework.selenium.api.base.SeleniumBase.takeSnap(SeleniumBase.java:848)
at com.framework.utils.Reporter.reportStep(Reporter.java:87)
at com.framework.utils.Reporter.reportStep(Reporter.java:110)
at com.framework.selenium.api.base.SeleniumBase.takeSnap(SeleniumBase.java:848)
at com.framework.utils.Reporter.reportStep(Reporter.java:87)
at com.framework.utils.Reporter.reportStep(Reporter.java:110)
at com.framework.selenium.api.base.SeleniumBase.takeSnap(SeleniumBase.java:848)
at com.framework.utils.Reporter.reportStep(Reporter.java:87)
at com.framework.utils.Reporter.reportStep(Reporter.java:110)
at com.framework.selenium.api.base.SeleniumBase.takeSnap(SeleniumBase.java:848)
at com.framework.utils.Reporter.reportStep(Reporter.java:87)
at com.framework.utils.Reporter.reportStep(Reporter.java:110)
at com.framework.selenium.api.base.SeleniumBase.takeSnap(SeleniumBase.java:848)
at com.framework.utils.Reporter.reportStep(Reporter.java:87)
at com.framework.utils.Reporter.reportStep(Reporter.java:110)
at com.framework.selenium.api.base.SeleniumBase.takeSnap(SeleniumBase.java:848)
at com.framework.utils.Reporter.reportStep(Reporter.java:87)
at com.framework.utils.Reporter.reportStep(Reporter.java:110)
at com.framework.selenium.api.base.SeleniumBase.takeSnap(SeleniumBase.java:848)
at com.framework.utils.Reporter.reportStep(Reporter.java:87)
at com.framework.utils.Reporter.reportStep(Reporter.java:110)
at com.framework.selenium.api.base.SeleniumBase.takeSnap(SeleniumBase.java:848)
at com.framework.utils.Reporter.reportStep(Reporter.java:87)
at com.framework.utils.Reporter.reportStep(Reporter.java:110)
at com.framework.selenium.api.base.SeleniumBase.takeSnap(SeleniumBase.java:848)
at com.framework.utils.Reporter.reportStep(Reporter.java:87)
at com.framework.utils.Reporter.reportStep(Reporter.java:110)
at com.framework.selenium.api.base.SeleniumBase.takeSnap(SeleniumBase.java:848)
at com.framework.utils.Reporter.reportStep(Reporter.java:87)
at com.framework.utils.Reporter.reportStep(Reporter.java:110)
at com.framework.selenium.api.base.SeleniumBase.takeSnap(SeleniumBase.java:848)
at com.framework.utils.Reporter.reportStep(Reporter.java:87)
at com.framework.utils.Reporter.reportStep(Reporter.java:110)
at com.framework.selenium.api.base.SeleniumBase.takeSnap(SeleniumBase.java:848)
at com.framework.utils.Reporter.reportStep(Reporter.java:87)
at com.framework.utils.Reporter.reportStep(Reporter.java:110)
at com.framework.selenium.api.base.SeleniumBase.takeSnap(SeleniumBase.java:848)
at com.framework.utils.Reporter.reportStep(Reporter.java:87)
at com.framework.utils.Reporter.reportStep(Reporter.java:110)
at com.framework.selenium.api.base.SeleniumBase.takeSnap(SeleniumBase.java:848)
at com.framework.utils.Reporter.reportStep(Reporter.java:87)
at com.framework.utils.Reporter.reportStep(Reporter.java:110)
at com.framework.selenium.api.base.SeleniumBase.takeSnap(SeleniumBase.java:848)
at com.framework.utils.Reporter.reportStep(Reporter.java:87)
at com.framework.utils.Reporter.reportStep(Reporter.java:110)
at com.framework.selenium.api.base.SeleniumBase.takeSnap(SeleniumBase.java:848)
at com.framework.utils.Reporter.reportStep(Reporter.java:87)
at com.framework.utils.Reporter.reportStep(Reporter.java:110)
at com.framework.selenium.api.base.SeleniumBase.takeSnap(SeleniumBase.java:848)
at com.framework.utils.Reporter.reportStep(Reporter.java:87)
at com.framework.utils.Reporter.reportStep(Reporter.java:110)
at com.framework.selenium.api.base.SeleniumBase.takeSnap(SeleniumBase.java:848)
]]>
            </full-stacktrace>
          </exception> <!-- java.lang.StackOverflowError -->
          <reporter-output>
          </reporter-output>
        </test-method> <!-- runLogin -->
        <test-method status="PASS" signature="endResult()[pri:0, instance:com.leaftaps.testcases.TC001_VerifyLogin@1baae6e]" name="endResult" is-config="true" duration-ms="851" started-at="2023-05-16T22:00:59 IST" finished-at="2023-05-16T22:01:00 IST">
          <reporter-output>
          </reporter-output>
        </test-method> <!-- endResult -->
      </class> <!-- com.leaftaps.testcases.TC001_VerifyLogin -->
    </test> <!-- Test -->
  </suite> <!-- Suite -->
</testng-results>
